     1 00000000                                 [FORMAT "WCOFF"]
     2 00000000                                 [INSTRSET "i486p"]
     3 00000000                                 [OPTIMIZE 1]
     4 00000000                                 [OPTION 1]
     5 00000000                                 [BITS 32]
     6 00000000                                 	EXTERN	_init_gdtidt
     7 00000000                                 	EXTERN	_init_pic
     8 00000000                                 	EXTERN	_io_sti
     9 00000000                                 	EXTERN	_fifo32_init
    10 00000000                                 	EXTERN	_init_pit
    11 00000000                                 	EXTERN	_init_keyboard
    12 00000000                                 	EXTERN	_enable_mouse
    13 00000000                                 	EXTERN	_io_out8
    14 00000000                                 	EXTERN	_memtest
    15 00000000                                 	EXTERN	_memman_init
    16 00000000                                 	EXTERN	_memman_free
    17 00000000                                 	EXTERN	_init_palette
    18 00000000                                 	EXTERN	_shtctl_init
    19 00000000                                 	EXTERN	_task_init
    20 00000000                                 	EXTERN	_task_run
    21 00000000                                 	EXTERN	_sheet_alloc
    22 00000000                                 	EXTERN	_memman_alloc_4k
    23 00000000                                 	EXTERN	_sheet_setbuf
    24 00000000                                 	EXTERN	_init_screen8
    25 00000000                                 	EXTERN	_init_mouse_cursor8
    26 00000000                                 	EXTERN	_sheet_slide
    27 00000000                                 	EXTERN	_sheet_updown
    28 00000000                                 	EXTERN	_fifo32_put
    29 00000000                                 	EXTERN	_file_readfat
    30 00000000                                 	EXTERN	_file_search
    31 00000000                                 	EXTERN	_file_loadfile2
    32 00000000                                 	EXTERN	_memman_free_4k
    33 00000000                                 	EXTERN	_fifo32_status
    34 00000000                                 	EXTERN	_io_cli
    35 00000000                                 	EXTERN	_fifo32_get
    36 00000000                                 	EXTERN	_sheet_free
    37 00000000                                 	EXTERN	_taskctl
    38 00000000                                 	EXTERN	_mouse_decode
    39 00000000                                 	EXTERN	_cons_putstr0
    40 00000000                                 	EXTERN	_asm_end_app
    41 00000000                                 	EXTERN	_keytable0.0
    42 00000000                                 	EXTERN	_wait_KBC_sendready
    43 00000000                                 	EXTERN	_keytable1.1
    44 00000000                                 	EXTERN	_task_sleep
    45 00000000                                 	EXTERN	_hankaku
    46 00000000                                 	EXTERN	_change_wtitle8
    47 00000000                                 	EXTERN	_task_alloc
    48 00000000                                 	EXTERN	_console_task
    49 00000000                                 	EXTERN	_make_window8
    50 00000000                                 	EXTERN	_make_textbox8
    51 00000000                                 [FILE "bootpack.ca"]
    52                                          [SECTION .data]
    53 00000000                                 _keytable0.0:
    54 00000000 00                              	DB	0
    55 00000001 00                              	DB	0
    56 00000002 31                              	DB	49
    57 00000003 32                              	DB	50
    58 00000004 33                              	DB	51
    59 00000005 34                              	DB	52
    60 00000006 35                              	DB	53
    61 00000007 36                              	DB	54
    62 00000008 37                              	DB	55
    63 00000009 38                              	DB	56
    64 0000000A 39                              	DB	57
    65 0000000B 30                              	DB	48
    66 0000000C 2D                              	DB	45
    67 0000000D 5E                              	DB	94
    68 0000000E 08                              	DB	8
    69 0000000F 00                              	DB	0
    70 00000010 51                              	DB	81
    71 00000011 57                              	DB	87
    72 00000012 45                              	DB	69
    73 00000013 52                              	DB	82
    74 00000014 54                              	DB	84
    75 00000015 59                              	DB	89
    76 00000016 55                              	DB	85
    77 00000017 49                              	DB	73
    78 00000018 4F                              	DB	79
    79 00000019 50                              	DB	80
    80 0000001A 40                              	DB	64
    81 0000001B 5B                              	DB	91
    82 0000001C 0A                              	DB	10
    83 0000001D 00                              	DB	0
    84 0000001E 41                              	DB	65
    85 0000001F 53                              	DB	83
    86 00000020 44                              	DB	68
    87 00000021 46                              	DB	70
    88 00000022 47                              	DB	71
    89 00000023 48                              	DB	72
    90 00000024 4A                              	DB	74
    91 00000025 4B                              	DB	75
    92 00000026 4C                              	DB	76
    93 00000027 3B                              	DB	59
    94 00000028 3A                              	DB	58
    95 00000029 00                              	DB	0
    96 0000002A 00                              	DB	0
    97 0000002B 5D                              	DB	93
    98 0000002C 5A                              	DB	90
    99 0000002D 58                              	DB	88
   100 0000002E 43                              	DB	67
   101 0000002F 56                              	DB	86
   102 00000030 42                              	DB	66
   103 00000031 4E                              	DB	78
   104 00000032 4D                              	DB	77
   105 00000033 2C                              	DB	44
   106 00000034 2E                              	DB	46
   107 00000035 2F                              	DB	47
   108 00000036 00                              	DB	0
   109 00000037 2A                              	DB	42
   110 00000038 00                              	DB	0
   111 00000039 20                              	DB	32
   112 0000003A 00                              	DB	0
   113 0000003B 00                              	DB	0
   114 0000003C 00                              	DB	0
   115 0000003D 00                              	DB	0
   116 0000003E 00                              	DB	0
   117 0000003F 00                              	DB	0
   118 00000040 00                              	DB	0
   119 00000041 00                              	DB	0
   120 00000042 00                              	DB	0
   121 00000043 00                              	DB	0
   122 00000044 00                              	DB	0
   123 00000045 00                              	DB	0
   124 00000046 00                              	DB	0
   125 00000047 37                              	DB	55
   126 00000048 38                              	DB	56
   127 00000049 39                              	DB	57
   128 0000004A 2D                              	DB	45
   129 0000004B 34                              	DB	52
   130 0000004C 35                              	DB	53
   131 0000004D 36                              	DB	54
   132 0000004E 2B                              	DB	43
   133 0000004F 31                              	DB	49
   134 00000050 32                              	DB	50
   135 00000051 33                              	DB	51
   136 00000052 30                              	DB	48
   137 00000053 2E                              	DB	46
   138 00000054 00                              	DB	0
   139 00000055 00                              	DB	0
   140 00000056 00                              	DB	0
   141 00000057 00                              	DB	0
   142 00000058 00                              	DB	0
   143 00000059 00                              	DB	0
   144 0000005A 00                              	DB	0
   145 0000005B 00                              	DB	0
   146 0000005C 00                              	DB	0
   147 0000005D 00                              	DB	0
   148 0000005E 00                              	DB	0
   149 0000005F 00                              	DB	0
   150 00000060 00                              	DB	0
   151 00000061 00                              	DB	0
   152 00000062 00                              	DB	0
   153 00000063 00                              	DB	0
   154 00000064 00                              	DB	0
   155 00000065 00                              	DB	0
   156 00000066 00                              	DB	0
   157 00000067 00                              	DB	0
   158 00000068 00                              	DB	0
   159 00000069 00                              	DB	0
   160 0000006A 00                              	DB	0
   161 0000006B 00                              	DB	0
   162 0000006C 00                              	DB	0
   163 0000006D 00                              	DB	0
   164 0000006E 00                              	DB	0
   165 0000006F 00                              	DB	0
   166 00000070 00                              	DB	0
   167 00000071 00                              	DB	0
   168 00000072 00                              	DB	0
   169 00000073 5C                              	DB	92
   170 00000074 00                              	DB	0
   171 00000075 00                              	DB	0
   172 00000076 00                              	DB	0
   173 00000077 00                              	DB	0
   174 00000078 00                              	DB	0
   175 00000079 00                              	DB	0
   176 0000007A 00                              	DB	0
   177 0000007B 00                              	DB	0
   178 0000007C 00                              	DB	0
   179 0000007D 5C                              	DB	92
   180 0000007E 00                              	DB	0
   181 0000007F 00                              	DB	0
   182 00000080                                 _keytable1.1:
   183 00000080 00                              	DB	0
   184 00000081 00                              	DB	0
   185 00000082 21                              	DB	33
   186 00000083 22                              	DB	34
   187 00000084 23                              	DB	35
   188 00000085 24                              	DB	36
   189 00000086 25                              	DB	37
   190 00000087 26                              	DB	38
   191 00000088 27                              	DB	39
   192 00000089 28                              	DB	40
   193 0000008A 29                              	DB	41
   194 0000008B 7E                              	DB	126
   195 0000008C 3D                              	DB	61
   196 0000008D 7E                              	DB	126
   197 0000008E 08                              	DB	8
   198 0000008F 00                              	DB	0
   199 00000090 51                              	DB	81
   200 00000091 57                              	DB	87
   201 00000092 45                              	DB	69
   202 00000093 52                              	DB	82
   203 00000094 54                              	DB	84
   204 00000095 59                              	DB	89
   205 00000096 55                              	DB	85
   206 00000097 49                              	DB	73
   207 00000098 4F                              	DB	79
   208 00000099 50                              	DB	80
   209 0000009A 60                              	DB	96
   210 0000009B 7B                              	DB	123
   211 0000009C 0A                              	DB	10
   212 0000009D 00                              	DB	0
   213 0000009E 41                              	DB	65
   214 0000009F 53                              	DB	83
   215 000000A0 44                              	DB	68
   216 000000A1 46                              	DB	70
   217 000000A2 47                              	DB	71
   218 000000A3 48                              	DB	72
   219 000000A4 4A                              	DB	74
   220 000000A5 4B                              	DB	75
   221 000000A6 4C                              	DB	76
   222 000000A7 2B                              	DB	43
   223 000000A8 2A                              	DB	42
   224 000000A9 00                              	DB	0
   225 000000AA 00                              	DB	0
   226 000000AB 7D                              	DB	125
   227 000000AC 5A                              	DB	90
   228 000000AD 58                              	DB	88
   229 000000AE 43                              	DB	67
   230 000000AF 56                              	DB	86
   231 000000B0 42                              	DB	66
   232 000000B1 4E                              	DB	78
   233 000000B2 4D                              	DB	77
   234 000000B3 3C                              	DB	60
   235 000000B4 3E                              	DB	62
   236 000000B5 3F                              	DB	63
   237 000000B6 00                              	DB	0
   238 000000B7 2A                              	DB	42
   239 000000B8 00                              	DB	0
   240 000000B9 20                              	DB	32
   241 000000BA 00                              	DB	0
   242 000000BB 00                              	DB	0
   243 000000BC 00                              	DB	0
   244 000000BD 00                              	DB	0
   245 000000BE 00                              	DB	0
   246 000000BF 00                              	DB	0
   247 000000C0 00                              	DB	0
   248 000000C1 00                              	DB	0
   249 000000C2 00                              	DB	0
   250 000000C3 00                              	DB	0
   251 000000C4 00                              	DB	0
   252 000000C5 00                              	DB	0
   253 000000C6 00                              	DB	0
   254 000000C7 37                              	DB	55
   255 000000C8 38                              	DB	56
   256 000000C9 39                              	DB	57
   257 000000CA 2D                              	DB	45
   258 000000CB 34                              	DB	52
   259 000000CC 35                              	DB	53
   260 000000CD 36                              	DB	54
   261 000000CE 2B                              	DB	43
   262 000000CF 31                              	DB	49
   263 000000D0 32                              	DB	50
   264 000000D1 33                              	DB	51
   265 000000D2 30                              	DB	48
   266 000000D3 2E                              	DB	46
   267 000000D4 00                              	DB	0
   268 000000D5 00                              	DB	0
   269 000000D6 00                              	DB	0
   270 000000D7 00                              	DB	0
   271 000000D8 00                              	DB	0
   272 000000D9 00                              	DB	0
   273 000000DA 00                              	DB	0
   274 000000DB 00                              	DB	0
   275 000000DC 00                              	DB	0
   276 000000DD 00                              	DB	0
   277 000000DE 00                              	DB	0
   278 000000DF 00                              	DB	0
   279 000000E0 00                              	DB	0
   280 000000E1 00                              	DB	0
   281 000000E2 00                              	DB	0
   282 000000E3 00                              	DB	0
   283 000000E4 00                              	DB	0
   284 000000E5 00                              	DB	0
   285 000000E6 00                              	DB	0
   286 000000E7 00                              	DB	0
   287 000000E8 00                              	DB	0
   288 000000E9 00                              	DB	0
   289 000000EA 00                              	DB	0
   290 000000EB 00                              	DB	0
   291 000000EC 00                              	DB	0
   292 000000ED 00                              	DB	0
   293 000000EE 00                              	DB	0
   294 000000EF 00                              	DB	0
   295 000000F0 00                              	DB	0
   296 000000F1 00                              	DB	0
   297 000000F2 00                              	DB	0
   298 000000F3 5F                              	DB	95
   299 000000F4 00                              	DB	0
   300 000000F5 00                              	DB	0
   301 000000F6 00                              	DB	0
   302 000000F7 00                              	DB	0
   303 000000F8 00                              	DB	0
   304 000000F9 00                              	DB	0
   305 000000FA 00                              	DB	0
   306 000000FB 00                              	DB	0
   307 000000FC 00                              	DB	0
   308 000000FD 7C                              	DB	124
   309 000000FE 00                              	DB	0
   310 000000FF 00                              	DB	0
   311 00000100                                 LC0:
   312 00000100 6E 69 68 6F 6E 67 6F 2E 66 6E   	DB	"nihongo.fnt",0x00
       0000010A 74 00 
   313 0000010C                                 LC1:
   314 0000010C 73 74 61 72 74 75 70 6D 2E 68   	DB	"startupm.hsf",0x00
       00000116 73 66 00 
   315 00000119                                 LC3:
   316 00000119 0A 42 72 65 61 6B 28 6D 6F 75   	DB	0x0A,"Break(mouse) :",0x0A,0x00
       00000123 73 65 29 20 3A 0A 00 
   317 0000012A                                 LC2:
   318 0000012A 0A 42 72 65 61 6B 28 6B 65 79   	DB	0x0A,"Break(key) :",0x0A,0x00
       00000134 29 20 3A 0A 00 
   319                                          [SECTION .text]
   320 00000000                                 	GLOBAL	_CHNMain
   321 00000000                                 _CHNMain:
   322 00000000 55                              	PUSH	EBP
   323 00000001 89 E5                           	MOV	EBP,ESP
   324 00000003 57                              	PUSH	EDI
   325 00000004 56                              	PUSH	ESI
   326 00000005 53                              	PUSH	EBX
   327 00000006 8D 5D A4                        	LEA	EBX,DWORD [-92+EBP]
   328 00000009 81 EC 00000458                  	SUB	ESP,1112
   329 0000000F C7 85 FFFFFBE0 FFFFFFFF         	MOV	DWORD [-1056+EBP],-1
   330 00000019 C7 85 FFFFFBDC 00000000         	MOV	DWORD [-1060+EBP],0
   331 00000023 C7 85 FFFFFBD8 7FFFFFFF         	MOV	DWORD [-1064+EBP],2147483647
   332 0000002D C7 85 FFFFFBD4 00000000         	MOV	DWORD [-1068+EBP],0
   333 00000037 C7 85 FFFFFBC4 00000000         	MOV	DWORD [-1084+EBP],0
   334 00000041 A0 00000FF1                     	MOV	AL,BYTE [4081]
   335 00000046 C0 F8 04                        	SAR	AL,4
   336 00000049 89 C2                           	MOV	EDX,EAX
   337 0000004B 83 E2 07                        	AND	EDX,7
   338 0000004E 89 95 FFFFFBC0                  	MOV	DWORD [-1088+EBP],EDX
   339 00000054 C7 85 FFFFFBBC FFFFFFFF         	MOV	DWORD [-1092+EBP],-1
   340 0000005E C7 85 FFFFFBB8 FFFFFFFF         	MOV	DWORD [-1096+EBP],-1
   341 00000068 C7 85 FFFFFBB4 FFFFFFFF         	MOV	DWORD [-1100+EBP],-1
   342 00000072 C7 85 FFFFFBB0 00000000         	MOV	DWORD [-1104+EBP],0
   343 0000007C C7 85 FFFFFBAC 00000000         	MOV	DWORD [-1108+EBP],0
   344 00000086 E8 [00000000]                   	CALL	_init_gdtidt
   345 0000008B E8 [00000000]                   	CALL	_init_pic
   346 00000090 E8 [00000000]                   	CALL	_io_sti
   347 00000095 8D 85 FFFFFD84                  	LEA	EAX,DWORD [-636+EBP]
   348 0000009B 6A 00                           	PUSH	0
   349 0000009D 50                              	PUSH	EAX
   350 0000009E 68 00000080                     	PUSH	128
   351 000000A3 53                              	PUSH	EBX
   352 000000A4 E8 [00000000]                   	CALL	_fifo32_init
   353 000000A9 89 1D 00000FEC                  	MOV	DWORD [4076],EBX
   354 000000AF E8 [00000000]                   	CALL	_init_pit
   355 000000B4 68 00000100                     	PUSH	256
   356 000000B9 53                              	PUSH	EBX
   357 000000BA E8 [00000000]                   	CALL	_init_keyboard
   358 000000BF 8D 85 FFFFFCF4                  	LEA	EAX,DWORD [-780+EBP]
   359 000000C5 50                              	PUSH	EAX
   360 000000C6 68 00000200                     	PUSH	512
   361 000000CB 53                              	PUSH	EBX
   362 000000CC E8 [00000000]                   	CALL	_enable_mouse
   363 000000D1 83 C4 24                        	ADD	ESP,36
   364 000000D4 68 000000F8                     	PUSH	248
   365 000000D9 6A 21                           	PUSH	33
   366 000000DB E8 [00000000]                   	CALL	_io_out8
   367 000000E0 68 000000EF                     	PUSH	239
   368 000000E5 68 000000A1                     	PUSH	161
   369 000000EA E8 [00000000]                   	CALL	_io_out8
   370 000000EF 8D 85 FFFFFD04                  	LEA	EAX,DWORD [-764+EBP]
   371 000000F5 6A 00                           	PUSH	0
   372 000000F7 50                              	PUSH	EAX
   373 000000F8 8D 45 84                        	LEA	EAX,DWORD [-124+EBP]
   374 000000FB 6A 20                           	PUSH	32
   375 000000FD 50                              	PUSH	EAX
   376 000000FE E8 [00000000]                   	CALL	_fifo32_init
   377 00000103 83 C4 20                        	ADD	ESP,32
   378 00000106 68 BFFFFFFF                     	PUSH	-1073741825
   379 0000010B 68 00400000                     	PUSH	4194304
   380 00000110 E8 [00000000]                   	CALL	_memtest
   381 00000115 68 003C0000                     	PUSH	3932160
   382 0000011A 89 85 FFFFFBD0                  	MOV	DWORD [-1072+EBP],EAX
   383 00000120 E8 [00000000]                   	CALL	_memman_init
   384 00000125 68 0009E000                     	PUSH	647168
   385 0000012A 68 00001000                     	PUSH	4096
   386 0000012F 68 003C0000                     	PUSH	3932160
   387 00000134 E8 [00000000]                   	CALL	_memman_free
   388 00000139 8B 85 FFFFFBD0                  	MOV	EAX,DWORD [-1072+EBP]
   389 0000013F 2D 00400000                     	SUB	EAX,4194304
   390 00000144 50                              	PUSH	EAX
   391 00000145 68 00400000                     	PUSH	4194304
   392 0000014A 68 003C0000                     	PUSH	3932160
   393 0000014F E8 [00000000]                   	CALL	_memman_free
   394 00000154 83 C4 24                        	ADD	ESP,36
   395 00000157 E8 [00000000]                   	CALL	_init_palette
   396 0000015C 0F BF 05 00000FF6               	MOVSX	EAX,WORD [4086]
   397 00000163 50                              	PUSH	EAX
   398 00000164 0F BF 05 00000FF4               	MOVSX	EAX,WORD [4084]
   399 0000016B 50                              	PUSH	EAX
   400 0000016C FF 35 00000FF8                  	PUSH	DWORD [4088]
   401 00000172 68 003C0000                     	PUSH	3932160
   402 00000177 E8 [00000000]                   	CALL	_shtctl_init
   403 0000017C 68 003C0000                     	PUSH	3932160
   404 00000181 89 85 FFFFFBEC                  	MOV	DWORD [-1044+EBP],EAX
   405 00000187 E8 [00000000]                   	CALL	_task_init
   406 0000018C 6A 02                           	PUSH	2
   407 0000018E 6A 01                           	PUSH	1
   408 00000190 89 85 FFFFFBC8                  	MOV	DWORD [-1080+EBP],EAX
   409 00000196 50                              	PUSH	EAX
   410 00000197 89 45 BC                        	MOV	DWORD [-68+EBP],EAX
   411 0000019A E8 [00000000]                   	CALL	_task_run
   412 0000019F 83 C4 20                        	ADD	ESP,32
   413 000001A2 8B 85 FFFFFBC8                  	MOV	EAX,DWORD [-1080+EBP]
   414 000001A8 8B 95 FFFFFBEC                  	MOV	EDX,DWORD [-1044+EBP]
   415 000001AE 89 15 00000FE4                  	MOV	DWORD [4068],EDX
   416 000001B4 C6 80 00000128 00               	MOV	BYTE [296+EAX],0
   417 000001BB 52                              	PUSH	EDX
   418 000001BC E8 [00000000]                   	CALL	_sheet_alloc
   419 000001C1 89 C6                           	MOV	ESI,EAX
   420 000001C3 0F BF 15 00000FF6               	MOVSX	EDX,WORD [4086]
   421 000001CA 0F BF 05 00000FF4               	MOVSX	EAX,WORD [4084]
   422 000001D1 0F AF C2                        	IMUL	EAX,EDX
   423 000001D4 50                              	PUSH	EAX
   424 000001D5 68 003C0000                     	PUSH	3932160
   425 000001DA E8 [00000000]                   	CALL	_memman_alloc_4k
   426 000001DF 6A FF                           	PUSH	-1
   427 000001E1 89 C3                           	MOV	EBX,EAX
   428 000001E3 0F BF 05 00000FF6               	MOVSX	EAX,WORD [4086]
   429 000001EA 50                              	PUSH	EAX
   430 000001EB 0F BF 05 00000FF4               	MOVSX	EAX,WORD [4084]
   431 000001F2 50                              	PUSH	EAX
   432 000001F3 53                              	PUSH	EBX
   433 000001F4 56                              	PUSH	ESI
   434 000001F5 E8 [00000000]                   	CALL	_sheet_setbuf
   435 000001FA 83 C4 20                        	ADD	ESP,32
   436 000001FD 0F BF 05 00000FF6               	MOVSX	EAX,WORD [4086]
   437 00000204 50                              	PUSH	EAX
   438 00000205 0F BF 05 00000FF4               	MOVSX	EAX,WORD [4084]
   439 0000020C 50                              	PUSH	EAX
   440 0000020D 53                              	PUSH	EBX
   441 0000020E 8D 9D FFFFFBF4                  	LEA	EBX,DWORD [-1036+EBP]
   442 00000214 E8 [00000000]                   	CALL	_init_screen8
   443 00000219 FF B5 FFFFFBD0                  	PUSH	DWORD [-1072+EBP]
   444 0000021F FF B5 FFFFFBEC                  	PUSH	DWORD [-1044+EBP]
   445 00000225 E8 00000AFE                     	CALL	_open_console
   446 0000022A FF B5 FFFFFBEC                  	PUSH	DWORD [-1044+EBP]
   447 00000230 89 C7                           	MOV	EDI,EAX
   448 00000232 E8 [00000000]                   	CALL	_sheet_alloc
   449 00000237 6A 63                           	PUSH	99
   450 00000239 6A 10                           	PUSH	16
   451 0000023B 89 85 FFFFFBCC                  	MOV	DWORD [-1076+EBP],EAX
   452 00000241 6A 10                           	PUSH	16
   453 00000243 53                              	PUSH	EBX
   454 00000244 50                              	PUSH	EAX
   455 00000245 E8 [00000000]                   	CALL	_sheet_setbuf
   456 0000024A 83 C4 2C                        	ADD	ESP,44
   457 0000024D 6A 63                           	PUSH	99
   458 0000024F 53                              	PUSH	EBX
   459 00000250 BB 00000002                     	MOV	EBX,2
   460 00000255 E8 [00000000]                   	CALL	_init_mouse_cursor8
   461 0000025A 0F BF 05 00000FF4               	MOVSX	EAX,WORD [4084]
   462 00000261 8D 48 F0                        	LEA	ECX,DWORD [-16+EAX]
   463 00000264 89 C8                           	MOV	EAX,ECX
   464 00000266 99                              	CDQ
   465 00000267 F7 FB                           	IDIV	EBX
   466 00000269 89 85 FFFFFBE8                  	MOV	DWORD [-1048+EBP],EAX
   467 0000026F 0F BF 05 00000FF6               	MOVSX	EAX,WORD [4086]
   468 00000276 6A 00                           	PUSH	0
   469 00000278 8D 48 D4                        	LEA	ECX,DWORD [-44+EAX]
   470 0000027B 6A 00                           	PUSH	0
   471 0000027D 89 C8                           	MOV	EAX,ECX
   472 0000027F 56                              	PUSH	ESI
   473 00000280 99                              	CDQ
   474 00000281 F7 FB                           	IDIV	EBX
   475 00000283 89 85 FFFFFBE4                  	MOV	DWORD [-1052+EBP],EAX
   476 00000289 E8 [00000000]                   	CALL	_sheet_slide
   477 0000028E 6A 04                           	PUSH	4
   478 00000290 6A 20                           	PUSH	32
   479 00000292 57                              	PUSH	EDI
   480 00000293 E8 [00000000]                   	CALL	_sheet_slide
   481 00000298 83 C4 20                        	ADD	ESP,32
   482 0000029B FF B5 FFFFFBE4                  	PUSH	DWORD [-1052+EBP]
   483 000002A1 FF B5 FFFFFBE8                  	PUSH	DWORD [-1048+EBP]
   484 000002A7 FF B5 FFFFFBCC                  	PUSH	DWORD [-1076+EBP]
   485 000002AD E8 [00000000]                   	CALL	_sheet_slide
   486 000002B2 6A 00                           	PUSH	0
   487 000002B4 56                              	PUSH	ESI
   488 000002B5 E8 [00000000]                   	CALL	_sheet_updown
   489 000002BA 6A 01                           	PUSH	1
   490 000002BC 57                              	PUSH	EDI
   491 000002BD E8 [00000000]                   	CALL	_sheet_updown
   492 000002C2 6A 02                           	PUSH	2
   493 000002C4 FF B5 FFFFFBCC                  	PUSH	DWORD [-1076+EBP]
   494 000002CA E8 [00000000]                   	CALL	_sheet_updown
   495 000002CF 83 C4 24                        	ADD	ESP,36
   496 000002D2 57                              	PUSH	EDI
   497 000002D3 E8 0000097C                     	CALL	_keywin_on
   498 000002D8 8D 55 84                        	LEA	EDX,DWORD [-124+EBP]
   499 000002DB 68 000000ED                     	PUSH	237
   500 000002E0 52                              	PUSH	EDX
   501 000002E1 E8 [00000000]                   	CALL	_fifo32_put
   502 000002E6 8D 45 84                        	LEA	EAX,DWORD [-124+EBP]
   503 000002E9 FF B5 FFFFFBC0                  	PUSH	DWORD [-1088+EBP]
   504 000002EF 50                              	PUSH	EAX
   505 000002F0 E8 [00000000]                   	CALL	_fifo32_put
   506 000002F5 68 00002D00                     	PUSH	11520
   507 000002FA 68 003C0000                     	PUSH	3932160
   508 000002FF E8 [00000000]                   	CALL	_memman_alloc_4k
   509 00000304 68 00100200                     	PUSH	1049088
   510 00000309 50                              	PUSH	EAX
   511 0000030A 89 85 FFFFFBA8                  	MOV	DWORD [-1112+EBP],EAX
   512 00000310 E8 [00000000]                   	CALL	_file_readfat
   513 00000315 83 C4 24                        	ADD	ESP,36
   514 00000318 68 000000E0                     	PUSH	224
   515 0000031D 68 00102600                     	PUSH	1058304
   516 00000322 68 [00000100]                   	PUSH	LC0
   517 00000327 E8 [00000000]                   	CALL	_file_search
   518 0000032C 83 C4 0C                        	ADD	ESP,12
   519 0000032F 89 C2                           	MOV	EDX,EAX
   520 00000331 85 C0                           	TEST	EAX,EAX
   521 00000333 0F 84 00000883                  	JE	L2
   522 00000339 8B 40 1C                        	MOV	EAX,DWORD [28+EAX]
   523 0000033C 89 85 FFFFFBF0                  	MOV	DWORD [-1040+EBP],EAX
   524 00000342 8D 85 FFFFFBF0                  	LEA	EAX,DWORD [-1040+EBP]
   525 00000348 FF B5 FFFFFBA8                  	PUSH	DWORD [-1112+EBP]
   526 0000034E 50                              	PUSH	EAX
   527 0000034F 0F B7 42 1A                     	MOVZX	EAX,WORD [26+EDX]
   528 00000353 50                              	PUSH	EAX
   529 00000354 E8 [00000000]                   	CALL	_file_loadfile2
   530 00000359 83 C4 0C                        	ADD	ESP,12
   531 0000035C 89 C1                           	MOV	ECX,EAX
   532 0000035E                                 L3:
   533 0000035E 89 0D 00000FE8                  	MOV	DWORD [4072],ECX
   534 00000364 68 000000E0                     	PUSH	224
   535 00000369 68 00102600                     	PUSH	1058304
   536 0000036E 68 [0000010C]                   	PUSH	LC1
   537 00000373 E8 [00000000]                   	CALL	_file_search
   538 00000378 83 C4 0C                        	ADD	ESP,12
   539 0000037B 89 C2                           	MOV	EDX,EAX
   540 0000037D 85 C0                           	TEST	EAX,EAX
   541 0000037F 74 6A                           	JE	L14
   542 00000381 8B 40 1C                        	MOV	EAX,DWORD [28+EAX]
   543 00000384 31 F6                           	XOR	ESI,ESI
   544 00000386 FF B5 FFFFFBA8                  	PUSH	DWORD [-1112+EBP]
   545 0000038C 89 85 FFFFFBF0                  	MOV	DWORD [-1040+EBP],EAX
   546 00000392 8D 85 FFFFFBF0                  	LEA	EAX,DWORD [-1040+EBP]
   547 00000398 50                              	PUSH	EAX
   548 00000399 0F B7 42 1A                     	MOVZX	EAX,WORD [26+EDX]
   549 0000039D 50                              	PUSH	EAX
   550 0000039E E8 [00000000]                   	CALL	_file_loadfile2
   551 000003A3 83 C4 0C                        	ADD	ESP,12
   552 000003A6 89 C3                           	MOV	EBX,EAX
   553 000003A8 3B B5 FFFFFBF0                  	CMP	ESI,DWORD [-1040+EBP]
   554 000003AE 7D 27                           	JGE	L94
   555 000003B0                                 L20:
   556 000003B0 8A 04 1E                        	MOV	AL,BYTE [ESI+EBX*1]
   557 000003B3 3C 0D                           	CMP	AL,13
   558 000003B5 74 17                           	JE	L17
   559 000003B7 0F BE C0                        	MOVSX	EAX,AL
   560 000003BA 05 00000100                     	ADD	EAX,256
   561 000003BF 50                              	PUSH	EAX
   562 000003C0 8B 47 24                        	MOV	EAX,DWORD [36+EDI]
   563 000003C3 83 C0 10                        	ADD	EAX,16
   564 000003C6 50                              	PUSH	EAX
   565 000003C7 E8 [00000000]                   	CALL	_fifo32_put
   566 000003CC 59                              	POP	ECX
   567 000003CD 58                              	POP	EAX
   568 000003CE                                 L17:
   569 000003CE 46                              	INC	ESI
   570 000003CF 3B B5 FFFFFBF0                  	CMP	ESI,DWORD [-1040+EBP]
   571 000003D5 7C D9                           	JL	L20
   572 000003D7                                 L94:
   573 000003D7 FF B5 FFFFFBF0                  	PUSH	DWORD [-1040+EBP]
   574 000003DD 53                              	PUSH	EBX
   575 000003DE 68 003C0000                     	PUSH	3932160
   576 000003E3 E8 [00000000]                   	CALL	_memman_free_4k
   577 000003E8 83 C4 0C                        	ADD	ESP,12
   578 000003EB                                 L14:
   579 000003EB 68 00002D00                     	PUSH	11520
   580 000003F0 FF B5 FFFFFBA8                  	PUSH	DWORD [-1112+EBP]
   581 000003F6 68 003C0000                     	PUSH	3932160
   582 000003FB E8 [00000000]                   	CALL	_memman_free_4k
   583 00000400                                 L99:
   584 00000400 83 C4 0C                        	ADD	ESP,12
   585 00000403                                 L21:
   586 00000403 8D 5D 84                        	LEA	EBX,DWORD [-124+EBP]
   587 00000406 53                              	PUSH	EBX
   588 00000407 E8 [00000000]                   	CALL	_fifo32_status
   589 0000040C 5A                              	POP	EDX
   590 0000040D 85 C0                           	TEST	EAX,EAX
   591 0000040F 7E 0D                           	JLE	L24
   592 00000411 83 BD FFFFFBBC 00               	CMP	DWORD [-1092+EBP],0
   593 00000418 0F 88 00000778                  	JS	L103
   594 0000041E                                 L24:
   595 0000041E 8D 5D A4                        	LEA	EBX,DWORD [-92+EBP]
   596 00000421 E8 [00000000]                   	CALL	_io_cli
   597 00000426 53                              	PUSH	EBX
   598 00000427 E8 [00000000]                   	CALL	_fifo32_status
   599 0000042C 5E                              	POP	ESI
   600 0000042D 85 C0                           	TEST	EAX,EAX
   601 0000042F 0F 84 00000702                  	JE	L104
   602 00000435 53                              	PUSH	EBX
   603 00000436 E8 [00000000]                   	CALL	_fifo32_get
   604 0000043B 89 85 FFFFFBF0                  	MOV	DWORD [-1040+EBP],EAX
   605 00000441 E8 [00000000]                   	CALL	_io_sti
   606 00000446 5B                              	POP	EBX
   607 00000447 85 FF                           	TEST	EDI,EDI
   608 00000449 74 27                           	JE	L31
   609 0000044B 83 7F 1C 00                     	CMP	DWORD [28+EDI],0
   610 0000044F 75 21                           	JNE	L31
   611 00000451 8B 95 FFFFFBEC                  	MOV	EDX,DWORD [-1044+EBP]
   612 00000457 31 FF                           	XOR	EDI,EDI
   613 00000459 8B 42 10                        	MOV	EAX,DWORD [16+EDX]
   614 0000045C 83 F8 01                        	CMP	EAX,1
   615 0000045F 74 11                           	JE	L31
   616 00000461 8B 95 FFFFFBEC                  	MOV	EDX,DWORD [-1044+EBP]
   617 00000467 8B 7C 82 10                     	MOV	EDI,DWORD [16+EDX+EAX*4]
   618 0000046B 57                              	PUSH	EDI
   619 0000046C E8 000007E3                     	CALL	_keywin_on
   620 00000471 59                              	POP	ECX
   621 00000472                                 L31:
   622 00000472 8B 95 FFFFFBF0                  	MOV	EDX,DWORD [-1040+EBP]
   623 00000478 8D 82 FFFFFF00                  	LEA	EAX,DWORD [-256+EDX]
   624 0000047E 3D 000000FF                     	CMP	EAX,255
   625 00000483 0F 86 0000039B                  	JBE	L105
   626 00000489 8D 82 FFFFFE00                  	LEA	EAX,DWORD [-512+EDX]
   627 0000048F 3D 000000FF                     	CMP	EAX,255
   628 00000494 0F 86 00000093                  	JBE	L106
   629 0000049A 8D 82 FFFFFD00                  	LEA	EAX,DWORD [-768+EDX]
   630 000004A0 3D 000000FF                     	CMP	EAX,255
   631 000004A5 76 6E                           	JBE	L107
   632 000004A7 8D 82 FFFFFC00                  	LEA	EAX,DWORD [-1024+EDX]
   633 000004AD 3D 000003E7                     	CMP	EAX,999
   634 000004B2 76 43                           	JBE	L108
   635 000004B4 8D 82 FFFFF818                  	LEA	EAX,DWORD [-2024+EDX]
   636 000004BA 3D 000000FF                     	CMP	EAX,255
   637 000004BF 0F 87 FFFFFF3E                  	JA	L21
   638 000004C5 6B C2 28                        	IMUL	EAX,EDX,40
   639 000004C8 03 85 FFFFFBEC                  	ADD	EAX,DWORD [-1044+EBP]
   640 000004CE 68 0000A500                     	PUSH	42240
   641 000004D3 FF B0 FFFEC7D4                  	PUSH	DWORD [-79916+EAX]
   642 000004D9 68 003C0000                     	PUSH	3932160
   643 000004DE 8D 98 FFFEC7D4                  	LEA	EBX,DWORD [-79916+EAX]
   644 000004E4 E8 [00000000]                   	CALL	_memman_free_4k
   645 000004E9 53                              	PUSH	EBX
   646 000004EA E8 [00000000]                   	CALL	_sheet_free
   647 000004EF 83 C4 10                        	ADD	ESP,16
   648 000004F2 E9 FFFFFF0C                     	JMP	L21
   649 000004F7                                 L108:
   650 000004F7 69 D2 0000012C                  	IMUL	EDX,EDX,300
   651 000004FD 03 15 [00000000]                	ADD	EDX,DWORD [_taskctl]
   652 00000503 8D 82 FFFB5FFC                  	LEA	EAX,DWORD [-303108+EDX]
   653 00000509 50                              	PUSH	EAX
   654 0000050A E8 00000898                     	CALL	_close_constask
   655 0000050F                                 L98:
   656 0000050F 58                              	POP	EAX
   657 00000510 E9 FFFFFEEE                     	JMP	L21
   658 00000515                                 L107:
   659 00000515 6B C2 28                        	IMUL	EAX,EDX,40
   660 00000518 8B 95 FFFFFBEC                  	MOV	EDX,DWORD [-1044+EBP]
   661 0000051E 8D 84 10 FFFF8C14               	LEA	EAX,DWORD [-29676+EAX+EDX*1]
   662 00000525 50                              	PUSH	EAX
   663 00000526 E8 000008BC                     	CALL	_close_console
   664 0000052B EB E2                           	JMP	L98
   665 0000052D                                 L106:
   666 0000052D 0F B6 85 FFFFFBF0               	MOVZX	EAX,BYTE [-1040+EBP]
   667 00000534 50                              	PUSH	EAX
   668 00000535 8D 85 FFFFFCF4                  	LEA	EAX,DWORD [-780+EBP]
   669 0000053B 50                              	PUSH	EAX
   670 0000053C E8 [00000000]                   	CALL	_mouse_decode
   671 00000541 59                              	POP	ECX
   672 00000542 5B                              	POP	EBX
   673 00000543 85 C0                           	TEST	EAX,EAX
   674 00000545 0F 84 FFFFFEB8                  	JE	L21
   675 0000054B 8B 85 FFFFFCFC                  	MOV	EAX,DWORD [-772+EBP]
   676 00000551 8B 95 FFFFFCF8                  	MOV	EDX,DWORD [-776+EBP]
   677 00000557 01 85 FFFFFBE4                  	ADD	DWORD [-1052+EBP],EAX
   678 0000055D 01 95 FFFFFBE8                  	ADD	DWORD [-1048+EBP],EDX
   679 00000563 0F 88 000002AC                  	JS	L109
   680 00000569                                 L63:
   681 00000569 83 BD FFFFFBE4 00               	CMP	DWORD [-1052+EBP],0
   682 00000570 0F 88 00000290                  	JS	L110
   683 00000576                                 L64:
   684 00000576 0F BF 05 00000FF4               	MOVSX	EAX,WORD [4084]
   685 0000057D 48                              	DEC	EAX
   686 0000057E 39 85 FFFFFBE8                  	CMP	DWORD [-1048+EBP],EAX
   687 00000584 7E 06                           	JLE	L65
   688 00000586 89 85 FFFFFBE8                  	MOV	DWORD [-1048+EBP],EAX
   689 0000058C                                 L65:
   690 0000058C 0F BF 05 00000FF6               	MOVSX	EAX,WORD [4086]
   691 00000593 48                              	DEC	EAX
   692 00000594 39 85 FFFFFBE4                  	CMP	DWORD [-1052+EBP],EAX
   693 0000059A 7E 06                           	JLE	L66
   694 0000059C 89 85 FFFFFBE4                  	MOV	DWORD [-1052+EBP],EAX
   695 000005A2                                 L66:
   696 000005A2 8B 85 FFFFFBE8                  	MOV	EAX,DWORD [-1048+EBP]
   697 000005A8 8B 95 FFFFFBE4                  	MOV	EDX,DWORD [-1052+EBP]
   698 000005AE 89 85 FFFFFBE0                  	MOV	DWORD [-1056+EBP],EAX
   699 000005B4 89 95 FFFFFBDC                  	MOV	DWORD [-1060+EBP],EDX
   700 000005BA F7 85 FFFFFD00 00000001         	TEST	DWORD [-768+EBP],1
   701 000005C4 75 40                           	JNE	L111
   702 000005C6 C7 85 FFFFFBB8 FFFFFFFF         	MOV	DWORD [-1096+EBP],-1
   703 000005D0 81 BD FFFFFBD8 7FFFFFFF         	CMP	DWORD [-1064+EBP],2147483647
   704 000005DA 0F 84 FFFFFE23                  	JE	L21
   705 000005E0                                 L100:
   706 000005E0 FF B5 FFFFFBD4                  	PUSH	DWORD [-1068+EBP]
   707 000005E6 FF B5 FFFFFBD8                  	PUSH	DWORD [-1064+EBP]
   708 000005EC FF B5 FFFFFBAC                  	PUSH	DWORD [-1108+EBP]
   709 000005F2 E8 [00000000]                   	CALL	_sheet_slide
   710 000005F7 C7 85 FFFFFBD8 7FFFFFFF         	MOV	DWORD [-1064+EBP],2147483647
   711 00000601 E9 FFFFFDFA                     	JMP	L99
   712 00000606                                 L111:
   713 00000606 83 BD FFFFFBB8 00               	CMP	DWORD [-1096+EBP],0
   714 0000060D 78 46                           	JS	L112
   715 0000060F 8B B5 FFFFFBE8                  	MOV	ESI,DWORD [-1048+EBP]
   716 00000615 8B 85 FFFFFBB0                  	MOV	EAX,DWORD [-1104+EBP]
   717 0000061B 2B B5 FFFFFBB8                  	SUB	ESI,DWORD [-1096+EBP]
   718 00000621 8B 9D FFFFFBE4                  	MOV	EBX,DWORD [-1052+EBP]
   719 00000627 2B 9D FFFFFBB4                  	SUB	EBX,DWORD [-1100+EBP]
   720 0000062D 8B 95 FFFFFBE4                  	MOV	EDX,DWORD [-1052+EBP]
   721 00000633 8D 74 06 02                     	LEA	ESI,DWORD [2+ESI+EAX*1]
   722 00000637 89 95 FFFFFBB4                  	MOV	DWORD [-1100+EBP],EDX
   723 0000063D 89 B5 FFFFFBD8                  	MOV	DWORD [-1064+EBP],ESI
   724 00000643 01 9D FFFFFBD4                  	ADD	DWORD [-1068+EBP],EBX
   725 00000649 83 A5 FFFFFBD8 FC               	AND	DWORD [-1064+EBP],-4
   726 00000650 E9 FFFFFDAE                     	JMP	L21
   727 00000655                                 L112:
   728 00000655 8B 85 FFFFFBEC                  	MOV	EAX,DWORD [-1044+EBP]
   729 0000065B 8B 40 10                        	MOV	EAX,DWORD [16+EAX]
   730 0000065E 89 85 FFFFFBA0                  	MOV	DWORD [-1120+EBP],EAX
   731 00000664 89 C1                           	MOV	ECX,EAX
   732 00000666                                 L102:
   733 00000666 49                              	DEC	ECX
   734 00000667 85 C9                           	TEST	ECX,ECX
   735 00000669 0F 8E FFFFFD94                  	JLE	L21
   736 0000066F 8B 95 FFFFFBEC                  	MOV	EDX,DWORD [-1044+EBP]
   737 00000675 8B 9D FFFFFBE4                  	MOV	EBX,DWORD [-1052+EBP]
   738 0000067B 8B B5 FFFFFBE8                  	MOV	ESI,DWORD [-1048+EBP]
   739 00000681 8B 54 8A 14                     	MOV	EDX,DWORD [20+EDX+ECX*4]
   740 00000685 89 95 FFFFFBAC                  	MOV	DWORD [-1108+EBP],EDX
   741 0000068B 2B 5A 10                        	SUB	EBX,DWORD [16+EDX]
   742 0000068E 2B 72 0C                        	SUB	ESI,DWORD [12+EDX]
   743 00000691 78 D3                           	JS	L102
   744 00000693 8B 42 04                        	MOV	EAX,DWORD [4+EDX]
   745 00000696 39 C6                           	CMP	ESI,EAX
   746 00000698 7D CC                           	JGE	L102
   747 0000069A 85 DB                           	TEST	EBX,EBX
   748 0000069C 78 C8                           	JS	L102
   749 0000069E 3B 5A 08                        	CMP	EBX,DWORD [8+EDX]
   750 000006A1 7D C3                           	JGE	L102
   751 000006A3 0F AF C3                        	IMUL	EAX,EBX
   752 000006A6 89 85 FFFFFB9C                  	MOV	DWORD [-1124+EBP],EAX
   753 000006AC 8B 12                           	MOV	EDX,DWORD [EDX]
   754 000006AE 8B 85 FFFFFB9C                  	MOV	EAX,DWORD [-1124+EBP]
   755 000006B4 01 F0                           	ADD	EAX,ESI
   756 000006B6 0F B6 04 10                     	MOVZX	EAX,BYTE [EAX+EDX*1]
   757 000006BA 8B 95 FFFFFBAC                  	MOV	EDX,DWORD [-1108+EBP]
   758 000006C0 3B 42 14                        	CMP	EAX,DWORD [20+EDX]
   759 000006C3 74 A1                           	JE	L102
   760 000006C5 8B 85 FFFFFBA0                  	MOV	EAX,DWORD [-1120+EBP]
   761 000006CB 48                              	DEC	EAX
   762 000006CC 50                              	PUSH	EAX
   763 000006CD 52                              	PUSH	EDX
   764 000006CE E8 [00000000]                   	CALL	_sheet_updown
   765 000006D3 39 BD FFFFFBAC                  	CMP	DWORD [-1108+EBP],EDI
   766 000006D9 58                              	POP	EAX
   767 000006DA 5A                              	POP	EDX
   768 000006DB 74 14                           	JE	L75
   769 000006DD 57                              	PUSH	EDI
   770 000006DE E8 00000543                     	CALL	_keywin_off
   771 000006E3 8B BD FFFFFBAC                  	MOV	EDI,DWORD [-1108+EBP]
   772 000006E9 57                              	PUSH	EDI
   773 000006EA E8 00000565                     	CALL	_keywin_on
   774 000006EF 5A                              	POP	EDX
   775 000006F0 59                              	POP	ECX
   776 000006F1                                 L75:
   777 000006F1 83 FE 02                        	CMP	ESI,2
   778 000006F4 7E 50                           	JLE	L76
   779 000006F6 8B 95 FFFFFBAC                  	MOV	EDX,DWORD [-1108+EBP]
   780 000006FC 8B 42 04                        	MOV	EAX,DWORD [4+EDX]
   781 000006FF 83 E8 03                        	SUB	EAX,3
   782 00000702 39 C6                           	CMP	ESI,EAX
   783 00000704 7D 40                           	JGE	L76
   784 00000706 83 FB 02                        	CMP	EBX,2
   785 00000709 7E 3B                           	JLE	L76
   786 0000070B 83 FB 14                        	CMP	EBX,20
   787 0000070E 7F 36                           	JG	L76
   788 00000710 8B 85 FFFFFBE8                  	MOV	EAX,DWORD [-1048+EBP]
   789 00000716 8B 95 FFFFFBE4                  	MOV	EDX,DWORD [-1052+EBP]
   790 0000071C 89 85 FFFFFBB8                  	MOV	DWORD [-1096+EBP],EAX
   791 00000722 89 95 FFFFFBB4                  	MOV	DWORD [-1100+EBP],EDX
   792 00000728 8B 85 FFFFFBAC                  	MOV	EAX,DWORD [-1108+EBP]
   793 0000072E 8B 95 FFFFFBAC                  	MOV	EDX,DWORD [-1108+EBP]
   794 00000734 8B 40 0C                        	MOV	EAX,DWORD [12+EAX]
   795 00000737 8B 52 10                        	MOV	EDX,DWORD [16+EDX]
   796 0000073A 89 85 FFFFFBB0                  	MOV	DWORD [-1104+EBP],EAX
   797 00000740 89 95 FFFFFBD4                  	MOV	DWORD [-1068+EBP],EDX
   798 00000746                                 L76:
   799 00000746 8B 85 FFFFFBAC                  	MOV	EAX,DWORD [-1108+EBP]
   800 0000074C 8B 50 04                        	MOV	EDX,DWORD [4+EAX]
   801 0000074F 8D 42 EB                        	LEA	EAX,DWORD [-21+EDX]
   802 00000752 39 F0                           	CMP	EAX,ESI
   803 00000754 0F 8F FFFFFCA9                  	JG	L21
   804 0000075A 8D 42 FB                        	LEA	EAX,DWORD [-5+EDX]
   805 0000075D 39 C6                           	CMP	ESI,EAX
   806 0000075F 0F 8D FFFFFC9E                  	JGE	L21
   807 00000765 83 FB 04                        	CMP	EBX,4
   808 00000768 0F 8E FFFFFC95                  	JLE	L21
   809 0000076E 83 FB 12                        	CMP	EBX,18
   810 00000771 0F 8F FFFFFC8C                  	JG	L21
   811 00000777 8B 95 FFFFFBAC                  	MOV	EDX,DWORD [-1108+EBP]
   812 0000077D F6 42 1C 10                     	TEST	BYTE [28+EDX],16
   813 00000781 74 42                           	JE	L113
   814 00000783 8B 95 FFFFFBAC                  	MOV	EDX,DWORD [-1108+EBP]
   815 00000789 8B 5A 24                        	MOV	EBX,DWORD [36+EDX]
   816 0000078C 68 [00000119]                   	PUSH	LC3
   817 00000791 FF B3 00000110                  	PUSH	DWORD [272+EBX]
   818 00000797 E8 [00000000]                   	CALL	_cons_putstr0
   819 0000079C E8 [00000000]                   	CALL	_io_cli
   820 000007A1 8D 43 30                        	LEA	EAX,DWORD [48+EBX]
   821 000007A4 89 43 54                        	MOV	DWORD [84+EBX],EAX
   822 000007A7 C7 43 4C [00000000]             	MOV	DWORD [76+EBX],_asm_end_app
   823 000007AE E8 [00000000]                   	CALL	_io_sti
   824 000007B3 6A 00                           	PUSH	0
   825 000007B5 6A FF                           	PUSH	-1
   826 000007B7 53                              	PUSH	EBX
   827 000007B8 E8 [00000000]                   	CALL	_task_run
   828 000007BD 83 C4 14                        	ADD	ESP,20
   829 000007C0 E9 FFFFFC3E                     	JMP	L21
   830 000007C5                                 L113:
   831 000007C5 8B 5A 24                        	MOV	EBX,DWORD [36+EDX]
   832 000007C8 6A FF                           	PUSH	-1
   833 000007CA 52                              	PUSH	EDX
   834 000007CB E8 [00000000]                   	CALL	_sheet_updown
   835 000007D0 57                              	PUSH	EDI
   836 000007D1 E8 00000450                     	CALL	_keywin_off
   837 000007D6 8B 95 FFFFFBEC                  	MOV	EDX,DWORD [-1044+EBP]
   838 000007DC 8B 42 10                        	MOV	EAX,DWORD [16+EDX]
   839 000007DF 8B 7C 82 10                     	MOV	EDI,DWORD [16+EDX+EAX*4]
   840 000007E3 57                              	PUSH	EDI
   841 000007E4 E8 0000046B                     	CALL	_keywin_on
   842 000007E9 E8 [00000000]                   	CALL	_io_cli
   843 000007EE 8D 43 10                        	LEA	EAX,DWORD [16+EBX]
   844 000007F1 6A 04                           	PUSH	4
   845 000007F3 50                              	PUSH	EAX
   846 000007F4 E8 [00000000]                   	CALL	_fifo32_put
   847 000007F9 E8 [00000000]                   	CALL	_io_sti
   848 000007FE 83 C4 18                        	ADD	ESP,24
   849 00000801 E9 FFFFFBFD                     	JMP	L21
   850 00000806                                 L110:
   851 00000806 C7 85 FFFFFBE4 00000000         	MOV	DWORD [-1052+EBP],0
   852 00000810 E9 FFFFFD61                     	JMP	L64
   853 00000815                                 L109:
   854 00000815 C7 85 FFFFFBE8 00000000         	MOV	DWORD [-1048+EBP],0
   855 0000081F E9 FFFFFD45                     	JMP	L63
   856 00000824                                 L105:
   857 00000824 81 FA 0000017F                  	CMP	EDX,383
   858 0000082A 0F 8F 000002FE                  	JG	L35
   859 00000830 83 BD FFFFFBC4 00               	CMP	DWORD [-1084+EBP],0
   860 00000837 0F 85 000002E6                  	JNE	L36
   861 0000083D 8A 82 [FFFFFF00]                	MOV	AL,BYTE [_keytable0.0-256+EDX]
   862 00000843                                 L101:
   863 00000843 88 45 C4                        	MOV	BYTE [-60+EBP],AL
   864 00000846                                 L38:
   865 00000846 8A 55 C4                        	MOV	DL,BYTE [-60+EBP]
   866 00000849 8D 42 BF                        	LEA	EAX,DWORD [-65+EDX]
   867 0000084C 3C 19                           	CMP	AL,25
   868 0000084E 77 1D                           	JA	L39
   869 00000850 F7 85 FFFFFBC0 00000004         	TEST	DWORD [-1088+EBP],4
   870 0000085A 0F 85 000002B4                  	JNE	L96
   871 00000860 83 BD FFFFFBC4 00               	CMP	DWORD [-1084+EBP],0
   872 00000867 0F 84 0000029C                  	JE	L41
   873 0000086D                                 L39:
   874 0000086D 8A 45 C4                        	MOV	AL,BYTE [-60+EBP]
   875 00000870 84 C0                           	TEST	AL,AL
   876 00000872 74 1B                           	JE	L43
   877 00000874 85 FF                           	TEST	EDI,EDI
   878 00000876 74 17                           	JE	L43
   879 00000878 0F BE C0                        	MOVSX	EAX,AL
   880 0000087B 05 00000100                     	ADD	EAX,256
   881 00000880 50                              	PUSH	EAX
   882 00000881 8B 47 24                        	MOV	EAX,DWORD [36+EDI]
   883 00000884 83 C0 10                        	ADD	EAX,16
   884 00000887 50                              	PUSH	EAX
   885 00000888 E8 [00000000]                   	CALL	_fifo32_put
   886 0000088D 58                              	POP	EAX
   887 0000088E 5A                              	POP	EDX
   888 0000088F                                 L43:
   889 0000088F 81 BD FFFFFBF0 0000010F         	CMP	DWORD [-1040+EBP],271
   890 00000899 0F 84 00000235                  	JE	L114
   891 0000089F                                 L44:
   892 0000089F 8B 85 FFFFFBF0                  	MOV	EAX,DWORD [-1040+EBP]
   893 000008A5 3D 0000012A                     	CMP	EAX,298
   894 000008AA 0F 84 00000218                  	JE	L115
   895 000008B0                                 L46:
   896 000008B0 3D 00000136                     	CMP	EAX,310
   897 000008B5 0F 84 00000201                  	JE	L116
   898 000008BB                                 L47:
   899 000008BB 3D 000001AA                     	CMP	EAX,426
   900 000008C0 0F 84 000001EA                  	JE	L117
   901 000008C6                                 L48:
   902 000008C6 3D 000001B6                     	CMP	EAX,438
   903 000008CB 0F 84 000001D3                  	JE	L118
   904 000008D1                                 L49:
   905 000008D1 3D 0000013A                     	CMP	EAX,314
   906 000008D6 0F 84 0000019F                  	JE	L119
   907 000008DC                                 L50:
   908 000008DC 81 BD FFFFFBF0 00000145         	CMP	DWORD [-1040+EBP],325
   909 000008E6 0F 84 00000166                  	JE	L120
   910 000008EC                                 L51:
   911 000008EC 81 BD FFFFFBF0 00000146         	CMP	DWORD [-1040+EBP],326
   912 000008F6 0F 84 0000012D                  	JE	L121
   913 000008FC                                 L52:
   914 000008FC 81 BD FFFFFBF0 0000013B         	CMP	DWORD [-1040+EBP],315
   915 00000906 0F 84 000000BA                  	JE	L122
   916 0000090C                                 L53:
   917 0000090C 81 BD FFFFFBF0 0000013C         	CMP	DWORD [-1040+EBP],316
   918 00000916 74 60                           	JE	L123
   919 00000918                                 L55:
   920 00000918 81 BD FFFFFBF0 00000157         	CMP	DWORD [-1040+EBP],343
   921 00000922 74 3D                           	JE	L124
   922 00000924                                 L57:
   923 00000924 8B 85 FFFFFBF0                  	MOV	EAX,DWORD [-1040+EBP]
   924 0000092A 3D 000001FA                     	CMP	EAX,506
   925 0000092F 74 24                           	JE	L125
   926 00000931                                 L58:
   927 00000931 3D 000001FE                     	CMP	EAX,510
   928 00000936 0F 85 FFFFFAC7                  	JNE	L21
   929 0000093C E8 [00000000]                   	CALL	_wait_KBC_sendready
   930 00000941 FF B5 FFFFFBBC                  	PUSH	DWORD [-1092+EBP]
   931 00000947 6A 60                           	PUSH	96
   932 00000949 E8 [00000000]                   	CALL	_io_out8
   933 0000094E 5E                              	POP	ESI
   934 0000094F 58                              	POP	EAX
   935 00000950 E9 FFFFFAAE                     	JMP	L21
   936 00000955                                 L125:
   937 00000955 C7 85 FFFFFBBC FFFFFFFF         	MOV	DWORD [-1092+EBP],-1
   938 0000095F EB D0                           	JMP	L58
   939 00000961                                 L124:
   940 00000961 8B 95 FFFFFBEC                  	MOV	EDX,DWORD [-1044+EBP]
   941 00000967 8B 42 10                        	MOV	EAX,DWORD [16+EDX]
   942 0000096A 48                              	DEC	EAX
   943 0000096B 50                              	PUSH	EAX
   944 0000096C FF 72 18                        	PUSH	DWORD [24+EDX]
   945 0000096F E8 [00000000]                   	CALL	_sheet_updown
   946 00000974 58                              	POP	EAX
   947 00000975 5A                              	POP	EDX
   948 00000976 EB AC                           	JMP	L57
   949 00000978                                 L123:
   950 00000978 83 BD FFFFFBC4 00               	CMP	DWORD [-1084+EBP],0
   951 0000097F 74 97                           	JE	L55
   952 00000981 85 FF                           	TEST	EDI,EDI
   953 00000983 74 07                           	JE	L56
   954 00000985 57                              	PUSH	EDI
   955 00000986 E8 0000029B                     	CALL	_keywin_off
   956 0000098B 59                              	POP	ECX
   957 0000098C                                 L56:
   958 0000098C FF B5 FFFFFBD0                  	PUSH	DWORD [-1072+EBP]
   959 00000992 FF B5 FFFFFBEC                  	PUSH	DWORD [-1044+EBP]
   960 00000998 E8 0000038B                     	CALL	_open_console
   961 0000099D 6A 04                           	PUSH	4
   962 0000099F 6A 20                           	PUSH	32
   963 000009A1 89 C7                           	MOV	EDI,EAX
   964 000009A3 50                              	PUSH	EAX
   965 000009A4 E8 [00000000]                   	CALL	_sheet_slide
   966 000009A9 8B 85 FFFFFBEC                  	MOV	EAX,DWORD [-1044+EBP]
   967 000009AF FF 70 10                        	PUSH	DWORD [16+EAX]
   968 000009B2 57                              	PUSH	EDI
   969 000009B3 E8 [00000000]                   	CALL	_sheet_updown
   970 000009B8 57                              	PUSH	EDI
   971 000009B9 E8 00000296                     	CALL	_keywin_on
   972 000009BE 83 C4 20                        	ADD	ESP,32
   973 000009C1 E9 FFFFFF52                     	JMP	L55
   974 000009C6                                 L122:
   975 000009C6 83 BD FFFFFBC4 00               	CMP	DWORD [-1084+EBP],0
   976 000009CD 0F 84 FFFFFF39                  	JE	L53
   977 000009D3 85 FF                           	TEST	EDI,EDI
   978 000009D5 0F 84 FFFFFF31                  	JE	L53
   979 000009DB 8B 5F 24                        	MOV	EBX,DWORD [36+EDI]
   980 000009DE 85 DB                           	TEST	EBX,EBX
   981 000009E0 0F 84 FFFFFF26                  	JE	L53
   982 000009E6 83 7B 34 00                     	CMP	DWORD [52+EBX],0
   983 000009EA 0F 84 FFFFFF1C                  	JE	L53
   984 000009F0 68 [0000012A]                   	PUSH	LC2
   985 000009F5 FF B3 00000110                  	PUSH	DWORD [272+EBX]
   986 000009FB E8 [00000000]                   	CALL	_cons_putstr0
   987 00000A00 E8 [00000000]                   	CALL	_io_cli
   988 00000A05 8D 43 30                        	LEA	EAX,DWORD [48+EBX]
   989 00000A08 89 43 54                        	MOV	DWORD [84+EBX],EAX
   990 00000A0B C7 43 4C [00000000]             	MOV	DWORD [76+EBX],_asm_end_app
   991 00000A12 E8 [00000000]                   	CALL	_io_sti
   992 00000A17 6A 00                           	PUSH	0
   993 00000A19 6A FF                           	PUSH	-1
   994 00000A1B 53                              	PUSH	EBX
   995 00000A1C E8 [00000000]                   	CALL	_task_run
   996 00000A21 83 C4 14                        	ADD	ESP,20
   997 00000A24 E9 FFFFFEE3                     	JMP	L53
   998 00000A29                                 L121:
   999 00000A29 68 000000ED                     	PUSH	237
  1000 00000A2E 8D 5D 84                        	LEA	EBX,DWORD [-124+EBP]
  1001 00000A31 53                              	PUSH	EBX
  1002 00000A32 83 B5 FFFFFBC0 01               	XOR	DWORD [-1088+EBP],1
  1003 00000A39 E8 [00000000]                   	CALL	_fifo32_put
  1004 00000A3E FF B5 FFFFFBC0                  	PUSH	DWORD [-1088+EBP]
  1005 00000A44 53                              	PUSH	EBX
  1006 00000A45 E8 [00000000]                   	CALL	_fifo32_put
  1007 00000A4A 83 C4 10                        	ADD	ESP,16
  1008 00000A4D E9 FFFFFEAA                     	JMP	L52
  1009 00000A52                                 L120:
  1010 00000A52 68 000000ED                     	PUSH	237
  1011 00000A57 8D 5D 84                        	LEA	EBX,DWORD [-124+EBP]
  1012 00000A5A 53                              	PUSH	EBX
  1013 00000A5B 83 B5 FFFFFBC0 02               	XOR	DWORD [-1088+EBP],2
  1014 00000A62 E8 [00000000]                   	CALL	_fifo32_put
  1015 00000A67 FF B5 FFFFFBC0                  	PUSH	DWORD [-1088+EBP]
  1016 00000A6D 53                              	PUSH	EBX
  1017 00000A6E E8 [00000000]                   	CALL	_fifo32_put
  1018 00000A73 83 C4 10                        	ADD	ESP,16
  1019 00000A76 E9 FFFFFE71                     	JMP	L51
  1020 00000A7B                                 L119:
  1021 00000A7B 68 000000ED                     	PUSH	237
  1022 00000A80 8D 5D 84                        	LEA	EBX,DWORD [-124+EBP]
  1023 00000A83 53                              	PUSH	EBX
  1024 00000A84 83 B5 FFFFFBC0 04               	XOR	DWORD [-1088+EBP],4
  1025 00000A8B E8 [00000000]                   	CALL	_fifo32_put
  1026 00000A90 FF B5 FFFFFBC0                  	PUSH	DWORD [-1088+EBP]
  1027 00000A96 53                              	PUSH	EBX
  1028 00000A97 E8 [00000000]                   	CALL	_fifo32_put
  1029 00000A9C 83 C4 10                        	ADD	ESP,16
  1030 00000A9F E9 FFFFFE38                     	JMP	L50
  1031 00000AA4                                 L118:
  1032 00000AA4 83 A5 FFFFFBC4 FD               	AND	DWORD [-1084+EBP],-3
  1033 00000AAB E9 FFFFFE21                     	JMP	L49
  1034 00000AB0                                 L117:
  1035 00000AB0 83 A5 FFFFFBC4 FE               	AND	DWORD [-1084+EBP],-2
  1036 00000AB7 E9 FFFFFE0A                     	JMP	L48
  1037 00000ABC                                 L116:
  1038 00000ABC 83 8D FFFFFBC4 02               	OR	DWORD [-1084+EBP],2
  1039 00000AC3 E9 FFFFFDF3                     	JMP	L47
  1040 00000AC8                                 L115:
  1041 00000AC8 83 8D FFFFFBC4 01               	OR	DWORD [-1084+EBP],1
  1042 00000ACF E9 FFFFFDDC                     	JMP	L46
  1043 00000AD4                                 L114:
  1044 00000AD4 85 FF                           	TEST	EDI,EDI
  1045 00000AD6 0F 84 FFFFFDC3                  	JE	L44
  1046 00000ADC 57                              	PUSH	EDI
  1047 00000ADD E8 00000144                     	CALL	_keywin_off
  1048 00000AE2 8B 4F 18                        	MOV	ECX,DWORD [24+EDI]
  1049 00000AE5 49                              	DEC	ECX
  1050 00000AE6 5E                              	POP	ESI
  1051 00000AE7 75 0A                           	JNE	L45
  1052 00000AE9 8B 85 FFFFFBEC                  	MOV	EAX,DWORD [-1044+EBP]
  1053 00000AEF 8B 48 10                        	MOV	ECX,DWORD [16+EAX]
  1054 00000AF2 49                              	DEC	ECX
  1055 00000AF3                                 L45:
  1056 00000AF3 8B 95 FFFFFBEC                  	MOV	EDX,DWORD [-1044+EBP]
  1057 00000AF9 8B 7C 8A 14                     	MOV	EDI,DWORD [20+EDX+ECX*4]
  1058 00000AFD 57                              	PUSH	EDI
  1059 00000AFE E8 00000151                     	CALL	_keywin_on
  1060 00000B03 5B                              	POP	EBX
  1061 00000B04 E9 FFFFFD96                     	JMP	L44
  1062 00000B09                                 L41:
  1063 00000B09 8D 42 20                        	LEA	EAX,DWORD [32+EDX]
  1064 00000B0C 88 45 C4                        	MOV	BYTE [-60+EBP],AL
  1065 00000B0F E9 FFFFFD59                     	JMP	L39
  1066 00000B14                                 L96:
  1067 00000B14 83 BD FFFFFBC4 00               	CMP	DWORD [-1084+EBP],0
  1068 00000B1B 0F 84 FFFFFD4C                  	JE	L39
  1069 00000B21 EB E6                           	JMP	L41
  1070 00000B23                                 L36:
  1071 00000B23 8A 82 [FFFFFF80]                	MOV	AL,BYTE [_keytable1.1-256+EDX]
  1072 00000B29 E9 FFFFFD15                     	JMP	L101
  1073 00000B2E                                 L35:
  1074 00000B2E C6 45 C4 00                     	MOV	BYTE [-60+EBP],0
  1075 00000B32 E9 FFFFFD0F                     	JMP	L38
  1076 00000B37                                 L104:
  1077 00000B37 83 BD FFFFFBE0 00               	CMP	DWORD [-1056+EBP],0
  1078 00000B3E 79 2B                           	JNS	L126
  1079 00000B40 81 BD FFFFFBD8 7FFFFFFF         	CMP	DWORD [-1064+EBP],2147483647
  1080 00000B4A 75 15                           	JNE	L127
  1081 00000B4C FF B5 FFFFFBC8                  	PUSH	DWORD [-1080+EBP]
  1082 00000B52 E8 [00000000]                   	CALL	_task_sleep
  1083 00000B57 E8 [00000000]                   	CALL	_io_sti
  1084 00000B5C E9 FFFFF9AE                     	JMP	L98
  1085 00000B61                                 L127:
  1086 00000B61 E8 [00000000]                   	CALL	_io_sti
  1087 00000B66 E9 FFFFFA75                     	JMP	L100
  1088 00000B6B                                 L126:
  1089 00000B6B E8 [00000000]                   	CALL	_io_sti
  1090 00000B70 FF B5 FFFFFBDC                  	PUSH	DWORD [-1060+EBP]
  1091 00000B76 FF B5 FFFFFBE0                  	PUSH	DWORD [-1056+EBP]
  1092 00000B7C FF B5 FFFFFBCC                  	PUSH	DWORD [-1076+EBP]
  1093 00000B82 E8 [00000000]                   	CALL	_sheet_slide
  1094 00000B87 C7 85 FFFFFBE0 FFFFFFFF         	MOV	DWORD [-1056+EBP],-1
  1095 00000B91 E9 FFFFF86A                     	JMP	L99
  1096 00000B96                                 L103:
  1097 00000B96 53                              	PUSH	EBX
  1098 00000B97 E8 [00000000]                   	CALL	_fifo32_get
  1099 00000B9C 89 85 FFFFFBBC                  	MOV	DWORD [-1092+EBP],EAX
  1100 00000BA2 E8 [00000000]                   	CALL	_wait_KBC_sendready
  1101 00000BA7 FF B5 FFFFFBBC                  	PUSH	DWORD [-1092+EBP]
  1102 00000BAD 6A 60                           	PUSH	96
  1103 00000BAF E8 [00000000]                   	CALL	_io_out8
  1104 00000BB4 83 C4 0C                        	ADD	ESP,12
  1105 00000BB7 E9 FFFFF862                     	JMP	L24
  1106 00000BBC                                 L2:
  1107 00000BBC 68 00023840                     	PUSH	145472
  1108 00000BC1 68 003C0000                     	PUSH	3932160
  1109 00000BC6 E8 [00000000]                   	CALL	_memman_alloc_4k
  1110 00000BCB 89 C1                           	MOV	ECX,EAX
  1111 00000BCD 58                              	POP	EAX
  1112 00000BCE 5A                              	POP	EDX
  1113 00000BCF 31 D2                           	XOR	EDX,EDX
  1114 00000BD1 C7 85 FFFFFBF0 00000000         	MOV	DWORD [-1040+EBP],0
  1115 00000BDB                                 L8:
  1116 00000BDB 8A 82 [00000000]                	MOV	AL,BYTE [_hankaku+EDX]
  1117 00000BE1 88 04 0A                        	MOV	BYTE [EDX+ECX*1],AL
  1118 00000BE4 8B 85 FFFFFBF0                  	MOV	EAX,DWORD [-1040+EBP]
  1119 00000BEA 40                              	INC	EAX
  1120 00000BEB 89 85 FFFFFBF0                  	MOV	DWORD [-1040+EBP],EAX
  1121 00000BF1 89 C2                           	MOV	EDX,EAX
  1122 00000BF3 3D 00000FFF                     	CMP	EAX,4095
  1123 00000BF8 7E E1                           	JLE	L8
  1124 00000BFA C7 85 FFFFFBF0 00001000         	MOV	DWORD [-1040+EBP],4096
  1125 00000C04 B8 00001000                     	MOV	EAX,4096
  1126 00000C09                                 L13:
  1127 00000C09 C6 04 08 FF                     	MOV	BYTE [EAX+ECX*1],-1
  1128 00000C0D 8B 85 FFFFFBF0                  	MOV	EAX,DWORD [-1040+EBP]
  1129 00000C13 40                              	INC	EAX
  1130 00000C14 89 85 FFFFFBF0                  	MOV	DWORD [-1040+EBP],EAX
  1131 00000C1A 3D 0002383F                     	CMP	EAX,145471
  1132 00000C1F 7E E8                           	JLE	L13
  1133 00000C21 E9 FFFFF738                     	JMP	L3
  1134 00000C26                                 	GLOBAL	_keywin_off
  1135 00000C26                                 _keywin_off:
  1136 00000C26 55                              	PUSH	EBP
  1137 00000C27 89 E5                           	MOV	EBP,ESP
  1138 00000C29 53                              	PUSH	EBX
  1139 00000C2A 6A 00                           	PUSH	0
  1140 00000C2C 8B 5D 08                        	MOV	EBX,DWORD [8+EBP]
  1141 00000C2F 53                              	PUSH	EBX
  1142 00000C30 E8 [00000000]                   	CALL	_change_wtitle8
  1143 00000C35 F6 43 1C 20                     	TEST	BYTE [28+EBX],32
  1144 00000C39 58                              	POP	EAX
  1145 00000C3A 5A                              	POP	EDX
  1146 00000C3B 75 05                           	JNE	L130
  1147 00000C3D                                 L128:
  1148 00000C3D 8B 5D FC                        	MOV	EBX,DWORD [-4+EBP]
  1149 00000C40 C9                              	LEAVE
  1150 00000C41 C3                              	RET
  1151 00000C42                                 L130:
  1152 00000C42 6A 03                           	PUSH	3
  1153 00000C44 8B 43 24                        	MOV	EAX,DWORD [36+EBX]
  1154 00000C47 83 C0 10                        	ADD	EAX,16
  1155 00000C4A 50                              	PUSH	EAX
  1156 00000C4B E8 [00000000]                   	CALL	_fifo32_put
  1157 00000C50 59                              	POP	ECX
  1158 00000C51 5B                              	POP	EBX
  1159 00000C52 EB E9                           	JMP	L128
  1160 00000C54                                 	GLOBAL	_keywin_on
  1161 00000C54                                 _keywin_on:
  1162 00000C54 55                              	PUSH	EBP
  1163 00000C55 89 E5                           	MOV	EBP,ESP
  1164 00000C57 53                              	PUSH	EBX
  1165 00000C58 6A 01                           	PUSH	1
  1166 00000C5A 8B 5D 08                        	MOV	EBX,DWORD [8+EBP]
  1167 00000C5D 53                              	PUSH	EBX
  1168 00000C5E E8 [00000000]                   	CALL	_change_wtitle8
  1169 00000C63 F6 43 1C 20                     	TEST	BYTE [28+EBX],32
  1170 00000C67 58                              	POP	EAX
  1171 00000C68 5A                              	POP	EDX
  1172 00000C69 75 05                           	JNE	L133
  1173 00000C6B                                 L131:
  1174 00000C6B 8B 5D FC                        	MOV	EBX,DWORD [-4+EBP]
  1175 00000C6E C9                              	LEAVE
  1176 00000C6F C3                              	RET
  1177 00000C70                                 L133:
  1178 00000C70 6A 02                           	PUSH	2
  1179 00000C72 8B 43 24                        	MOV	EAX,DWORD [36+EBX]
  1180 00000C75 83 C0 10                        	ADD	EAX,16
  1181 00000C78 50                              	PUSH	EAX
  1182 00000C79 E8 [00000000]                   	CALL	_fifo32_put
  1183 00000C7E 59                              	POP	ECX
  1184 00000C7F 5B                              	POP	EBX
  1185 00000C80 EB E9                           	JMP	L131
  1186 00000C82                                 	GLOBAL	_open_constask
  1187 00000C82                                 _open_constask:
  1188 00000C82 55                              	PUSH	EBP
  1189 00000C83 89 E5                           	MOV	EBP,ESP
  1190 00000C85 56                              	PUSH	ESI
  1191 00000C86 53                              	PUSH	EBX
  1192 00000C87 E8 [00000000]                   	CALL	_task_alloc
  1193 00000C8C 68 00000200                     	PUSH	512
  1194 00000C91 68 003C0000                     	PUSH	3932160
  1195 00000C96 89 C3                           	MOV	EBX,EAX
  1196 00000C98 E8 [00000000]                   	CALL	_memman_alloc_4k
  1197 00000C9D 68 00010000                     	PUSH	65536
  1198 00000CA2 68 003C0000                     	PUSH	3932160
  1199 00000CA7 89 C6                           	MOV	ESI,EAX
  1200 00000CA9 E8 [00000000]                   	CALL	_memman_alloc_4k
  1201 00000CAE 8B 55 08                        	MOV	EDX,DWORD [8+EBP]
  1202 00000CB1 C7 43 4C [00000000]             	MOV	DWORD [76+EBX],_console_task
  1203 00000CB8 89 83 00000118                  	MOV	DWORD [280+EBX],EAX
  1204 00000CBE 05 0000FFF4                     	ADD	EAX,65524
  1205 00000CC3 89 43 64                        	MOV	DWORD [100+EBX],EAX
  1206 00000CC6 C7 43 74 00000008               	MOV	DWORD [116+EBX],8
  1207 00000CCD C7 43 78 00000010               	MOV	DWORD [120+EBX],16
  1208 00000CD4 C7 43 7C 00000008               	MOV	DWORD [124+EBX],8
  1209 00000CDB C7 83 00000080 00000008         	MOV	DWORD [128+EBX],8
  1210 00000CE5 C7 83 00000084 00000008         	MOV	DWORD [132+EBX],8
  1211 00000CEF C7 83 00000088 00000008         	MOV	DWORD [136+EBX],8
  1212 00000CF9 89 50 04                        	MOV	DWORD [4+EAX],EDX
  1213 00000CFC 8B 53 64                        	MOV	EDX,DWORD [100+EBX]
  1214 00000CFF 8B 45 0C                        	MOV	EAX,DWORD [12+EBP]
  1215 00000D02 89 42 08                        	MOV	DWORD [8+EDX],EAX
  1216 00000D05 6A 02                           	PUSH	2
  1217 00000D07 6A 02                           	PUSH	2
  1218 00000D09 53                              	PUSH	EBX
  1219 00000D0A E8 [00000000]                   	CALL	_task_run
  1220 00000D0F 8D 43 10                        	LEA	EAX,DWORD [16+EBX]
  1221 00000D12 53                              	PUSH	EBX
  1222 00000D13 56                              	PUSH	ESI
  1223 00000D14 68 00000080                     	PUSH	128
  1224 00000D19 50                              	PUSH	EAX
  1225 00000D1A E8 [00000000]                   	CALL	_fifo32_init
  1226 00000D1F 8D 65 F8                        	LEA	ESP,DWORD [-8+EBP]
  1227 00000D22 89 D8                           	MOV	EAX,EBX
  1228 00000D24 5B                              	POP	EBX
  1229 00000D25 5E                              	POP	ESI
  1230 00000D26 5D                              	POP	EBP
  1231 00000D27 C3                              	RET
  1232                                          [SECTION .data]
  1233 00000139                                 LC4:
  1234 00000139 63 6F 6E 73 6F 6C 65 00         	DB	"console",0x00
  1235                                          [SECTION .text]
  1236 00000D28                                 	GLOBAL	_open_console
  1237 00000D28                                 _open_console:
  1238 00000D28 55                              	PUSH	EBP
  1239 00000D29 89 E5                           	MOV	EBP,ESP
  1240 00000D2B 56                              	PUSH	ESI
  1241 00000D2C 53                              	PUSH	EBX
  1242 00000D2D FF 75 08                        	PUSH	DWORD [8+EBP]
  1243 00000D30 E8 [00000000]                   	CALL	_sheet_alloc
  1244 00000D35 68 0000A500                     	PUSH	42240
  1245 00000D3A 68 003C0000                     	PUSH	3932160
  1246 00000D3F 89 C3                           	MOV	EBX,EAX
  1247 00000D41 E8 [00000000]                   	CALL	_memman_alloc_4k
  1248 00000D46 6A FF                           	PUSH	-1
  1249 00000D48 68 000000A5                     	PUSH	165
  1250 00000D4D 89 C6                           	MOV	ESI,EAX
  1251 00000D4F 68 00000100                     	PUSH	256
  1252 00000D54 50                              	PUSH	EAX
  1253 00000D55 53                              	PUSH	EBX
  1254 00000D56 E8 [00000000]                   	CALL	_sheet_setbuf
  1255 00000D5B 83 C4 20                        	ADD	ESP,32
  1256 00000D5E 6A 00                           	PUSH	0
  1257 00000D60 68 [00000139]                   	PUSH	LC4
  1258 00000D65 68 000000A5                     	PUSH	165
  1259 00000D6A 68 00000100                     	PUSH	256
  1260 00000D6F 56                              	PUSH	ESI
  1261 00000D70 E8 [00000000]                   	CALL	_make_window8
  1262 00000D75 6A 00                           	PUSH	0
  1263 00000D77 68 00000080                     	PUSH	128
  1264 00000D7C 68 000000F0                     	PUSH	240
  1265 00000D81 6A 1C                           	PUSH	28
  1266 00000D83 6A 08                           	PUSH	8
  1267 00000D85 53                              	PUSH	EBX
  1268 00000D86 E8 [00000000]                   	CALL	_make_textbox8
  1269 00000D8B 83 C4 2C                        	ADD	ESP,44
  1270 00000D8E FF 75 0C                        	PUSH	DWORD [12+EBP]
  1271 00000D91 53                              	PUSH	EBX
  1272 00000D92 E8 FFFFFEEB                     	CALL	_open_constask
  1273 00000D97 83 4B 1C 20                     	OR	DWORD [28+EBX],32
  1274 00000D9B 89 43 24                        	MOV	DWORD [36+EBX],EAX
  1275 00000D9E 8D 65 F8                        	LEA	ESP,DWORD [-8+EBP]
  1276 00000DA1 89 D8                           	MOV	EAX,EBX
  1277 00000DA3 5B                              	POP	EBX
  1278 00000DA4 5E                              	POP	ESI
  1279 00000DA5 5D                              	POP	EBP
  1280 00000DA6 C3                              	RET
  1281 00000DA7                                 	GLOBAL	_close_constask
  1282 00000DA7                                 _close_constask:
  1283 00000DA7 55                              	PUSH	EBP
  1284 00000DA8 89 E5                           	MOV	EBP,ESP
  1285 00000DAA 53                              	PUSH	EBX
  1286 00000DAB 8B 5D 08                        	MOV	EBX,DWORD [8+EBP]
  1287 00000DAE 53                              	PUSH	EBX
  1288 00000DAF E8 [00000000]                   	CALL	_task_sleep
  1289 00000DB4 68 00010000                     	PUSH	65536
  1290 00000DB9 FF B3 00000118                  	PUSH	DWORD [280+EBX]
  1291 00000DBF 68 003C0000                     	PUSH	3932160
  1292 00000DC4 E8 [00000000]                   	CALL	_memman_free_4k
  1293 00000DC9 68 00000200                     	PUSH	512
  1294 00000DCE FF 73 10                        	PUSH	DWORD [16+EBX]
  1295 00000DD1 68 003C0000                     	PUSH	3932160
  1296 00000DD6 E8 [00000000]                   	CALL	_memman_free_4k
  1297 00000DDB C7 43 04 00000000               	MOV	DWORD [4+EBX],0
  1298 00000DE2 8B 5D FC                        	MOV	EBX,DWORD [-4+EBP]
  1299 00000DE5 C9                              	LEAVE
  1300 00000DE6 C3                              	RET
  1301 00000DE7                                 	GLOBAL	_close_console
  1302 00000DE7                                 _close_console:
  1303 00000DE7 55                              	PUSH	EBP
  1304 00000DE8 89 E5                           	MOV	EBP,ESP
  1305 00000DEA 56                              	PUSH	ESI
  1306 00000DEB 53                              	PUSH	EBX
  1307 00000DEC 8B 5D 08                        	MOV	EBX,DWORD [8+EBP]
  1308 00000DEF 8B 73 24                        	MOV	ESI,DWORD [36+EBX]
  1309 00000DF2 68 0000A500                     	PUSH	42240
  1310 00000DF7 FF 33                           	PUSH	DWORD [EBX]
  1311 00000DF9 68 003C0000                     	PUSH	3932160
  1312 00000DFE E8 [00000000]                   	CALL	_memman_free_4k
  1313 00000E03 53                              	PUSH	EBX
  1314 00000E04 E8 [00000000]                   	CALL	_sheet_free
  1315 00000E09 89 75 08                        	MOV	DWORD [8+EBP],ESI
  1316 00000E0C 83 C4 10                        	ADD	ESP,16
  1317 00000E0F 8D 65 F8                        	LEA	ESP,DWORD [-8+EBP]
  1318 00000E12 5B                              	POP	EBX
  1319 00000E13 5E                              	POP	ESI
  1320 00000E14 5D                              	POP	EBP
  1321 00000E15 EB 90                           	JMP	_close_constask
