     1 00000000                                 [FORMAT "WCOFF"]
     2 00000000                                 [INSTRSET "i486p"]
     3 00000000                                 [OPTIMIZE 1]
     4 00000000                                 [OPTION 1]
     5 00000000                                 [BITS 32]
     6 00000000                                 	EXTERN	_vsprintf
     7 00000000                                 	EXTERN	_api_putstr0
     8 00000000                                 	EXTERN	__alloca
     9 00000000                                 	EXTERN	_api_openwin
    10 00000000                                 	EXTERN	_api_boxfilwin
    11 00000000                                 	EXTERN	_api_alloctimer
    12 00000000                                 	EXTERN	_api_inittimer
    13 00000000                                 	EXTERN	_api_putstrwin
    14 00000000                                 	EXTERN	_api_refreshwin
    15 00000000                                 	EXTERN	_api_settimer
    16 00000000                                 	EXTERN	_api_getkey
    17 00000000                                 [FILE "invader.ca"]
    18                                          [SECTION .text]
    19 00000000                                 	GLOBAL	_printf
    20 00000000                                 _printf:
    21 00000000 55                              	PUSH	EBP
    22 00000001 89 E5                           	MOV	EBP,ESP
    23 00000003 56                              	PUSH	ESI
    24 00000004 53                              	PUSH	EBX
    25 00000005 81 EC 000003F0                  	SUB	ESP,1008
    26 0000000B 8D 45 0C                        	LEA	EAX,DWORD [12+EBP]
    27 0000000E 8D 9D FFFFFC08                  	LEA	EBX,DWORD [-1016+EBP]
    28 00000014 50                              	PUSH	EAX
    29 00000015 FF 75 08                        	PUSH	DWORD [8+EBP]
    30 00000018 53                              	PUSH	EBX
    31 00000019 E8 [00000000]                   	CALL	_vsprintf
    32 0000001E 53                              	PUSH	EBX
    33 0000001F 89 C6                           	MOV	ESI,EAX
    34 00000021 E8 [00000000]                   	CALL	_api_putstr0
    35 00000026 8D 65 F8                        	LEA	ESP,DWORD [-8+EBP]
    36 00000029 89 F0                           	MOV	EAX,ESI
    37 0000002B 5B                              	POP	EBX
    38 0000002C 5E                              	POP	ESI
    39 0000002D 5D                              	POP	EBP
    40 0000002E C3                              	RET
    41                                          [SECTION .data]
    42 00000000                                 _charset:
    43 00000000 00                              	DB	0
    44 00000001 00                              	DB	0
    45 00000002 00                              	DB	0
    46 00000003 43                              	DB	67
    47 00000004 5F                              	DB	95
    48 00000005 5F                              	DB	95
    49 00000006 5F                              	DB	95
    50 00000007 7F                              	DB	127
    51 00000008 1F                              	DB	31
    52 00000009 1F                              	DB	31
    53 0000000A 1F                              	DB	31
    54 0000000B 1F                              	DB	31
    55 0000000C 00                              	DB	0
    56 0000000D 20                              	DB	32
    57 0000000E 3F                              	DB	63
    58 0000000F 00                              	DB	0
    59 00000010 00                              	DB	0
    60 00000011 0F                              	DB	15
    61 00000012 7F                              	DB	127
    62 00000013 FF                              	DB	-1
    63 00000014 CF                              	DB	-49
    64 00000015 CF                              	DB	-49
    65 00000016 CF                              	DB	-49
    66 00000017 FF                              	DB	-1
    67 00000018 FF                              	DB	-1
    68 00000019 E0                              	DB	-32
    69 0000001A FF                              	DB	-1
    70 0000001B FF                              	DB	-1
    71 0000001C C0                              	DB	-64
    72 0000001D C0                              	DB	-64
    73 0000001E C0                              	DB	-64
    74 0000001F 00                              	DB	0
    75 00000020 00                              	DB	0
    76 00000021 F0                              	DB	-16
    77 00000022 FE                              	DB	-2
    78 00000023 FF                              	DB	-1
    79 00000024 F3                              	DB	-13
    80 00000025 F3                              	DB	-13
    81 00000026 F3                              	DB	-13
    82 00000027 FF                              	DB	-1
    83 00000028 FF                              	DB	-1
    84 00000029 07                              	DB	7
    85 0000002A FF                              	DB	-1
    86 0000002B FF                              	DB	-1
    87 0000002C 03                              	DB	3
    88 0000002D 03                              	DB	3
    89 0000002E 03                              	DB	3
    90 0000002F 00                              	DB	0
    91 00000030 00                              	DB	0
    92 00000031 00                              	DB	0
    93 00000032 00                              	DB	0
    94 00000033 C2                              	DB	-62
    95 00000034 FA                              	DB	-6
    96 00000035 FA                              	DB	-6
    97 00000036 FA                              	DB	-6
    98 00000037 FE                              	DB	-2
    99 00000038 F8                              	DB	-8
   100 00000039 F8                              	DB	-8
   101 0000003A F8                              	DB	-8
   102 0000003B F8                              	DB	-8
   103 0000003C 00                              	DB	0
   104 0000003D 04                              	DB	4
   105 0000003E FC                              	DB	-4
   106 0000003F 00                              	DB	0
   107 00000040 00                              	DB	0
   108 00000041 00                              	DB	0
   109 00000042 01                              	DB	1
   110 00000043 01                              	DB	1
   111 00000044 01                              	DB	1
   112 00000045 01                              	DB	1
   113 00000046 01                              	DB	1
   114 00000047 01                              	DB	1
   115 00000048 01                              	DB	1
   116 00000049 43                              	DB	67
   117 0000004A 47                              	DB	71
   118 0000004B 4F                              	DB	79
   119 0000004C 5F                              	DB	95
   120 0000004D 7F                              	DB	127
   121 0000004E 7F                              	DB	127
   122 0000004F 00                              	DB	0
   123 00000050 18                              	DB	24
   124 00000051 7E                              	DB	126
   125 00000052 FF                              	DB	-1
   126 00000053 C3                              	DB	-61
   127 00000054 C3                              	DB	-61
   128 00000055 C3                              	DB	-61
   129 00000056 C3                              	DB	-61
   130 00000057 FF                              	DB	-1
   131 00000058 FF                              	DB	-1
   132 00000059 FF                              	DB	-1
   133 0000005A E7                              	DB	-25
   134 0000005B E7                              	DB	-25
   135 0000005C E7                              	DB	-25
   136 0000005D E7                              	DB	-25
   137 0000005E FF                              	DB	-1
   138 0000005F 00                              	DB	0
   139 00000060 00                              	DB	0
   140 00000061 00                              	DB	0
   141 00000062 80                              	DB	-128
   142 00000063 80                              	DB	-128
   143 00000064 80                              	DB	-128
   144 00000065 80                              	DB	-128
   145 00000066 80                              	DB	-128
   146 00000067 80                              	DB	-128
   147 00000068 80                              	DB	-128
   148 00000069 C2                              	DB	-62
   149 0000006A E2                              	DB	-30
   150 0000006B F2                              	DB	-14
   151 0000006C FA                              	DB	-6
   152 0000006D FE                              	DB	-2
   153 0000006E FE                              	DB	-2
   154 0000006F 00                              	DB	0
   155 00000070 00                              	DB	0
   156 00000071 18                              	DB	24
   157 00000072 18                              	DB	24
   158 00000073 18                              	DB	24
   159 00000074 18                              	DB	24
   160 00000075 18                              	DB	24
   161 00000076 18                              	DB	24
   162 00000077 18                              	DB	24
   163 00000078 18                              	DB	24
   164 00000079 18                              	DB	24
   165 0000007A 18                              	DB	24
   166 0000007B 18                              	DB	24
   167 0000007C 18                              	DB	24
   168 0000007D 18                              	DB	24
   169 0000007E 18                              	DB	24
   170 0000007F 00                              	DB	0
   171 00000080                                 _invstr0.0:
   172 00000080 20 61 62 63 64 20 61 62 63 64   	DB	" abcd abcd abcd abcd abcd ",0x00
       0000008A 20 61 62 63 64 20 61 62 63 64 
       00000094 20 61 62 63 64 20 00 
   173 0000009B 00 00 00 00 00                  	RESB	5
   174 000000A0                                 LC0:
   175 000000A0 83 43 83 93 83 78 81 5B 83 5F   	DB	0x83,"C",0x83,0x93,0x83,"x",0x81,"[",0x83,"_",0x81,"[",0x83,"Q",0x81,"[",0x83,0x80,0x00
       000000AA 81 5B 83 51 81 5B 83 80 00 
   176 000000B3                                 LC1:
   177 000000B3 53 43 4F 52 45 3A 30 30 30 30   	DB	"SCORE:00000000",0x00
       000000BD 30 30 30 30 00 
   178 000000C2                                 LC2:
   179 000000C2 48 49 53 43 4F 52 45 3A 30 30   	DB	"HISCORE:00000000",0x00
       000000CC 30 30 30 30 30 30 00 
   180 000000D3                                 LC3:
   181 000000D3 65 66 67 00                     	DB	"efg",0x00
   182 000000D7                                 LC4:
   183 000000D7 65 66 67 20 00                  	DB	"efg ",0x00
   184 000000DC                                 LC5:
   185 000000DC 20 65 66 67 00                  	DB	" efg",0x00
   186 000000E1                                 LC8:
   187 000000E1 68 00                           	DB	"h",0x00
   188 000000E3                                 LC7:
   189 000000E3 20 00                           	DB	" ",0x00
   190 000000E5                                 LC6:
   191 000000E5 20 20 20 20 20 20 20 20 20 20   	DB	"                         ",0x00
       000000EF 20 20 20 20 20 20 20 20 20 20 
       000000F9 20 20 20 20 20 00 
   192 000000FF                                 LC9:
   193 000000FF 83 51 81 5B 83 80 83 49 81 5B   	DB	0x83,"Q",0x81,"[",0x83,0x80,0x83,"I",0x81,"[",0x83,"o",0x81,"[",0x00
       00000109 83 6F 81 5B 00 
   194 0000010E                                 LC10:
   195 0000010E 20 20 20 20 20 20 20 20 20 20   	DB	"                                        ",0x00
       00000118 20 20 20 20 20 20 20 20 20 20 
       00000122 20 20 20 20 20 20 20 20 20 20 
       0000012C 20 20 20 20 20 20 20 20 20 20 
       00000136 00 
   196                                          [SECTION .text]
   197 0000002F                                 	GLOBAL	_CHNMain
   198 0000002F                                 _CHNMain:
   199 0000002F 55                              	PUSH	EBP
   200 00000030 B8 0001579C                     	MOV	EAX,87964
   201 00000035 89 E5                           	MOV	EBP,ESP
   202 00000037 57                              	PUSH	EDI
   203 00000038 56                              	PUSH	ESI
   204 00000039 53                              	PUSH	EBX
   205 0000003A 8D 9D FFFEA964                  	LEA	EBX,DWORD [-87708+EBP]
   206 00000040 E8 [00000000]                   	CALL	__alloca
   207 00000045 68 [000000A0]                   	PUSH	LC0
   208 0000004A 6A FF                           	PUSH	-1
   209 0000004C 68 00000105                     	PUSH	261
   210 00000051 68 00000150                     	PUSH	336
   211 00000056 53                              	PUSH	EBX
   212 00000057 C7 85 FFFEA880 00000000         	MOV	DWORD [-87936+EBP],0
   213 00000061 E8 [00000000]                   	CALL	_api_openwin
   214 00000066 6A 00                           	PUSH	0
   215 00000068 68 000000FE                     	PUSH	254
   216 0000006D 89 C7                           	MOV	EDI,EAX
   217 0000006F 68 00000149                     	PUSH	329
   218 00000074 6A 1B                           	PUSH	27
   219 00000076 6A 06                           	PUSH	6
   220 00000078 50                              	PUSH	EAX
   221 00000079 E8 [00000000]                   	CALL	_api_boxfilwin
   222 0000007E 83 C4 2C                        	ADD	ESP,44
   223 00000081 E8 [00000000]                   	CALL	_api_alloctimer
   224 00000086 68 00000080                     	PUSH	128
   225 0000008B 50                              	PUSH	EAX
   226 0000008C 89 85 FFFEA88C                  	MOV	DWORD [-87924+EBP],EAX
   227 00000092 E8 [00000000]                   	CALL	_api_inittimer
   228 00000097 68 [000000B3]                   	PUSH	LC1
   229 0000009C 6A 07                           	PUSH	7
   230 0000009E 6A 00                           	PUSH	0
   231 000000A0 6A 16                           	PUSH	22
   232 000000A2 53                              	PUSH	EBX
   233 000000A3 57                              	PUSH	EDI
   234 000000A4 C7 85 FFFEA85C 00000000         	MOV	DWORD [-87972+EBP],0
   235 000000AE E8 000005D8                     	CALL	_putstr
   236 000000B3 83 C4 20                        	ADD	ESP,32
   237 000000B6                                 L3:
   238 000000B6 68 [000000C2]                   	PUSH	LC2
   239 000000BB 8D 9D FFFEA964                  	LEA	EBX,DWORD [-87708+EBP]
   240 000000C1 6A 07                           	PUSH	7
   241 000000C3 6A 00                           	PUSH	0
   242 000000C5 6A 04                           	PUSH	4
   243 000000C7 53                              	PUSH	EBX
   244 000000C8 57                              	PUSH	EDI
   245 000000C9 C7 85 FFFEA860 00000000         	MOV	DWORD [-87968+EBP],0
   246 000000D3 C7 85 FFFEA858 00000001         	MOV	DWORD [-87976+EBP],1
   247 000000DD E8 000005A9                     	CALL	_putstr
   248 000000E2 68 [000000D3]                   	PUSH	LC3
   249 000000E7 6A 06                           	PUSH	6
   250 000000E9 6A 0D                           	PUSH	13
   251 000000EB 6A 12                           	PUSH	18
   252 000000ED 53                              	PUSH	EBX
   253 000000EE 57                              	PUSH	EDI
   254 000000EF C7 85 FFFEA870 00000014         	MOV	DWORD [-87952+EBP],20
   255 000000F9 C7 85 FFFEA888 00000012         	MOV	DWORD [-87928+EBP],18
   256 00000103 E8 00000583                     	CALL	_putstr
   257 00000108 8D 85 FFFEA890                  	LEA	EAX,DWORD [-87920+EBP]
   258 0000010E 83 C4 30                        	ADD	ESP,48
   259 00000111 50                              	PUSH	EAX
   260 00000112 FF B5 FFFEA88C                  	PUSH	DWORD [-87924+EBP]
   261 00000118 6A 64                           	PUSH	100
   262 0000011A E8 000006D8                     	CALL	_wait
   263 0000011F 83 C4 0C                        	ADD	ESP,12
   264 00000122                                 L4:
   265 00000122 8D 85 FFFEA890                  	LEA	EAX,DWORD [-87920+EBP]
   266 00000128 31 F6                           	XOR	ESI,ESI
   267 0000012A 50                              	PUSH	EAX
   268 0000012B FF B5 FFFEA88C                  	PUSH	DWORD [-87924+EBP]
   269 00000131 6A 64                           	PUSH	100
   270 00000133 E8 000006BF                     	CALL	_wait
   271 00000138 83 C4 0C                        	ADD	ESP,12
   272 0000013B C7 85 FFFEA878 00000007         	MOV	DWORD [-87944+EBP],7
   273 00000145 C7 85 FFFEA874 00000001         	MOV	DWORD [-87948+EBP],1
   274 0000014F C7 85 FFFEA864 00000006         	MOV	DWORD [-87964+EBP],6
   275 00000159                                 L14:
   276 00000159 31 C9                           	XOR	ECX,ECX
   277 0000015B                                 L13:
   278 0000015B 89 F3                           	MOV	EBX,ESI
   279 0000015D 8D 45 F4                        	LEA	EAX,DWORD [-12+EBP]
   280 00000160 C1 E3 05                        	SAL	EBX,5
   281 00000163 8D 14 18                        	LEA	EDX,DWORD [EAX+EBX*1]
   282 00000166 8A 81 [00000080]                	MOV	AL,BYTE [_invstr0.0+ECX]
   283 0000016C 88 84 11 FFFEA8B0               	MOV	BYTE [-87888+ECX+EDX*1],AL
   284 00000173 41                              	INC	ECX
   285 00000174 83 F9 1A                        	CMP	ECX,26
   286 00000177 7E E2                           	JLE	L13
   287 00000179 8D 84 2B FFFEA8A4               	LEA	EAX,DWORD [-87900+EBX+EBP*1]
   288 00000180 8D 5E 01                        	LEA	EBX,DWORD [1+ESI]
   289 00000183 50                              	PUSH	EAX
   290 00000184 89 DE                           	MOV	ESI,EBX
   291 00000186 6A 02                           	PUSH	2
   292 00000188 8D 85 FFFEA964                  	LEA	EAX,DWORD [-87708+EBP]
   293 0000018E 53                              	PUSH	EBX
   294 0000018F 6A 07                           	PUSH	7
   295 00000191 50                              	PUSH	EAX
   296 00000192 57                              	PUSH	EDI
   297 00000193 E8 000004F3                     	CALL	_putstr
   298 00000198 83 C4 18                        	ADD	ESP,24
   299 0000019B 83 FB 05                        	CMP	EBX,5
   300 0000019E 7E B9                           	JLE	L14
   301 000001A0 8D 85 FFFEA890                  	LEA	EAX,DWORD [-87920+EBP]
   302 000001A6 8B 9D FFFEA870                  	MOV	EBX,DWORD [-87952+EBP]
   303 000001AC 50                              	PUSH	EAX
   304 000001AD 89 9D FFFEA86C                  	MOV	DWORD [-87956+EBP],EBX
   305 000001B3 FF B5 FFFEA88C                  	PUSH	DWORD [-87924+EBP]
   306 000001B9 6A 64                           	PUSH	100
   307 000001BB C6 85 FFFEA890 00               	MOV	BYTE [-87920+EBP],0
   308 000001C2 C6 85 FFFEA891 00               	MOV	BYTE [-87919+EBP],0
   309 000001C9 C6 85 FFFEA892 00               	MOV	BYTE [-87918+EBP],0
   310 000001D0 C7 85 FFFEA87C 00000000         	MOV	DWORD [-87940+EBP],0
   311 000001DA C7 85 FFFEA884 00000000         	MOV	DWORD [-87932+EBP],0
   312 000001E4 C7 85 FFFEA868 00000001         	MOV	DWORD [-87960+EBP],1
   313 000001EE E8 00000604                     	CALL	_wait
   314 000001F3 83 C4 0C                        	ADD	ESP,12
   315 000001F6                                 L15:
   316 000001F6 83 BD FFFEA884 00               	CMP	DWORD [-87932+EBP],0
   317 000001FD 74 0D                           	JE	L18
   318 000001FF FF 8D FFFEA884                  	DEC	DWORD [-87932+EBP]
   319 00000205 C6 85 FFFEA892 00               	MOV	BYTE [-87918+EBP],0
   320 0000020C                                 L18:
   321 0000020C 8D 9D FFFEA890                  	LEA	EBX,DWORD [-87920+EBP]
   322 00000212 53                              	PUSH	EBX
   323 00000213 FF B5 FFFEA88C                  	PUSH	DWORD [-87924+EBP]
   324 00000219 6A 04                           	PUSH	4
   325 0000021B E8 000005D7                     	CALL	_wait
   326 00000220 83 C4 0C                        	ADD	ESP,12
   327 00000223 80 BD FFFEA890 00               	CMP	BYTE [-87920+EBP],0
   328 0000022A 74 35                           	JE	L19
   329 0000022C 83 BD FFFEA888 00               	CMP	DWORD [-87928+EBP],0
   330 00000233 7E 2C                           	JLE	L19
   331 00000235 68 [000000D7]                   	PUSH	LC4
   332 0000023A FF 8D FFFEA888                  	DEC	DWORD [-87928+EBP]
   333 00000240 6A 06                           	PUSH	6
   334 00000242 8D 85 FFFEA964                  	LEA	EAX,DWORD [-87708+EBP]
   335 00000248 6A 0D                           	PUSH	13
   336 0000024A FF B5 FFFEA888                  	PUSH	DWORD [-87928+EBP]
   337 00000250 50                              	PUSH	EAX
   338 00000251 57                              	PUSH	EDI
   339 00000252 E8 00000434                     	CALL	_putstr
   340 00000257 83 C4 18                        	ADD	ESP,24
   341 0000025A C6 85 FFFEA890 00               	MOV	BYTE [-87920+EBP],0
   342 00000261                                 L19:
   343 00000261 80 7B 01 00                     	CMP	BYTE [1+EBX],0
   344 00000265 74 32                           	JE	L20
   345 00000267 83 BD FFFEA888 24               	CMP	DWORD [-87928+EBP],36
   346 0000026E 7F 29                           	JG	L20
   347 00000270 68 [000000DC]                   	PUSH	LC5
   348 00000275 8D 85 FFFEA964                  	LEA	EAX,DWORD [-87708+EBP]
   349 0000027B 6A 06                           	PUSH	6
   350 0000027D 6A 0D                           	PUSH	13
   351 0000027F FF B5 FFFEA888                  	PUSH	DWORD [-87928+EBP]
   352 00000285 50                              	PUSH	EAX
   353 00000286 57                              	PUSH	EDI
   354 00000287 E8 000003FF                     	CALL	_putstr
   355 0000028C 83 C4 18                        	ADD	ESP,24
   356 0000028F FF 85 FFFEA888                  	INC	DWORD [-87928+EBP]
   357 00000295 C6 43 01 00                     	MOV	BYTE [1+EBX],0
   358 00000299                                 L20:
   359 00000299 80 7B 02 00                     	CMP	BYTE [2+EBX],0
   360 0000029D 74 2A                           	JE	L21
   361 0000029F 83 BD FFFEA884 00               	CMP	DWORD [-87932+EBP],0
   362 000002A6 75 21                           	JNE	L21
   363 000002A8 8B 85 FFFEA888                  	MOV	EAX,DWORD [-87928+EBP]
   364 000002AE 40                              	INC	EAX
   365 000002AF C7 85 FFFEA884 0000000F         	MOV	DWORD [-87932+EBP],15
   366 000002B9 89 85 FFFEA880                  	MOV	DWORD [-87936+EBP],EAX
   367 000002BF C7 85 FFFEA87C 0000000D         	MOV	DWORD [-87940+EBP],13
   368 000002C9                                 L21:
   369 000002C9 83 BD FFFEA86C 00               	CMP	DWORD [-87956+EBP],0
   370 000002D0 0F 84 000002AA                  	JE	L22
   371 000002D6 FF 8D FFFEA86C                  	DEC	DWORD [-87956+EBP]
   372 000002DC                                 L23:
   373 000002DC 83 BD FFFEA87C 00               	CMP	DWORD [-87940+EBP],0
   374 000002E3 0F 8E FFFFFF0D                  	JLE	L15
   375 000002E9 83 BD FFFEA87C 0C               	CMP	DWORD [-87940+EBP],12
   376 000002F0 0F 8F 00000082                  	JG	L33
   377 000002F6 8B 9D FFFEA880                  	MOV	EBX,DWORD [-87936+EBP]
   378 000002FC 39 9D FFFEA878                  	CMP	DWORD [-87944+EBP],EBX
   379 00000302 0F 8D 00000260                  	JGE	L34
   380 00000308 8B 85 FFFEA878                  	MOV	EAX,DWORD [-87944+EBP]
   381 0000030E 83 C0 19                        	ADD	EAX,25
   382 00000311 39 C3                           	CMP	EBX,EAX
   383 00000313 0F 8D 0000024F                  	JGE	L34
   384 00000319 8B 85 FFFEA87C                  	MOV	EAX,DWORD [-87940+EBP]
   385 0000031F 39 85 FFFEA874                  	CMP	DWORD [-87948+EBP],EAX
   386 00000325 0F 8F 0000023D                  	JG	L34
   387 0000032B 8B 85 FFFEA874                  	MOV	EAX,DWORD [-87948+EBP]
   388 00000331 03 85 FFFEA864                  	ADD	EAX,DWORD [-87964+EBP]
   389 00000337 39 85 FFFEA87C                  	CMP	DWORD [-87940+EBP],EAX
   390 0000033D 0F 8D 00000225                  	JGE	L34
   391 00000343 8B 85 FFFEA87C                  	MOV	EAX,DWORD [-87940+EBP]
   392 00000349 2B 85 FFFEA874                  	SUB	EAX,DWORD [-87948+EBP]
   393 0000034F C1 E0 05                        	SAL	EAX,5
   394 00000352 8D 84 28 FFFEA8A4               	LEA	EAX,DWORD [-87900+EAX+EBP*1]
   395 00000359 50                              	PUSH	EAX
   396 0000035A 6A 02                           	PUSH	2
   397 0000035C FF B5 FFFEA87C                  	PUSH	DWORD [-87940+EBP]
   398 00000362 FF B5 FFFEA878                  	PUSH	DWORD [-87944+EBP]
   399 00000368                                 L83:
   400 00000368 8D 85 FFFEA964                  	LEA	EAX,DWORD [-87708+EBP]
   401 0000036E 50                              	PUSH	EAX
   402 0000036F 57                              	PUSH	EDI
   403 00000370 E8 00000316                     	CALL	_putstr
   404 00000375 83 C4 18                        	ADD	ESP,24
   405 00000378                                 L33:
   406 00000378 FF 8D FFFEA87C                  	DEC	DWORD [-87940+EBP]
   407 0000037E 83 BD FFFEA87C 00               	CMP	DWORD [-87940+EBP],0
   408 00000385 0F 8E 000001BA                  	JLE	L36
   409 0000038B 68 [000000E1]                   	PUSH	LC8
   410 00000390 8D 85 FFFEA964                  	LEA	EAX,DWORD [-87708+EBP]
   411 00000396 6A 03                           	PUSH	3
   412 00000398 FF B5 FFFEA87C                  	PUSH	DWORD [-87940+EBP]
   413 0000039E FF B5 FFFEA880                  	PUSH	DWORD [-87936+EBP]
   414 000003A4 50                              	PUSH	EAX
   415 000003A5 57                              	PUSH	EDI
   416 000003A6 E8 000002E0                     	CALL	_putstr
   417 000003AB 83 C4 18                        	ADD	ESP,24
   418 000003AE                                 L37:
   419 000003AE 8B 9D FFFEA880                  	MOV	EBX,DWORD [-87936+EBP]
   420 000003B4 39 9D FFFEA878                  	CMP	DWORD [-87944+EBP],EBX
   421 000003BA 0F 8D FFFFFE36                  	JGE	L15
   422 000003C0 8B 85 FFFEA878                  	MOV	EAX,DWORD [-87944+EBP]
   423 000003C6 83 C0 19                        	ADD	EAX,25
   424 000003C9 39 C3                           	CMP	EBX,EAX
   425 000003CB 0F 8D FFFFFE25                  	JGE	L15
   426 000003D1 8B 85 FFFEA87C                  	MOV	EAX,DWORD [-87940+EBP]
   427 000003D7 39 85 FFFEA874                  	CMP	DWORD [-87948+EBP],EAX
   428 000003DD 0F 8F FFFFFE13                  	JG	L15
   429 000003E3 8B 85 FFFEA874                  	MOV	EAX,DWORD [-87948+EBP]
   430 000003E9 03 85 FFFEA864                  	ADD	EAX,DWORD [-87964+EBP]
   431 000003EF 39 85 FFFEA87C                  	CMP	DWORD [-87940+EBP],EAX
   432 000003F5 0F 8D FFFFFDFB                  	JGE	L15
   433 000003FB 8B 85 FFFEA87C                  	MOV	EAX,DWORD [-87940+EBP]
   434 00000401 2B 85 FFFEA874                  	SUB	EAX,DWORD [-87948+EBP]
   435 00000407 C1 E0 05                        	SAL	EAX,5
   436 0000040A 8D 94 28 FFFEA8A4               	LEA	EDX,DWORD [-87900+EAX+EBP*1]
   437 00000411 89 D8                           	MOV	EAX,EBX
   438 00000413 2B 85 FFFEA878                  	SUB	EAX,DWORD [-87944+EBP]
   439 00000419 8D 1C 10                        	LEA	EBX,DWORD [EAX+EDX*1]
   440 0000041C 80 3B 20                        	CMP	BYTE [EBX],32
   441 0000041F 0F 84 FFFFFDD1                  	JE	L15
   442 00000425 8B 85 FFFEA858                  	MOV	EAX,DWORD [-87976+EBP]
   443 0000042B 8D B5 FFFEA894                  	LEA	ESI,DWORD [-87916+EBP]
   444 00000431 01 85 FFFEA860                  	ADD	DWORD [-87968+EBP],EAX
   445 00000437 40                              	INC	EAX
   446 00000438 89 85 FFFEA858                  	MOV	DWORD [-87976+EBP],EAX
   447 0000043E FF B5 FFFEA860                  	PUSH	DWORD [-87968+EBP]
   448 00000444 56                              	PUSH	ESI
   449 00000445 E8 00000406                     	CALL	_setdec8
   450 0000044A 8D 85 FFFEA964                  	LEA	EAX,DWORD [-87708+EBP]
   451 00000450 56                              	PUSH	ESI
   452 00000451 6A 07                           	PUSH	7
   453 00000453 6A 00                           	PUSH	0
   454 00000455 6A 0A                           	PUSH	10
   455 00000457 50                              	PUSH	EAX
   456 00000458 57                              	PUSH	EDI
   457 00000459 E8 0000022D                     	CALL	_putstr
   458 0000045E 8B 85 FFFEA860                  	MOV	EAX,DWORD [-87968+EBP]
   459 00000464 83 C4 20                        	ADD	ESP,32
   460 00000467 39 85 FFFEA85C                  	CMP	DWORD [-87972+EBP],EAX
   461 0000046D 7D 1D                           	JGE	L41
   462 0000046F 56                              	PUSH	ESI
   463 00000470 89 85 FFFEA85C                  	MOV	DWORD [-87972+EBP],EAX
   464 00000476 6A 07                           	PUSH	7
   465 00000478 8D 85 FFFEA964                  	LEA	EAX,DWORD [-87708+EBP]
   466 0000047E 6A 00                           	PUSH	0
   467 00000480 6A 1B                           	PUSH	27
   468 00000482 50                              	PUSH	EAX
   469 00000483 57                              	PUSH	EDI
   470 00000484 E8 00000202                     	CALL	_putstr
   471 00000489 83 C4 18                        	ADD	ESP,24
   472 0000048C                                 L41:
   473 0000048C 4B                              	DEC	EBX
   474 0000048D 80 3B 20                        	CMP	BYTE [EBX],32
   475 00000490 74 06                           	JE	L75
   476 00000492                                 L46:
   477 00000492 4B                              	DEC	EBX
   478 00000493 80 3B 20                        	CMP	BYTE [EBX],32
   479 00000496 75 FA                           	JNE	L46
   480 00000498                                 L75:
   481 00000498 BE 00000001                     	MOV	ESI,1
   482 0000049D                                 L51:
   483 0000049D C6 04 1E 20                     	MOV	BYTE [ESI+EBX*1],32
   484 000004A1 46                              	INC	ESI
   485 000004A2 83 FE 04                        	CMP	ESI,4
   486 000004A5 7E F6                           	JLE	L51
   487 000004A7 8B 85 FFFEA87C                  	MOV	EAX,DWORD [-87940+EBP]
   488 000004AD 2B 85 FFFEA874                  	SUB	EAX,DWORD [-87948+EBP]
   489 000004B3 C1 E0 05                        	SAL	EAX,5
   490 000004B6 8D 84 28 FFFEA8A4               	LEA	EAX,DWORD [-87900+EAX+EBP*1]
   491 000004BD 50                              	PUSH	EAX
   492 000004BE 8D 85 FFFEA964                  	LEA	EAX,DWORD [-87708+EBP]
   493 000004C4 6A 02                           	PUSH	2
   494 000004C6 FF B5 FFFEA87C                  	PUSH	DWORD [-87940+EBP]
   495 000004CC FF B5 FFFEA878                  	PUSH	DWORD [-87944+EBP]
   496 000004D2 50                              	PUSH	EAX
   497 000004D3 57                              	PUSH	EDI
   498 000004D4 E8 000001B2                     	CALL	_putstr
   499 000004D9 83 C4 18                        	ADD	ESP,24
   500 000004DC 83 BD FFFEA864 00               	CMP	DWORD [-87964+EBP],0
   501 000004E3 7E 36                           	JLE	L79
   502 000004E5 8B 95 FFFEA864                  	MOV	EDX,DWORD [-87964+EBP]
   503 000004EB C1 E2 05                        	SAL	EDX,5
   504 000004EE                                 L63:
   505 000004EE 8D 84 2A FFFEA8A4               	LEA	EAX,DWORD [-87900+EDX+EBP*1]
   506 000004F5 8D 58 E0                        	LEA	EBX,DWORD [-32+EAX]
   507 000004F8 80 78 E0 00                     	CMP	BYTE [-32+EAX],0
   508 000004FC 74 0B                           	JE	L81
   509 000004FE                                 L62:
   510 000004FE 80 3B 20                        	CMP	BYTE [EBX],32
   511 00000501 75 33                           	JNE	L61
   512 00000503 43                              	INC	EBX
   513 00000504 80 3B 00                        	CMP	BYTE [EBX],0
   514 00000507 75 F5                           	JNE	L62
   515 00000509                                 L81:
   516 00000509 FF 8D FFFEA864                  	DEC	DWORD [-87964+EBP]
   517 0000050F 83 EA 20                        	SUB	EDX,32
   518 00000512 83 BD FFFEA864 00               	CMP	DWORD [-87964+EBP],0
   519 00000519 7F D3                           	JG	L63
   520 0000051B                                 L79:
   521 0000051B 8B 85 FFFEA870                  	MOV	EAX,DWORD [-87952+EBP]
   522 00000521 BA 00000003                     	MOV	EDX,3
   523 00000526 89 D3                           	MOV	EBX,EDX
   524 00000528 99                              	CDQ
   525 00000529 F7 FB                           	IDIV	EBX
   526 0000052B 29 85 FFFEA870                  	SUB	DWORD [-87952+EBP],EAX
   527 00000531 E9 FFFFFBEC                     	JMP	L4
   528 00000536                                 L61:
   529 00000536 C7 85 FFFEA87C 00000000         	MOV	DWORD [-87940+EBP],0
   530 00000540 E9 FFFFFCB1                     	JMP	L15
   531 00000545                                 L36:
   532 00000545 83 AD FFFEA858 0A               	SUB	DWORD [-87976+EBP],10
   533 0000054C 83 BD FFFEA858 00               	CMP	DWORD [-87976+EBP],0
   534 00000553 0F 8F FFFFFE55                  	JG	L37
   535 00000559 C7 85 FFFEA858 00000001         	MOV	DWORD [-87976+EBP],1
   536 00000563 E9 FFFFFE46                     	JMP	L37
   537 00000568                                 L34:
   538 00000568 68 [000000E3]                   	PUSH	LC7
   539 0000056D 6A 00                           	PUSH	0
   540 0000056F FF B5 FFFEA87C                  	PUSH	DWORD [-87940+EBP]
   541 00000575 FF B5 FFFEA880                  	PUSH	DWORD [-87936+EBP]
   542 0000057B E9 FFFFFDE8                     	JMP	L83
   543 00000580                                 L22:
   544 00000580 8B 85 FFFEA870                  	MOV	EAX,DWORD [-87952+EBP]
   545 00000586 89 85 FFFEA86C                  	MOV	DWORD [-87956+EBP],EAX
   546 0000058C 8B 85 FFFEA878                  	MOV	EAX,DWORD [-87944+EBP]
   547 00000592 03 85 FFFEA868                  	ADD	EAX,DWORD [-87960+EBP]
   548 00000598 83 F8 0E                        	CMP	EAX,14
   549 0000059B 0F 86 000000DF                  	JBE	L24
   550 000005A1 8B 85 FFFEA874                  	MOV	EAX,DWORD [-87948+EBP]
   551 000005A7 03 85 FFFEA864                  	ADD	EAX,DWORD [-87964+EBP]
   552 000005AD 83 F8 0D                        	CMP	EAX,13
   553 000005B0 74 7B                           	JE	L16
   554 000005B2 68 [000000E5]                   	PUSH	LC6
   555 000005B7 8B 85 FFFEA878                  	MOV	EAX,DWORD [-87944+EBP]
   556 000005BD 6A 00                           	PUSH	0
   557 000005BF 40                              	INC	EAX
   558 000005C0 FF B5 FFFEA874                  	PUSH	DWORD [-87948+EBP]
   559 000005C6 50                              	PUSH	EAX
   560 000005C7 8D 85 FFFEA964                  	LEA	EAX,DWORD [-87708+EBP]
   561 000005CD 50                              	PUSH	EAX
   562 000005CE F7 9D FFFEA868                  	NEG	DWORD [-87960+EBP]
   563 000005D4 57                              	PUSH	EDI
   564 000005D5 E8 000000B1                     	CALL	_putstr
   565 000005DA 83 C4 18                        	ADD	ESP,24
   566 000005DD FF 85 FFFEA874                  	INC	DWORD [-87948+EBP]
   567 000005E3                                 L26:
   568 000005E3 31 F6                           	XOR	ESI,ESI
   569 000005E5 3B B5 FFFEA864                  	CMP	ESI,DWORD [-87964+EBP]
   570 000005EB 0F 8D FFFFFCEB                  	JGE	L23
   571 000005F1 31 DB                           	XOR	EBX,EBX
   572 000005F3                                 L31:
   573 000005F3 8D 84 2B FFFEA8A4               	LEA	EAX,DWORD [-87900+EBX+EBP*1]
   574 000005FA 83 C3 20                        	ADD	EBX,32
   575 000005FD 50                              	PUSH	EAX
   576 000005FE 8B 85 FFFEA874                  	MOV	EAX,DWORD [-87948+EBP]
   577 00000604 6A 02                           	PUSH	2
   578 00000606 01 F0                           	ADD	EAX,ESI
   579 00000608 50                              	PUSH	EAX
   580 00000609 46                              	INC	ESI
   581 0000060A FF B5 FFFEA878                  	PUSH	DWORD [-87944+EBP]
   582 00000610 8D 85 FFFEA964                  	LEA	EAX,DWORD [-87708+EBP]
   583 00000616 50                              	PUSH	EAX
   584 00000617 57                              	PUSH	EDI
   585 00000618 E8 0000006E                     	CALL	_putstr
   586 0000061D 83 C4 18                        	ADD	ESP,24
   587 00000620 3B B5 FFFEA864                  	CMP	ESI,DWORD [-87964+EBP]
   588 00000626 7C CB                           	JL	L31
   589 00000628 E9 FFFFFCAF                     	JMP	L23
   590 0000062D                                 L16:
   591 0000062D 68 [000000FF]                   	PUSH	LC9
   592 00000632 8D 85 FFFEA964                  	LEA	EAX,DWORD [-87708+EBP]
   593 00000638 6A 01                           	PUSH	1
   594 0000063A BE 00000001                     	MOV	ESI,1
   595 0000063F 6A 06                           	PUSH	6
   596 00000641 6A 0F                           	PUSH	15
   597 00000643 50                              	PUSH	EAX
   598 00000644 57                              	PUSH	EDI
   599 00000645 E8 00000041                     	CALL	_putstr
   600 0000064A 53                              	PUSH	EBX
   601 0000064B FF B5 FFFEA88C                  	PUSH	DWORD [-87924+EBP]
   602 00000651 6A 00                           	PUSH	0
   603 00000653 E8 0000019F                     	CALL	_wait
   604 00000658 83 C4 24                        	ADD	ESP,36
   605 0000065B                                 L68:
   606 0000065B 68 [0000010E]                   	PUSH	LC10
   607 00000660 8D 85 FFFEA964                  	LEA	EAX,DWORD [-87708+EBP]
   608 00000666 6A 00                           	PUSH	0
   609 00000668 56                              	PUSH	ESI
   610 00000669 46                              	INC	ESI
   611 0000066A 6A 00                           	PUSH	0
   612 0000066C 50                              	PUSH	EAX
   613 0000066D 57                              	PUSH	EDI
   614 0000066E E8 00000018                     	CALL	_putstr
   615 00000673 83 C4 18                        	ADD	ESP,24
   616 00000676 83 FE 0D                        	CMP	ESI,13
   617 00000679 7E E0                           	JLE	L68
   618 0000067B E9 FFFFFA36                     	JMP	L3
   619 00000680                                 L24:
   620 00000680 89 85 FFFEA878                  	MOV	DWORD [-87944+EBP],EAX
   621 00000686 E9 FFFFFF58                     	JMP	L26
   622 0000068B                                 	GLOBAL	_putstr
   623 0000068B                                 _putstr:
   624 0000068B 55                              	PUSH	EBP
   625 0000068C 83 C9 FF                        	OR	ECX,-1
   626 0000068F 89 E5                           	MOV	EBP,ESP
   627 00000691 57                              	PUSH	EDI
   628 00000692 56                              	PUSH	ESI
   629 00000693 53                              	PUSH	EBX
   630 00000694 83 EC 0C                        	SUB	ESP,12
   631 00000697 8B 55 14                        	MOV	EDX,DWORD [20+EBP]
   632 0000069A 8B 75 10                        	MOV	ESI,DWORD [16+EBP]
   633 0000069D C1 E2 04                        	SAL	EDX,4
   634 000006A0 8B 7D 1C                        	MOV	EDI,DWORD [28+EBP]
   635 000006A3 8D 34 F5 00000008               	LEA	ESI,DWORD [8+ESI*8]
   636 000006AA 8D 42 1D                        	LEA	EAX,DWORD [29+EDX]
   637 000006AD 89 75 E8                        	MOV	DWORD [-24+EBP],ESI
   638 000006B0 FC                              	CLD
   639 000006B1 89 45 EC                        	MOV	DWORD [-20+EBP],EAX
   640 000006B4 83 C2 2C                        	ADD	EDX,44
   641 000006B7 31 C0                           	XOR	EAX,EAX
   642 000006B9 F2                              	REPNE
   643 000006BA AE                              	SCASB
   644 000006BB F7 D1                           	NOT	ECX
   645 000006BD 6A 00                           	PUSH	0
   646 000006BF 8B 45 08                        	MOV	EAX,DWORD [8+EBP]
   647 000006C2 52                              	PUSH	EDX
   648 000006C3 8D 4C CE F7                     	LEA	ECX,DWORD [-9+ESI+ECX*8]
   649 000006C7 51                              	PUSH	ECX
   650 000006C8 40                              	INC	EAX
   651 000006C9 FF 75 EC                        	PUSH	DWORD [-20+EBP]
   652 000006CC 56                              	PUSH	ESI
   653 000006CD 8D 7D F2                        	LEA	EDI,DWORD [-14+EBP]
   654 000006D0 50                              	PUSH	EAX
   655 000006D1 E8 [00000000]                   	CALL	_api_boxfilwin
   656 000006D6 83 C4 18                        	ADD	ESP,24
   657 000006D9 8B 45 EC                        	MOV	EAX,DWORD [-20+EBP]
   658 000006DC 8B 5D 0C                        	MOV	EBX,DWORD [12+EBP]
   659 000006DF 69 C0 00000150                  	IMUL	EAX,EAX,336
   660 000006E5 C6 45 F3 00                     	MOV	BYTE [-13+EBP],0
   661 000006E9 01 C3                           	ADD	EBX,EAX
   662 000006EB                                 L85:
   663 000006EB 8B 45 1C                        	MOV	EAX,DWORD [28+EBP]
   664 000006EE 8A 08                           	MOV	CL,BYTE [EAX]
   665 000006F0 0F B6 D1                        	MOVZX	EDX,CL
   666 000006F3 85 D2                           	TEST	EDX,EDX
   667 000006F5 0F 84 000000DE                  	JE	L86
   668 000006FB 83 FA 20                        	CMP	EDX,32
   669 000006FE 0F 84 000000AE                  	JE	L89
   670 00000704 8D 42 9F                        	LEA	EAX,DWORD [-97+EDX]
   671 00000707 83 F8 07                        	CMP	EAX,7
   672 0000070A 0F 87 000000AD                  	JA	L90
   673 00000710 C1 E2 04                        	SAL	EDX,4
   674 00000713 01 F3                           	ADD	EBX,ESI
   675 00000715 81 C2 [FFFFF9F0]                	ADD	EDX,_charset-1552
   676 0000071B 31 C9                           	XOR	ECX,ECX
   677 0000071D                                 L103:
   678 0000071D 80 3C 11 00                     	CMP	BYTE [ECX+EDX*1],0
   679 00000721 79 05                           	JNS	L95
   680 00000723 8A 45 18                        	MOV	AL,BYTE [24+EBP]
   681 00000726 88 03                           	MOV	BYTE [EBX],AL
   682 00000728                                 L95:
   683 00000728 8A 04 11                        	MOV	AL,BYTE [ECX+EDX*1]
   684 0000072B 83 E0 40                        	AND	EAX,64
   685 0000072E 84 C0                           	TEST	AL,AL
   686 00000730 74 06                           	JE	L96
   687 00000732 8A 45 18                        	MOV	AL,BYTE [24+EBP]
   688 00000735 88 43 01                        	MOV	BYTE [1+EBX],AL
   689 00000738                                 L96:
   690 00000738 8A 04 11                        	MOV	AL,BYTE [ECX+EDX*1]
   691 0000073B 83 E0 20                        	AND	EAX,32
   692 0000073E 84 C0                           	TEST	AL,AL
   693 00000740 74 06                           	JE	L97
   694 00000742 8A 45 18                        	MOV	AL,BYTE [24+EBP]
   695 00000745 88 43 02                        	MOV	BYTE [2+EBX],AL
   696 00000748                                 L97:
   697 00000748 8A 04 11                        	MOV	AL,BYTE [ECX+EDX*1]
   698 0000074B 83 E0 10                        	AND	EAX,16
   699 0000074E 84 C0                           	TEST	AL,AL
   700 00000750 74 06                           	JE	L98
   701 00000752 8A 45 18                        	MOV	AL,BYTE [24+EBP]
   702 00000755 88 43 03                        	MOV	BYTE [3+EBX],AL
   703 00000758                                 L98:
   704 00000758 8A 04 11                        	MOV	AL,BYTE [ECX+EDX*1]
   705 0000075B 83 E0 08                        	AND	EAX,8
   706 0000075E 84 C0                           	TEST	AL,AL
   707 00000760 74 06                           	JE	L99
   708 00000762 8A 45 18                        	MOV	AL,BYTE [24+EBP]
   709 00000765 88 43 04                        	MOV	BYTE [4+EBX],AL
   710 00000768                                 L99:
   711 00000768 8A 04 11                        	MOV	AL,BYTE [ECX+EDX*1]
   712 0000076B 83 E0 04                        	AND	EAX,4
   713 0000076E 84 C0                           	TEST	AL,AL
   714 00000770 74 06                           	JE	L100
   715 00000772 8A 45 18                        	MOV	AL,BYTE [24+EBP]
   716 00000775 88 43 05                        	MOV	BYTE [5+EBX],AL
   717 00000778                                 L100:
   718 00000778 8A 04 11                        	MOV	AL,BYTE [ECX+EDX*1]
   719 0000077B 83 E0 02                        	AND	EAX,2
   720 0000077E 84 C0                           	TEST	AL,AL
   721 00000780 74 06                           	JE	L101
   722 00000782 8A 45 18                        	MOV	AL,BYTE [24+EBP]
   723 00000785 88 43 06                        	MOV	BYTE [6+EBX],AL
   724 00000788                                 L101:
   725 00000788 8A 04 11                        	MOV	AL,BYTE [ECX+EDX*1]
   726 0000078B 83 E0 01                        	AND	EAX,1
   727 0000078E 84 C0                           	TEST	AL,AL
   728 00000790 74 06                           	JE	L102
   729 00000792 8A 45 18                        	MOV	AL,BYTE [24+EBP]
   730 00000795 88 43 07                        	MOV	BYTE [7+EBX],AL
   731 00000798                                 L102:
   732 00000798 41                              	INC	ECX
   733 00000799 81 C3 00000150                  	ADD	EBX,336
   734 0000079F 83 F9 0F                        	CMP	ECX,15
   735 000007A2 0F 8E FFFFFF75                  	JLE	L103
   736 000007A8 89 D8                           	MOV	EAX,EBX
   737 000007AA 29 F0                           	SUB	EAX,ESI
   738 000007AC 8D 98 FFFFEB00                  	LEA	EBX,DWORD [-5376+EAX]
   739 000007B2                                 L89:
   740 000007B2 FF 45 1C                        	INC	DWORD [28+EBP]
   741 000007B5 83 C6 08                        	ADD	ESI,8
   742 000007B8 E9 FFFFFF2E                     	JMP	L85
   743 000007BD                                 L90:
   744 000007BD 57                              	PUSH	EDI
   745 000007BE 8B 45 08                        	MOV	EAX,DWORD [8+EBP]
   746 000007C1 6A 01                           	PUSH	1
   747 000007C3 40                              	INC	EAX
   748 000007C4 FF 75 18                        	PUSH	DWORD [24+EBP]
   749 000007C7 FF 75 EC                        	PUSH	DWORD [-20+EBP]
   750 000007CA 56                              	PUSH	ESI
   751 000007CB 88 4D F2                        	MOV	BYTE [-14+EBP],CL
   752 000007CE 50                              	PUSH	EAX
   753 000007CF E8 [00000000]                   	CALL	_api_putstrwin
   754 000007D4 83 C4 18                        	ADD	ESP,24
   755 000007D7 EB D9                           	JMP	L89
   756 000007D9                                 L86:
   757 000007D9 8B 45 EC                        	MOV	EAX,DWORD [-20+EBP]
   758 000007DC 83 C0 10                        	ADD	EAX,16
   759 000007DF 50                              	PUSH	EAX
   760 000007E0 56                              	PUSH	ESI
   761 000007E1 FF 75 EC                        	PUSH	DWORD [-20+EBP]
   762 000007E4 FF 75 E8                        	PUSH	DWORD [-24+EBP]
   763 000007E7 FF 75 08                        	PUSH	DWORD [8+EBP]
   764 000007EA E8 [00000000]                   	CALL	_api_refreshwin
   765 000007EF 8D 65 F4                        	LEA	ESP,DWORD [-12+EBP]
   766 000007F2 5B                              	POP	EBX
   767 000007F3 5E                              	POP	ESI
   768 000007F4 5F                              	POP	EDI
   769 000007F5 5D                              	POP	EBP
   770 000007F6 C3                              	RET
   771 000007F7                                 	GLOBAL	_wait
   772 000007F7                                 _wait:
   773 000007F7 55                              	PUSH	EBP
   774 000007F8 89 E5                           	MOV	EBP,ESP
   775 000007FA 56                              	PUSH	ESI
   776 000007FB 53                              	PUSH	EBX
   777 000007FC 8B 5D 08                        	MOV	EBX,DWORD [8+EBP]
   778 000007FF 8B 75 10                        	MOV	ESI,DWORD [16+EBP]
   779 00000802 85 DB                           	TEST	EBX,EBX
   780 00000804 7E 43                           	JLE	L108
   781 00000806 53                              	PUSH	EBX
   782 00000807 BB 00000080                     	MOV	EBX,128
   783 0000080C FF 75 0C                        	PUSH	DWORD [12+EBP]
   784 0000080F E8 [00000000]                   	CALL	_api_settimer
   785 00000814 59                              	POP	ECX
   786 00000815 58                              	POP	EAX
   787 00000816                                 L110:
   788 00000816 6A 01                           	PUSH	1
   789 00000818 E8 [00000000]                   	CALL	_api_getkey
   790 0000081D 5A                              	POP	EDX
   791 0000081E 39 C3                           	CMP	EBX,EAX
   792 00000820 74 20                           	JE	L107
   793 00000822 83 F8 34                        	CMP	EAX,52
   794 00000825 74 16                           	JE	L117
   795 00000827                                 L114:
   796 00000827 83 F8 36                        	CMP	EAX,54
   797 0000082A 74 0B                           	JE	L118
   798 0000082C                                 L115:
   799 0000082C 83 F8 20                        	CMP	EAX,32
   800 0000082F 75 E5                           	JNE	L110
   801 00000831 C6 46 02 01                     	MOV	BYTE [2+ESI],1
   802 00000835 EB DF                           	JMP	L110
   803 00000837                                 L118:
   804 00000837 C6 46 01 01                     	MOV	BYTE [1+ESI],1
   805 0000083B EB EF                           	JMP	L115
   806 0000083D                                 L117:
   807 0000083D C6 06 01                        	MOV	BYTE [ESI],1
   808 00000840 EB E5                           	JMP	L114
   809 00000842                                 L107:
   810 00000842 8D 65 F8                        	LEA	ESP,DWORD [-8+EBP]
   811 00000845 5B                              	POP	EBX
   812 00000846 5E                              	POP	ESI
   813 00000847 5D                              	POP	EBP
   814 00000848 C3                              	RET
   815 00000849                                 L108:
   816 00000849 BB 0000000A                     	MOV	EBX,10
   817 0000084E EB C6                           	JMP	L110
   818 00000850                                 	GLOBAL	_setdec8
   819 00000850                                 _setdec8:
   820 00000850 55                              	PUSH	EBP
   821 00000851 B9 00000007                     	MOV	ECX,7
   822 00000856 89 E5                           	MOV	EBP,ESP
   823 00000858 57                              	PUSH	EDI
   824 00000859 56                              	PUSH	ESI
   825 0000085A 53                              	PUSH	EBX
   826 0000085B 8B 5D 08                        	MOV	EBX,DWORD [8+EBP]
   827 0000085E                                 L124:
   828 0000085E 8B 45 0C                        	MOV	EAX,DWORD [12+EBP]
   829 00000861 BA 0000000A                     	MOV	EDX,10
   830 00000866 89 D7                           	MOV	EDI,EDX
   831 00000868 99                              	CDQ
   832 00000869 F7 FF                           	IDIV	EDI
   833 0000086B 83 C2 30                        	ADD	EDX,48
   834 0000086E 88 14 19                        	MOV	BYTE [ECX+EBX*1],DL
   835 00000871 49                              	DEC	ECX
   836 00000872 89 45 0C                        	MOV	DWORD [12+EBP],EAX
   837 00000875 79 E7                           	JNS	L124
   838 00000877 C6 43 08 00                     	MOV	BYTE [8+EBX],0
   839 0000087B 5B                              	POP	EBX
   840 0000087C 5E                              	POP	ESI
   841 0000087D 5F                              	POP	EDI
   842 0000087E 5D                              	POP	EBP
   843 0000087F C3                              	RET
