     1 00000000                                 [FORMAT "WCOFF"]
     2 00000000                                 [INSTRSET "i486p"]
     3 00000000                                 [OPTIMIZE 1]
     4 00000000                                 [OPTION 1]
     5 00000000                                 [BITS 32]
     6 00000000                                 	EXTERN	_vsprintf
     7 00000000                                 	EXTERN	_api_putstr0
     8 00000000                                 	EXTERN	_api_initmalloc
     9 00000000                                 	EXTERN	_api_malloc
    10 00000000                                 	EXTERN	_api_openwin
    11 00000000                                 	EXTERN	_api_boxfilwin
    12 00000000                                 	EXTERN	_api_point
    13 00000000                                 	EXTERN	_api_getkey
    14 00000000                                 	EXTERN	_api_end
    15 00000000                                 [FILE "star1.ca"]
    16                                          [SECTION .text]
    17 00000000                                 	GLOBAL	_printf
    18 00000000                                 _printf:
    19 00000000 55                              	PUSH	EBP
    20 00000001 89 E5                           	MOV	EBP,ESP
    21 00000003 56                              	PUSH	ESI
    22 00000004 53                              	PUSH	EBX
    23 00000005 81 EC 000003F0                  	SUB	ESP,1008
    24 0000000B 8D 45 0C                        	LEA	EAX,DWORD [12+EBP]
    25 0000000E 8D 9D FFFFFC08                  	LEA	EBX,DWORD [-1016+EBP]
    26 00000014 50                              	PUSH	EAX
    27 00000015 FF 75 08                        	PUSH	DWORD [8+EBP]
    28 00000018 53                              	PUSH	EBX
    29 00000019 E8 [00000000]                   	CALL	_vsprintf
    30 0000001E 53                              	PUSH	EBX
    31 0000001F 89 C6                           	MOV	ESI,EAX
    32 00000021 E8 [00000000]                   	CALL	_api_putstr0
    33 00000026 8D 65 F8                        	LEA	ESP,DWORD [-8+EBP]
    34 00000029 89 F0                           	MOV	EAX,ESI
    35 0000002B 5B                              	POP	EBX
    36 0000002C 5E                              	POP	ESI
    37 0000002D 5D                              	POP	EBP
    38 0000002E C3                              	RET
    39                                          [SECTION .data]
    40 00000000                                 LC0:
    41 00000000 73 74 61 72 31 00               	DB	"star1",0x00
    42                                          [SECTION .text]
    43 0000002F                                 	GLOBAL	_CHNMain
    44 0000002F                                 _CHNMain:
    45 0000002F 55                              	PUSH	EBP
    46 00000030 89 E5                           	MOV	EBP,ESP
    47 00000032 53                              	PUSH	EBX
    48 00000033 E8 [00000000]                   	CALL	_api_initmalloc
    49 00000038 68 00003A98                     	PUSH	15000
    50 0000003D E8 [00000000]                   	CALL	_api_malloc
    51 00000042 68 [00000000]                   	PUSH	LC0
    52 00000047 6A FF                           	PUSH	-1
    53 00000049 6A 64                           	PUSH	100
    54 0000004B 68 00000096                     	PUSH	150
    55 00000050 50                              	PUSH	EAX
    56 00000051 E8 [00000000]                   	CALL	_api_openwin
    57 00000056 6A 00                           	PUSH	0
    58 00000058 6A 5D                           	PUSH	93
    59 0000005A 89 C3                           	MOV	EBX,EAX
    60 0000005C 68 0000008F                     	PUSH	143
    61 00000061 6A 1A                           	PUSH	26
    62 00000063 6A 06                           	PUSH	6
    63 00000065 50                              	PUSH	EAX
    64 00000066 E8 [00000000]                   	CALL	_api_boxfilwin
    65 0000006B 83 C4 30                        	ADD	ESP,48
    66 0000006E 6A 03                           	PUSH	3
    67 00000070 6A 3B                           	PUSH	59
    68 00000072 6A 4B                           	PUSH	75
    69 00000074 53                              	PUSH	EBX
    70 00000075 E8 [00000000]                   	CALL	_api_point
    71 0000007A 83 C4 10                        	ADD	ESP,16
    72 0000007D                                 L3:
    73 0000007D 6A 01                           	PUSH	1
    74 0000007F E8 [00000000]                   	CALL	_api_getkey
    75 00000084 5A                              	POP	EDX
    76 00000085 83 F8 0A                        	CMP	EAX,10
    77 00000088 75 F3                           	JNE	L3
    78 0000008A 8B 5D FC                        	MOV	EBX,DWORD [-4+EBP]
    79 0000008D C9                              	LEAVE
    80 0000008E E9 [00000000]                   	JMP	_api_end
