     1 00000000                                 [FORMAT "WCOFF"]
     2 00000000                                 [INSTRSET "i486p"]
     3 00000000                                 [OPTIMIZE 1]
     4 00000000                                 [OPTION 1]
     5 00000000                                 [BITS 32]
     6 00000000                                 	EXTERN	_vsprintf
     7 00000000                                 	EXTERN	_api_putstr0
     8 00000000                                 	EXTERN	__alloca
     9 00000000                                 	EXTERN	_api_openwin
    10 00000000                                 	EXTERN	_api_boxfilwin
    11 00000000                                 	EXTERN	_api_getkey
    12 00000000                                 	EXTERN	_api_end
    13 00000000                                 [FILE "notrec.ca"]
    14                                          [SECTION .text]
    15 00000000                                 	GLOBAL	_printf
    16 00000000                                 _printf:
    17 00000000 55                              	PUSH	EBP
    18 00000001 89 E5                           	MOV	EBP,ESP
    19 00000003 56                              	PUSH	ESI
    20 00000004 53                              	PUSH	EBX
    21 00000005 81 EC 000003F0                  	SUB	ESP,1008
    22 0000000B 8D 45 0C                        	LEA	EAX,DWORD [12+EBP]
    23 0000000E 8D 9D FFFFFC08                  	LEA	EBX,DWORD [-1016+EBP]
    24 00000014 50                              	PUSH	EAX
    25 00000015 FF 75 08                        	PUSH	DWORD [8+EBP]
    26 00000018 53                              	PUSH	EBX
    27 00000019 E8 [00000000]                   	CALL	_vsprintf
    28 0000001E 53                              	PUSH	EBX
    29 0000001F 89 C6                           	MOV	ESI,EAX
    30 00000021 E8 [00000000]                   	CALL	_api_putstr0
    31 00000026 8D 65 F8                        	LEA	ESP,DWORD [-8+EBP]
    32 00000029 89 F0                           	MOV	EAX,ESI
    33 0000002B 5B                              	POP	EBX
    34 0000002C 5E                              	POP	ESI
    35 0000002D 5D                              	POP	EBP
    36 0000002E C3                              	RET
    37                                          [SECTION .data]
    38 00000000                                 LC0:
    39 00000000 6E 6F 74 72 65 63 00            	DB	"notrec",0x00
    40                                          [SECTION .text]
    41 0000002F                                 	GLOBAL	_CHNMain
    42 0000002F                                 _CHNMain:
    43 0000002F 55                              	PUSH	EBP
    44 00000030 B8 00002910                     	MOV	EAX,10512
    45 00000035 89 E5                           	MOV	EBP,ESP
    46 00000037 53                              	PUSH	EBX
    47 00000038 E8 [00000000]                   	CALL	__alloca
    48 0000003D 68 [00000000]                   	PUSH	LC0
    49 00000042 68 000000FF                     	PUSH	255
    50 00000047 8D 85 FFFFD6EC                  	LEA	EAX,DWORD [-10516+EBP]
    51 0000004D 6A 46                           	PUSH	70
    52 0000004F 68 00000096                     	PUSH	150
    53 00000054 50                              	PUSH	EAX
    54 00000055 E8 [00000000]                   	CALL	_api_openwin
    55 0000005A 68 000000FF                     	PUSH	255
    56 0000005F 6A 45                           	PUSH	69
    57 00000061 89 C3                           	MOV	EBX,EAX
    58 00000063 6A 22                           	PUSH	34
    59 00000065 6A 32                           	PUSH	50
    60 00000067 6A 00                           	PUSH	0
    61 00000069 50                              	PUSH	EAX
    62 0000006A E8 [00000000]                   	CALL	_api_boxfilwin
    63 0000006F 83 C4 2C                        	ADD	ESP,44
    64 00000072 68 000000FF                     	PUSH	255
    65 00000077 6A 45                           	PUSH	69
    66 00000079 68 00000095                     	PUSH	149
    67 0000007E 6A 32                           	PUSH	50
    68 00000080 6A 73                           	PUSH	115
    69 00000082 53                              	PUSH	EBX
    70 00000083 E8 [00000000]                   	CALL	_api_boxfilwin
    71 00000088 68 000000FF                     	PUSH	255
    72 0000008D 6A 31                           	PUSH	49
    73 0000008F 6A 63                           	PUSH	99
    74 00000091 6A 1E                           	PUSH	30
    75 00000093 6A 32                           	PUSH	50
    76 00000095 53                              	PUSH	EBX
    77 00000096 E8 [00000000]                   	CALL	_api_boxfilwin
    78 0000009B 83 C4 30                        	ADD	ESP,48
    79 0000009E                                 L3:
    80 0000009E 6A 01                           	PUSH	1
    81 000000A0 E8 [00000000]                   	CALL	_api_getkey
    82 000000A5 5A                              	POP	EDX
    83 000000A6 83 F8 0A                        	CMP	EAX,10
    84 000000A9 75 F3                           	JNE	L3
    85 000000AB E8 [00000000]                   	CALL	_api_end
    86 000000B0 8B 5D FC                        	MOV	EBX,DWORD [-4+EBP]
    87 000000B3 C9                              	LEAVE
    88 000000B4 C3                              	RET
