     1 00000000                                 [FORMAT "WCOFF"]
     2 00000000                                 [INSTRSET "i486p"]
     3 00000000                                 [OPTIMIZE 1]
     4 00000000                                 [OPTION 1]
     5 00000000                                 [BITS 32]
     6 00000000                                 	EXTERN	_vsprintf
     7 00000000                                 	EXTERN	_api_putstr0
     8 00000000                                 	EXTERN	_api_initmalloc
     9 00000000                                 	EXTERN	_api_malloc
    10 00000000                                 	EXTERN	_api_openwin
    11 00000000                                 	EXTERN	_api_boxfilwin
    12 00000000                                 	EXTERN	_api_putstrwin
    13 00000000                                 	EXTERN	_api_getkey
    14 00000000                                 	EXTERN	_api_end
    15 00000000                                 [FILE "winhelo3.ca"]
    16                                          [SECTION .text]
    17 00000000                                 	GLOBAL	_printf
    18 00000000                                 _printf:
    19 00000000 55                              	PUSH	EBP
    20 00000001 89 E5                           	MOV	EBP,ESP
    21 00000003 56                              	PUSH	ESI
    22 00000004 53                              	PUSH	EBX
    23 00000005 81 EC 000003F0                  	SUB	ESP,1008
    24 0000000B 8D 45 0C                        	LEA	EAX,DWORD [12+EBP]
    25 0000000E 8D 9D FFFFFC08                  	LEA	EBX,DWORD [-1016+EBP]
    26 00000014 50                              	PUSH	EAX
    27 00000015 FF 75 08                        	PUSH	DWORD [8+EBP]
    28 00000018 53                              	PUSH	EBX
    29 00000019 E8 [00000000]                   	CALL	_vsprintf
    30 0000001E 53                              	PUSH	EBX
    31 0000001F 89 C6                           	MOV	ESI,EAX
    32 00000021 E8 [00000000]                   	CALL	_api_putstr0
    33 00000026 8D 65 F8                        	LEA	ESP,DWORD [-8+EBP]
    34 00000029 89 F0                           	MOV	EAX,ESI
    35 0000002B 5B                              	POP	EBX
    36 0000002C 5E                              	POP	ESI
    37 0000002D 5D                              	POP	EBP
    38 0000002E C3                              	RET
    39                                          [SECTION .data]
    40 00000000                                 LC0:
    41 00000000 68 65 6C 6C 6F 00               	DB	"hello",0x00
    42 00000006                                 LC1:
    43 00000006 68 65 6C 6C 6F 2C 20 77 6F 72   	DB	"hello, world",0x00
       00000010 6C 64 00 
    44                                          [SECTION .text]
    45 0000002F                                 	GLOBAL	_CHNMain
    46 0000002F                                 _CHNMain:
    47 0000002F 55                              	PUSH	EBP
    48 00000030 89 E5                           	MOV	EBP,ESP
    49 00000032 53                              	PUSH	EBX
    50 00000033 E8 [00000000]                   	CALL	_api_initmalloc
    51 00000038 68 00001D4C                     	PUSH	7500
    52 0000003D E8 [00000000]                   	CALL	_api_malloc
    53 00000042 68 [00000000]                   	PUSH	LC0
    54 00000047 6A FF                           	PUSH	-1
    55 00000049 6A 32                           	PUSH	50
    56 0000004B 68 00000096                     	PUSH	150
    57 00000050 50                              	PUSH	EAX
    58 00000051 E8 [00000000]                   	CALL	_api_openwin
    59 00000056 6A 06                           	PUSH	6
    60 00000058 6A 2B                           	PUSH	43
    61 0000005A 89 C3                           	MOV	EBX,EAX
    62 0000005C 68 0000008D                     	PUSH	141
    63 00000061 6A 24                           	PUSH	36
    64 00000063 6A 08                           	PUSH	8
    65 00000065 50                              	PUSH	EAX
    66 00000066 E8 [00000000]                   	CALL	_api_boxfilwin
    67 0000006B 83 C4 30                        	ADD	ESP,48
    68 0000006E 68 [00000006]                   	PUSH	LC1
    69 00000073 6A 0C                           	PUSH	12
    70 00000075 6A 00                           	PUSH	0
    71 00000077 6A 1C                           	PUSH	28
    72 00000079 6A 1C                           	PUSH	28
    73 0000007B 53                              	PUSH	EBX
    74 0000007C E8 [00000000]                   	CALL	_api_putstrwin
    75 00000081 83 C4 18                        	ADD	ESP,24
    76 00000084                                 L3:
    77 00000084 6A 01                           	PUSH	1
    78 00000086 E8 [00000000]                   	CALL	_api_getkey
    79 0000008B 5A                              	POP	EDX
    80 0000008C 83 F8 0A                        	CMP	EAX,10
    81 0000008F 75 F3                           	JNE	L3
    82 00000091 8B 5D FC                        	MOV	EBX,DWORD [-4+EBP]
    83 00000094 C9                              	LEAVE
    84 00000095 E9 [00000000]                   	JMP	_api_end
