     1 00000000                                 [FORMAT "WCOFF"]
     2 00000000                                 [INSTRSET "i486p"]
     3 00000000                                 [OPTIMIZE 1]
     4 00000000                                 [OPTION 1]
     5 00000000                                 [BITS 32]
     6 00000000                                 	EXTERN	_vsprintf
     7 00000000                                 	EXTERN	_api_putstr0
     8 00000000                                 	EXTERN	_api_initmalloc
     9 00000000                                 	EXTERN	_api_malloc
    10 00000000                                 	EXTERN	_api_end
    11 00000000                                 	EXTERN	_sprintf
    12 00000000                                 [FILE "sosu3.ca"]
    13                                          [SECTION .text]
    14 00000000                                 	GLOBAL	_printf
    15 00000000                                 _printf:
    16 00000000 55                              	PUSH	EBP
    17 00000001 89 E5                           	MOV	EBP,ESP
    18 00000003 56                              	PUSH	ESI
    19 00000004 53                              	PUSH	EBX
    20 00000005 81 EC 000003F0                  	SUB	ESP,1008
    21 0000000B 8D 45 0C                        	LEA	EAX,DWORD [12+EBP]
    22 0000000E 8D 9D FFFFFC08                  	LEA	EBX,DWORD [-1016+EBP]
    23 00000014 50                              	PUSH	EAX
    24 00000015 FF 75 08                        	PUSH	DWORD [8+EBP]
    25 00000018 53                              	PUSH	EBX
    26 00000019 E8 [00000000]                   	CALL	_vsprintf
    27 0000001E 53                              	PUSH	EBX
    28 0000001F 89 C6                           	MOV	ESI,EAX
    29 00000021 E8 [00000000]                   	CALL	_api_putstr0
    30 00000026 8D 65 F8                        	LEA	ESP,DWORD [-8+EBP]
    31 00000029 89 F0                           	MOV	EAX,ESI
    32 0000002B 5B                              	POP	EBX
    33 0000002C 5E                              	POP	ESI
    34 0000002D 5D                              	POP	EBP
    35 0000002E C3                              	RET
    36                                          [SECTION .data]
    37 00000000                                 LC0:
    38 00000000 25 64 20 00                     	DB	"%d ",0x00
    39                                          [SECTION .text]
    40 0000002F                                 	GLOBAL	_CHNMain
    41 0000002F                                 _CHNMain:
    42 0000002F 55                              	PUSH	EBP
    43 00000030 89 E5                           	MOV	EBP,ESP
    44 00000032 57                              	PUSH	EDI
    45 00000033 56                              	PUSH	ESI
    46 00000034 31 F6                           	XOR	ESI,ESI
    47 00000036 53                              	PUSH	EBX
    48 00000037 52                              	PUSH	EDX
    49 00000038 52                              	PUSH	EDX
    50 00000039 E8 [00000000]                   	CALL	_api_initmalloc
    51 0000003E 68 00002710                     	PUSH	10000
    52 00000043 E8 [00000000]                   	CALL	_api_malloc
    53 00000048 89 C7                           	MOV	EDI,EAX
    54 0000004A 58                              	POP	EAX
    55 0000004B                                 L7:
    56 0000004B C6 04 3E 00                     	MOV	BYTE [ESI+EDI*1],0
    57 0000004F 46                              	INC	ESI
    58 00000050 81 FE 0000270F                  	CMP	ESI,9999
    59 00000056 7E F3                           	JLE	L7
    60 00000058 BE 00000002                     	MOV	ESI,2
    61 0000005D                                 L18:
    62 0000005D 80 3C 3E 00                     	CMP	BYTE [ESI+EDI*1],0
    63 00000061 74 16                           	JE	L24
    64 00000063                                 L10:
    65 00000063 46                              	INC	ESI
    66 00000064 81 FE 0000270F                  	CMP	ESI,9999
    67 0000006A 7E F1                           	JLE	L18
    68 0000006C E8 [00000000]                   	CALL	_api_end
    69 00000071 8D 65 F4                        	LEA	ESP,DWORD [-12+EBP]
    70 00000074 5B                              	POP	EBX
    71 00000075 5E                              	POP	ESI
    72 00000076 5F                              	POP	EDI
    73 00000077 5D                              	POP	EBP
    74 00000078 C3                              	RET
    75 00000079                                 L24:
    76 00000079 56                              	PUSH	ESI
    77 0000007A 8D 5D EC                        	LEA	EBX,DWORD [-20+EBP]
    78 0000007D 68 [00000000]                   	PUSH	LC0
    79 00000082 53                              	PUSH	EBX
    80 00000083 E8 [00000000]                   	CALL	_sprintf
    81 00000088 53                              	PUSH	EBX
    82 00000089 E8 [00000000]                   	CALL	_api_putstr0
    83 0000008E 83 C4 10                        	ADD	ESP,16
    84 00000091 8D 04 36                        	LEA	EAX,DWORD [ESI+ESI*1]
    85 00000094 3D 0000270F                     	CMP	EAX,9999
    86 00000099 7F C8                           	JG	L10
    87 0000009B                                 L17:
    88 0000009B C6 04 38 01                     	MOV	BYTE [EAX+EDI*1],1
    89 0000009F 01 F0                           	ADD	EAX,ESI
    90 000000A1 3D 0000270F                     	CMP	EAX,9999
    91 000000A6 7E F3                           	JLE	L17
    92 000000A8 EB B9                           	JMP	L10
