     1 00000000                                 [FORMAT "WCOFF"]
     2 00000000                                 [INSTRSET "i486p"]
     3 00000000                                 [OPTIMIZE 1]
     4 00000000                                 [OPTION 1]
     5 00000000                                 [BITS 32]
     6 00000000                                 	EXTERN	_vsprintf
     7 00000000                                 	EXTERN	_api_putstr0
     8 00000000                                 	EXTERN	_api_end
     9 00000000                                 	EXTERN	_sprintf
    10 00000000                                 [FILE "sosu.ca"]
    11                                          [SECTION .text]
    12 00000000                                 	GLOBAL	_printf
    13 00000000                                 _printf:
    14 00000000 55                              	PUSH	EBP
    15 00000001 89 E5                           	MOV	EBP,ESP
    16 00000003 56                              	PUSH	ESI
    17 00000004 53                              	PUSH	EBX
    18 00000005 81 EC 000003F0                  	SUB	ESP,1008
    19 0000000B 8D 45 0C                        	LEA	EAX,DWORD [12+EBP]
    20 0000000E 8D 9D FFFFFC08                  	LEA	EBX,DWORD [-1016+EBP]
    21 00000014 50                              	PUSH	EAX
    22 00000015 FF 75 08                        	PUSH	DWORD [8+EBP]
    23 00000018 53                              	PUSH	EBX
    24 00000019 E8 [00000000]                   	CALL	_vsprintf
    25 0000001E 53                              	PUSH	EBX
    26 0000001F 89 C6                           	MOV	ESI,EAX
    27 00000021 E8 [00000000]                   	CALL	_api_putstr0
    28 00000026 8D 65 F8                        	LEA	ESP,DWORD [-8+EBP]
    29 00000029 89 F0                           	MOV	EAX,ESI
    30 0000002B 5B                              	POP	EBX
    31 0000002C 5E                              	POP	ESI
    32 0000002D 5D                              	POP	EBP
    33 0000002E C3                              	RET
    34                                          [SECTION .data]
    35 00000000                                 LC0:
    36 00000000 25 64 20 00                     	DB	"%d ",0x00
    37                                          [SECTION .text]
    38 0000002F                                 	GLOBAL	_CHNMain
    39 0000002F                                 _CHNMain:
    40 0000002F 55                              	PUSH	EBP
    41 00000030 89 E5                           	MOV	EBP,ESP
    42 00000032 56                              	PUSH	ESI
    43 00000033 53                              	PUSH	EBX
    44 00000034 31 F6                           	XOR	ESI,ESI
    45 00000036 81 EC 000003F8                  	SUB	ESP,1016
    46 0000003C                                 L7:
    47 0000003C C6 84 35 FFFFFC08 00            	MOV	BYTE [-1016+EBP+ESI*1],0
    48 00000044 46                              	INC	ESI
    49 00000045 81 FE 000003E7                  	CMP	ESI,999
    50 0000004B 7E EF                           	JLE	L7
    51 0000004D BE 00000002                     	MOV	ESI,2
    52 00000052                                 L18:
    53 00000052 80 BC 35 FFFFFC08 00            	CMP	BYTE [-1016+EBP+ESI*1],0
    54 0000005A 74 15                           	JE	L24
    55 0000005C                                 L10:
    56 0000005C 46                              	INC	ESI
    57 0000005D 81 FE 000003E7                  	CMP	ESI,999
    58 00000063 7E ED                           	JLE	L18
    59 00000065 E8 [00000000]                   	CALL	_api_end
    60 0000006A 8D 65 F8                        	LEA	ESP,DWORD [-8+EBP]
    61 0000006D 5B                              	POP	EBX
    62 0000006E 5E                              	POP	ESI
    63 0000006F 5D                              	POP	EBP
    64 00000070 C3                              	RET
    65 00000071                                 L24:
    66 00000071 56                              	PUSH	ESI
    67 00000072 8D 9D FFFFFC00                  	LEA	EBX,DWORD [-1024+EBP]
    68 00000078 68 [00000000]                   	PUSH	LC0
    69 0000007D 53                              	PUSH	EBX
    70 0000007E E8 [00000000]                   	CALL	_sprintf
    71 00000083 53                              	PUSH	EBX
    72 00000084 E8 [00000000]                   	CALL	_api_putstr0
    73 00000089 83 C4 10                        	ADD	ESP,16
    74 0000008C 8D 04 36                        	LEA	EAX,DWORD [ESI+ESI*1]
    75 0000008F 3D 000003E7                     	CMP	EAX,999
    76 00000094 7F C6                           	JG	L10
    77 00000096                                 L17:
    78 00000096 C6 84 05 FFFFFC08 01            	MOV	BYTE [-1016+EBP+EAX*1],1
    79 0000009E 01 F0                           	ADD	EAX,ESI
    80 000000A0 3D 000003E7                     	CMP	EAX,999
    81 000000A5 7E EF                           	JLE	L17
    82 000000A7 EB B3                           	JMP	L10
