     1 00000000                                 [FORMAT "WCOFF"]
     2 00000000                                 [INSTRSET "i486p"]
     3 00000000                                 [OPTIMIZE 1]
     4 00000000                                 [OPTION 1]
     5 00000000                                 [BITS 32]
     6 00000000                                 	EXTERN	_vsprintf
     7 00000000                                 	EXTERN	_api_putstr0
     8 00000000                                 	EXTERN	__alloca
     9 00000000                                 	EXTERN	_api_cmdline
    10 00000000                                 	EXTERN	_api_openwin
    11 00000000                                 	EXTERN	_api_putstrwin
    12 00000000                                 	EXTERN	_api_boxfilwin
    13 00000000                                 	EXTERN	_api_fopen
    14 00000000                                 	EXTERN	_api_fsize
    15 00000000                                 	EXTERN	_api_fread
    16 00000000                                 	EXTERN	_api_fclose
    17 00000000                                 	EXTERN	_api_alloctimer
    18 00000000                                 	EXTERN	_api_inittimer
    19 00000000                                 	EXTERN	_api_refreshwin
    20 00000000                                 	EXTERN	_strtol
    21 00000000                                 	EXTERN	_api_beep
    22 00000000                                 	EXTERN	_api_settimer
    23 00000000                                 	EXTERN	_api_getkey
    24 00000000                                 	EXTERN	_api_end
    25 00000000                                 [FILE "mmlplay.ca"]
    26                                          [SECTION .text]
    27 00000000                                 	GLOBAL	_printf
    28 00000000                                 _printf:
    29 00000000 55                              	PUSH	EBP
    30 00000001 89 E5                           	MOV	EBP,ESP
    31 00000003 56                              	PUSH	ESI
    32 00000004 53                              	PUSH	EBX
    33 00000005 81 EC 000003F0                  	SUB	ESP,1008
    34 0000000B 8D 45 0C                        	LEA	EAX,DWORD [12+EBP]
    35 0000000E 8D 9D FFFFFC08                  	LEA	EBX,DWORD [-1016+EBP]
    36 00000014 50                              	PUSH	EAX
    37 00000015 FF 75 08                        	PUSH	DWORD [8+EBP]
    38 00000018 53                              	PUSH	EBX
    39 00000019 E8 [00000000]                   	CALL	_vsprintf
    40 0000001E 53                              	PUSH	EBX
    41 0000001F 89 C6                           	MOV	ESI,EAX
    42 00000021 E8 [00000000]                   	CALL	_api_putstr0
    43 00000026 8D 65 F8                        	LEA	ESP,DWORD [-8+EBP]
    44 00000029 89 F0                           	MOV	EAX,ESI
    45 0000002B 5B                              	POP	EBX
    46 0000002C 5E                              	POP	ESI
    47 0000002D 5D                              	POP	EBP
    48 0000002E C3                              	RET
    49                                          [SECTION .data]
    50 00000000                                 _tonetable.0:
    51 00000000 3FDF990B                        	DD	1071618315
    52 00000004 43ABEA18                        	DD	1135340056
    53 00000008 47B20C49                        	DD	1202850889
    54 0000000C 4BF56FBD                        	DD	1274376125
    55 00000010 5079B8E9                        	DD	1350154473
    56 00000014 5542C3B4                        	DD	1430438836
    57 00000018 5A54A6C3                        	DD	1515497155
    58 0000001C 5FB3B6FA                        	DD	1605613306
    59 00000020 65648B29                        	DD	1701088041
    60 00000024 6B6C0000                        	DD	1802240000
    61 00000028 71CF3C2F                        	DD	1909406767
    62 0000002C 7893B4D2                        	DD	2022946002
    63 00000030                                 	ALIGNB	4
    64 00000030                                 _notetable.1:
    65 00000030 00000009                        	DD	9
    66 00000034 0000000B                        	DD	11
    67 00000038 00000000                        	DD	0
    68 0000003C 00000002                        	DD	2
    69 00000040 00000004                        	DD	4
    70 00000044 00000005                        	DD	5
    71 00000048 00000007                        	DD	7
    72 0000004C                                 LC0:
    73 0000004C 83 74 83 40 83 43 83 8B 82 F0   	DB	0x83,"t",0x83,"@",0x83,"C",0x83,0x8B,0x82,0xF0,0x8A,"J",0x82,0xAF,0x82,0xDC,0x82,0xB9,0x82,0xF1,".",0x0A,0x83,"t",0x83,"@",0x83,"C",0x83,0x8B,0x82,0xAA,0x91,0xB6,0x8D,0xDD,0x82,0xB5,0x82,0xDC,0x82,0xB9,0x82,0xF1,".",0x0A,0x00
       00000056 8A 4A 82 AF 82 DC 82 B9 82 F1 
       00000060 2E 0A 83 74 83 40 83 43 83 8B 
       0000006A 82 AA 91 B6 8D DD 82 B5 82 DC 
       00000074 82 B9 82 F1 2E 0A 00 
    74 0000007B                                 LC1:
    75 0000007B 6D 6D 6C 70 6C 61 79 00         	DB	"mmlplay",0x00
    76 00000083                                 LC3:
    77 00000083 6D 6D 6C 20 73 79 6E 74 61 78   	DB	"mml syntax error.",0x0A,0x00
       0000008D 20 65 72 72 6F 72 2E 0A 00 
    78 00000096                                 LC2:
    79 00000096 6B 61 72 61 6F 6B 65 20 74 6F   	DB	"karaoke too long.",0x0A,0x00
       000000A0 6F 20 6C 6F 6E 67 2E 0A 00 
    80                                          [SECTION .text]
    81 0000002F                                 	GLOBAL	_CHNMain
    82 0000002F                                 _CHNMain:
    83 0000002F 55                              	PUSH	EBP
    84 00000030 B8 00020044                     	MOV	EAX,131140
    85 00000035 89 E5                           	MOV	EBP,ESP
    86 00000037 57                              	PUSH	EDI
    87 00000038 56                              	PUSH	ESI
    88 00000039 53                              	PUSH	EBX
    89 0000003A 8D 9D FFFDFFD4                  	LEA	EBX,DWORD [-131116+EBP]
    90 00000040 E8 [00000000]                   	CALL	__alloca
    91 00000045 6A 1E                           	PUSH	30
    92 00000047 53                              	PUSH	EBX
    93 00000048 C7 85 FFFDFFC4 00000078         	MOV	DWORD [-131132+EBP],120
    94 00000052 C7 85 FFFDFFC0 00000030         	MOV	DWORD [-131136+EBP],48
    95 0000005C C7 85 FFFDFFBC 00000004         	MOV	DWORD [-131140+EBP],4
    96 00000066 C7 85 FFFDFFB8 00000007         	MOV	DWORD [-131144+EBP],7
    97 00000070 C7 85 FFFDFFB4 00000000         	MOV	DWORD [-131148+EBP],0
    98 0000007A E8 [00000000]                   	CALL	_api_cmdline
    99 0000007F 89 D9                           	MOV	ECX,EBX
   100 00000081 58                              	POP	EAX
   101 00000082 89 9D FFFDFFD0                  	MOV	DWORD [-131120+EBP],EBX
   102 00000088 5A                              	POP	EDX
   103 00000089 80 BD FFFDFFD4 20               	CMP	BYTE [-131116+EBP],32
   104 00000090 7E 19                           	JLE	L119
   105 00000092 8D 95 FFFDFFD5                  	LEA	EDX,DWORD [-131115+EBP]
   106 00000098                                 L7:
   107 00000098 89 D0                           	MOV	EAX,EDX
   108 0000009A 89 95 FFFDFFD0                  	MOV	DWORD [-131120+EBP],EDX
   109 000000A0 8D 51 02                        	LEA	EDX,DWORD [2+ECX]
   110 000000A3 89 C1                           	MOV	ECX,EAX
   111 000000A5 80 7A FF 20                     	CMP	BYTE [-1+EDX],32
   112 000000A9 7F ED                           	JG	L7
   113 000000AB                                 L119:
   114 000000AB 8B 8D FFFDFFD0                  	MOV	ECX,DWORD [-131120+EBP]
   115 000000B1 80 39 20                        	CMP	BYTE [ECX],32
   116 000000B4 0F 84 00000789                  	JE	L140
   117 000000BA                                 L121:
   118 000000BA FC                              	CLD
   119 000000BB 83 C9 FF                        	OR	ECX,-1
   120 000000BE 31 C0                           	XOR	EAX,EAX
   121 000000C0 8B BD FFFDFFD0                  	MOV	EDI,DWORD [-131120+EBP]
   122 000000C6 F2                              	REPNE
   123 000000C7 AE                              	SCASB
   124 000000C8 F7 D1                           	NOT	ECX
   125 000000CA 8D 71 FF                        	LEA	ESI,DWORD [-1+ECX]
   126 000000CD 83 FE 0C                        	CMP	ESI,12
   127 000000D0 7E 0B                           	JLE	L13
   128 000000D2                                 L14:
   129 000000D2 68 [0000004C]                   	PUSH	LC0
   130 000000D7 E8 000007C0                     	CALL	_end
   131 000000DC 5F                              	POP	EDI
   132 000000DD                                 L13:
   133 000000DD 85 F6                           	TEST	ESI,ESI
   134 000000DF 75 08                           	JNE	L15
   135 000000E1 6A 00                           	PUSH	0
   136 000000E3 E8 000007B4                     	CALL	_end
   137 000000E8 5B                              	POP	EBX
   138 000000E9                                 L15:
   139 000000E9 68 [0000007B]                   	PUSH	LC1
   140 000000EE 8D 85 FFFF8FF4                  	LEA	EAX,DWORD [-28684+EBP]
   141 000000F4 6A FF                           	PUSH	-1
   142 000000F6 6A 70                           	PUSH	112
   143 000000F8 68 00000100                     	PUSH	256
   144 000000FD 50                              	PUSH	EAX
   145 000000FE E8 [00000000]                   	CALL	_api_openwin
   146 00000103 FF B5 FFFDFFD0                  	PUSH	DWORD [-131120+EBP]
   147 00000109 56                              	PUSH	ESI
   148 0000010A 89 85 FFFDFFCC                  	MOV	DWORD [-131124+EBP],EAX
   149 00000110 6A 00                           	PUSH	0
   150 00000112 6A 20                           	PUSH	32
   151 00000114 68 00000080                     	PUSH	128
   152 00000119 50                              	PUSH	EAX
   153 0000011A E8 [00000000]                   	CALL	_api_putstrwin
   154 0000011F 83 C4 2C                        	ADD	ESP,44
   155 00000122 6A 07                           	PUSH	7
   156 00000124 6A 4C                           	PUSH	76
   157 00000126 68 000000F7                     	PUSH	247
   158 0000012B 6A 3C                           	PUSH	60
   159 0000012D 6A 08                           	PUSH	8
   160 0000012F FF B5 FFFDFFCC                  	PUSH	DWORD [-131124+EBP]
   161 00000135 E8 [00000000]                   	CALL	_api_boxfilwin
   162 0000013A 6A 07                           	PUSH	7
   163 0000013C 6A 69                           	PUSH	105
   164 0000013E 68 000000F9                     	PUSH	249
   165 00000143 6A 56                           	PUSH	86
   166 00000145 6A 06                           	PUSH	6
   167 00000147 FF B5 FFFDFFCC                  	PUSH	DWORD [-131124+EBP]
   168 0000014D E8 [00000000]                   	CALL	_api_boxfilwin
   169 00000152 83 C4 30                        	ADD	ESP,48
   170 00000155 FF B5 FFFDFFD0                  	PUSH	DWORD [-131120+EBP]
   171 0000015B E8 [00000000]                   	CALL	_api_fopen
   172 00000160 59                              	POP	ECX
   173 00000161 89 C6                           	MOV	ESI,EAX
   174 00000163 85 C0                           	TEST	EAX,EAX
   175 00000165 0F 84 FFFFFF67                  	JE	L14
   176 0000016B 6A 00                           	PUSH	0
   177 0000016D 50                              	PUSH	EAX
   178 0000016E E8 [00000000]                   	CALL	_api_fsize
   179 00000173 89 C7                           	MOV	EDI,EAX
   180 00000175 58                              	POP	EAX
   181 00000176 5A                              	POP	EDX
   182 00000177 81 FF 00018FFF                  	CMP	EDI,102399
   183 0000017D 7E 05                           	JLE	L17
   184 0000017F BF 00018FFF                     	MOV	EDI,102399
   185 00000184                                 L17:
   186 00000184 56                              	PUSH	ESI
   187 00000185 8D 9D FFFDFFF4                  	LEA	EBX,DWORD [-131084+EBP]
   188 0000018B 57                              	PUSH	EDI
   189 0000018C 53                              	PUSH	EBX
   190 0000018D E8 [00000000]                   	CALL	_api_fread
   191 00000192 56                              	PUSH	ESI
   192 00000193 31 F6                           	XOR	ESI,ESI
   193 00000195 E8 [00000000]                   	CALL	_api_fclose
   194 0000019A C6 84 3D FFFDFFF4 00            	MOV	BYTE [-131084+EBP+EDI*1],0
   195 000001A2 83 C4 10                        	ADD	ESP,16
   196 000001A5 89 D9                           	MOV	ECX,EBX
   197 000001A7 89 9D FFFDFFD0                  	MOV	DWORD [-131120+EBP],EBX
   198 000001AD 80 BD FFFDFFF4 00               	CMP	BYTE [-131084+EBP],0
   199 000001B4 74 40                           	JE	L123
   200 000001B6                                 L41:
   201 000001B6 85 F6                           	TEST	ESI,ESI
   202 000001B8 0F 85 00000614                  	JNE	L22
   203 000001BE 8B 95 FFFDFFD0                  	MOV	EDX,DWORD [-131120+EBP]
   204 000001C4 8A 02                           	MOV	AL,BYTE [EDX]
   205 000001C6 3C 20                           	CMP	AL,32
   206 000001C8 0F 8E 00000604                  	JLE	L22
   207 000001CE 3C 2F                           	CMP	AL,47
   208 000001D0 0F 84 000005BF                  	JE	L141
   209 000001D6 3C 22                           	CMP	AL,34
   210 000001D8 0F 84 000005A9                  	JE	L142
   211 000001DE                                 L134:
   212 000001DE 88 01                           	MOV	BYTE [ECX],AL
   213 000001E0                                 L135:
   214 000001E0 41                              	INC	ECX
   215 000001E1                                 L20:
   216 000001E1 8B 95 FFFDFFD0                  	MOV	EDX,DWORD [-131120+EBP]
   217 000001E7 8D 42 01                        	LEA	EAX,DWORD [1+EDX]
   218 000001EA 89 85 FFFDFFD0                  	MOV	DWORD [-131120+EBP],EAX
   219 000001F0 80 7A 01 00                     	CMP	BYTE [1+EDX],0
   220 000001F4 75 C0                           	JNE	L41
   221 000001F6                                 L123:
   222 000001F6 C6 01 00                        	MOV	BYTE [ECX],0
   223 000001F9 E8 [00000000]                   	CALL	_api_alloctimer
   224 000001FE 68 00000080                     	PUSH	128
   225 00000203 50                              	PUSH	EAX
   226 00000204 89 85 FFFDFFC8                  	MOV	DWORD [-131128+EBP],EAX
   227 0000020A E8 [00000000]                   	CALL	_api_inittimer
   228 0000020F 8D 85 FFFDFFF4                  	LEA	EAX,DWORD [-131084+EBP]
   229 00000215 89 85 FFFDFFD0                  	MOV	DWORD [-131120+EBP],EAX
   230 0000021B                                 L137:
   231 0000021B 5E                              	POP	ESI
   232 0000021C 5F                              	POP	EDI
   233 0000021D                                 L42:
   234 0000021D 8B 8D FFFDFFD0                  	MOV	ECX,DWORD [-131120+EBP]
   235 00000223 8A 11                           	MOV	DL,BYTE [ECX]
   236 00000225 8D 42 BF                        	LEA	EAX,DWORD [-65+EDX]
   237 00000228 3C 06                           	CMP	AL,6
   238 0000022A 0F 86 00000509                  	JBE	L46
   239 00000230 80 FA 52                        	CMP	DL,82
   240 00000233 0F 84 00000272                  	JE	L132
   241 00000239 80 FA 3C                        	CMP	DL,60
   242 0000023C 0F 84 00000255                  	JE	L144
   243 00000242 80 FA 3E                        	CMP	DL,62
   244 00000245 0F 84 00000238                  	JE	L145
   245 0000024B 80 FA 4F                        	CMP	DL,79
   246 0000024E 0F 84 00000212                  	JE	L146
   247 00000254 80 FA 51                        	CMP	DL,81
   248 00000257 0F 84 000001EC                  	JE	L147
   249 0000025D 80 FA 4C                        	CMP	DL,76
   250 00000260 0F 84 00000174                  	JE	L148
   251 00000266 8A 01                           	MOV	AL,BYTE [ECX]
   252 00000268 3C 54                           	CMP	AL,84
   253 0000026A 0F 84 0000014A                  	JE	L149
   254 00000270 3C 24                           	CMP	AL,36
   255 00000272 74 1F                           	JE	L150
   256 00000274 84 C0                           	TEST	AL,AL
   257 00000276 75 0E                           	JNE	L81
   258 00000278 8D 85 FFFDFFF4                  	LEA	EAX,DWORD [-131084+EBP]
   259 0000027E 89 85 FFFDFFD0                  	MOV	DWORD [-131120+EBP],EAX
   260 00000284 EB 97                           	JMP	L42
   261 00000286                                 L81:
   262 00000286 68 [00000083]                   	PUSH	LC3
   263 0000028B E8 0000060C                     	CALL	_end
   264 00000290 58                              	POP	EAX
   265 00000291 EB 8A                           	JMP	L42
   266 00000293                                 L150:
   267 00000293 80 79 01 4B                     	CMP	BYTE [1+ECX],75
   268 00000297 74 30                           	JE	L151
   269 00000299                                 L91:
   270 00000299 8B 85 FFFDFFD0                  	MOV	EAX,DWORD [-131120+EBP]
   271 0000029F 80 38 3B                        	CMP	BYTE [EAX],59
   272 000002A2 74 1A                           	JE	L131
   273 000002A4                                 L114:
   274 000002A4 8B 95 FFFDFFD0                  	MOV	EDX,DWORD [-131120+EBP]
   275 000002AA 80 3A 00                        	CMP	BYTE [EDX],0
   276 000002AD 74 D7                           	JE	L81
   277 000002AF 8D 42 01                        	LEA	EAX,DWORD [1+EDX]
   278 000002B2 89 85 FFFDFFD0                  	MOV	DWORD [-131120+EBP],EAX
   279 000002B8 80 7A 01 3B                     	CMP	BYTE [1+EDX],59
   280 000002BC 75 E6                           	JNE	L114
   281 000002BE                                 L131:
   282 000002BE FF 85 FFFDFFD0                  	INC	DWORD [-131120+EBP]
   283 000002C4 E9 FFFFFF54                     	JMP	L42
   284 000002C9                                 L151:
   285 000002C9 8D 41 02                        	LEA	EAX,DWORD [2+ECX]
   286 000002CC 89 85 FFFDFFD0                  	MOV	DWORD [-131120+EBP],EAX
   287 000002D2 80 79 02 22                     	CMP	BYTE [2+ECX],34
   288 000002D6 74 1A                           	JE	L128
   289 000002D8                                 L97:
   290 000002D8 8B 95 FFFDFFD0                  	MOV	EDX,DWORD [-131120+EBP]
   291 000002DE 80 3A 00                        	CMP	BYTE [EDX],0
   292 000002E1 74 A3                           	JE	L81
   293 000002E3 8D 42 01                        	LEA	EAX,DWORD [1+EDX]
   294 000002E6 89 85 FFFDFFD0                  	MOV	DWORD [-131120+EBP],EAX
   295 000002EC 80 7A 01 22                     	CMP	BYTE [1+EDX],34
   296 000002F0 75 E6                           	JNE	L97
   297 000002F2                                 L128:
   298 000002F2 FF 85 FFFDFFD0                  	INC	DWORD [-131120+EBP]
   299 000002F8 31 F6                           	XOR	ESI,ESI
   300 000002FA                                 L106:
   301 000002FA 8B 95 FFFDFFD0                  	MOV	EDX,DWORD [-131120+EBP]
   302 00000300 8A 02                           	MOV	AL,BYTE [EDX]
   303 00000302 84 C0                           	TEST	AL,AL
   304 00000304 0F 84 FFFFFF7C                  	JE	L81
   305 0000030A 3C 22                           	CMP	AL,34
   306 0000030C 74 1B                           	JE	L99
   307 0000030E 3C 25                           	CMP	AL,37
   308 00000310 0F 84 0000008E                  	JE	L152
   309 00000316 88 84 35 FFFDFFD4               	MOV	BYTE [-131116+EBP+ESI*1],AL
   310 0000031D FF 85 FFFDFFD0                  	INC	DWORD [-131120+EBP]
   311 00000323                                 L100:
   312 00000323 46                              	INC	ESI
   313 00000324 83 FE 1F                        	CMP	ESI,31
   314 00000327 7E D1                           	JLE	L106
   315 00000329                                 L99:
   316 00000329 83 FE 1E                        	CMP	ESI,30
   317 0000032C 7E 0B                           	JLE	L107
   318 0000032E 68 [00000096]                   	PUSH	LC2
   319 00000333 E8 00000564                     	CALL	_end
   320 00000338 5A                              	POP	EDX
   321 00000339                                 L107:
   322 00000339 6A 07                           	PUSH	7
   323 0000033B 8B 9D FFFDFFCC                  	MOV	EBX,DWORD [-131124+EBP]
   324 00000341 6A 67                           	PUSH	103
   325 00000343 43                              	INC	EBX
   326 00000344 68 000000F7                     	PUSH	247
   327 00000349 6A 58                           	PUSH	88
   328 0000034B 6A 08                           	PUSH	8
   329 0000034D 53                              	PUSH	EBX
   330 0000034E E8 [00000000]                   	CALL	_api_boxfilwin
   331 00000353 83 C4 18                        	ADD	ESP,24
   332 00000356 C6 84 35 FFFDFFD4 00            	MOV	BYTE [-131116+EBP+ESI*1],0
   333 0000035E 85 F6                           	TEST	ESI,ESI
   334 00000360 74 24                           	JE	L108
   335 00000362 8D 85 FFFDFFD4                  	LEA	EAX,DWORD [-131116+EBP]
   336 00000368 8D 14 B5 00000000               	LEA	EDX,DWORD [0+ESI*4]
   337 0000036F 50                              	PUSH	EAX
   338 00000370 B8 00000080                     	MOV	EAX,128
   339 00000375 56                              	PUSH	ESI
   340 00000376 29 D0                           	SUB	EAX,EDX
   341 00000378 6A 00                           	PUSH	0
   342 0000037A 6A 58                           	PUSH	88
   343 0000037C 50                              	PUSH	EAX
   344 0000037D 53                              	PUSH	EBX
   345 0000037E E8 [00000000]                   	CALL	_api_putstrwin
   346 00000383 83 C4 18                        	ADD	ESP,24
   347 00000386                                 L108:
   348 00000386 6A 68                           	PUSH	104
   349 00000388 68 000000F8                     	PUSH	248
   350 0000038D 6A 58                           	PUSH	88
   351 0000038F 6A 08                           	PUSH	8
   352 00000391 FF B5 FFFDFFCC                  	PUSH	DWORD [-131124+EBP]
   353 00000397 E8 [00000000]                   	CALL	_api_refreshwin
   354 0000039C 83 C4 14                        	ADD	ESP,20
   355 0000039F E9 FFFFFEF5                     	JMP	L91
   356 000003A4                                 L152:
   357 000003A4 8A 42 01                        	MOV	AL,BYTE [1+EDX]
   358 000003A7 88 84 35 FFFDFFD4               	MOV	BYTE [-131116+EBP+ESI*1],AL
   359 000003AE 83 85 FFFDFFD0 02               	ADD	DWORD [-131120+EBP],2
   360 000003B5 E9 FFFFFF69                     	JMP	L100
   361 000003BA                                 L149:
   362 000003BA 6A 0A                           	PUSH	10
   363 000003BC 8D 85 FFFDFFD0                  	LEA	EAX,DWORD [-131120+EBP]
   364 000003C2 50                              	PUSH	EAX
   365 000003C3 8D 41 01                        	LEA	EAX,DWORD [1+ECX]
   366 000003C6 50                              	PUSH	EAX
   367 000003C7 E8 [00000000]                   	CALL	_strtol
   368 000003CC 89 85 FFFDFFC4                  	MOV	DWORD [-131132+EBP],EAX
   369 000003D2                                 L136:
   370 000003D2 83 C4 0C                        	ADD	ESP,12
   371 000003D5 E9 FFFFFE43                     	JMP	L42
   372 000003DA                                 L148:
   373 000003DA 6A 0A                           	PUSH	10
   374 000003DC 8D 85 FFFDFFD0                  	LEA	EAX,DWORD [-131120+EBP]
   375 000003E2 50                              	PUSH	EAX
   376 000003E3 8D 41 01                        	LEA	EAX,DWORD [1+ECX]
   377 000003E6 50                              	PUSH	EAX
   378 000003E7 E8 [00000000]                   	CALL	_strtol
   379 000003EC 83 C4 0C                        	ADD	ESP,12
   380 000003EF 85 C0                           	TEST	EAX,EAX
   381 000003F1 89 85 FFFDFFC0                  	MOV	DWORD [-131136+EBP],EAX
   382 000003F7 0F 84 FFFFFE89                  	JE	L81
   383 000003FD BA 000000C0                     	MOV	EDX,192
   384 00000402 89 D0                           	MOV	EAX,EDX
   385 00000404 99                              	CDQ
   386 00000405 F7 BD FFFDFFC0                  	IDIV	DWORD [-131136+EBP]
   387 0000040B 89 85 FFFDFFC0                  	MOV	DWORD [-131136+EBP],EAX
   388 00000411 8B 85 FFFDFFD0                  	MOV	EAX,DWORD [-131120+EBP]
   389 00000417 80 38 2E                        	CMP	BYTE [EAX],46
   390 0000041A                                 L139:
   391 0000041A 0F 85 FFFFFDFD                  	JNE	L42
   392 00000420 8B 8D FFFDFFD0                  	MOV	ECX,DWORD [-131120+EBP]
   393 00000426 BB 00000002                     	MOV	EBX,2
   394 0000042B 8D 41 01                        	LEA	EAX,DWORD [1+ECX]
   395 0000042E 89 85 FFFDFFD0                  	MOV	DWORD [-131120+EBP],EAX
   396 00000434 8B 85 FFFDFFC0                  	MOV	EAX,DWORD [-131136+EBP]
   397 0000043A 99                              	CDQ
   398 0000043B F7 FB                           	IDIV	EBX
   399 0000043D 01 85 FFFDFFC0                  	ADD	DWORD [-131136+EBP],EAX
   400 00000443 80 79 01 2E                     	CMP	BYTE [1+ECX],46
   401 00000447 EB D1                           	JMP	L139
   402 00000449                                 L147:
   403 00000449 6A 0A                           	PUSH	10
   404 0000044B 8D 85 FFFDFFD0                  	LEA	EAX,DWORD [-131120+EBP]
   405 00000451 50                              	PUSH	EAX
   406 00000452 8D 41 01                        	LEA	EAX,DWORD [1+ECX]
   407 00000455 50                              	PUSH	EAX
   408 00000456 E8 [00000000]                   	CALL	_strtol
   409 0000045B 89 85 FFFDFFB8                  	MOV	DWORD [-131144+EBP],EAX
   410 00000461 E9 FFFFFF6C                     	JMP	L136
   411 00000466                                 L146:
   412 00000466 6A 0A                           	PUSH	10
   413 00000468 8D 85 FFFDFFD0                  	LEA	EAX,DWORD [-131120+EBP]
   414 0000046E 50                              	PUSH	EAX
   415 0000046F 8D 41 01                        	LEA	EAX,DWORD [1+ECX]
   416 00000472 50                              	PUSH	EAX
   417 00000473 E8 [00000000]                   	CALL	_strtol
   418 00000478 89 85 FFFDFFBC                  	MOV	DWORD [-131140+EBP],EAX
   419 0000047E E9 FFFFFF4F                     	JMP	L136
   420 00000483                                 L145:
   421 00000483 8D 41 01                        	LEA	EAX,DWORD [1+ECX]
   422 00000486 FF 85 FFFDFFBC                  	INC	DWORD [-131140+EBP]
   423 0000048C 89 85 FFFDFFD0                  	MOV	DWORD [-131120+EBP],EAX
   424 00000492 E9 FFFFFD86                     	JMP	L42
   425 00000497                                 L144:
   426 00000497 8D 41 01                        	LEA	EAX,DWORD [1+ECX]
   427 0000049A FF 8D FFFDFFBC                  	DEC	DWORD [-131140+EBP]
   428 000004A0 89 85 FFFDFFD0                  	MOV	DWORD [-131120+EBP],EAX
   429 000004A6 E9 FFFFFD72                     	JMP	L42
   430 000004AB                                 L132:
   431 000004AB 31 F6                           	XOR	ESI,ESI
   432 000004AD C6 85 FFFDFFD4 00               	MOV	BYTE [-131116+EBP],0
   433 000004B4                                 L48:
   434 000004B4 8D 41 01                        	LEA	EAX,DWORD [1+ECX]
   435 000004B7 89 85 FFFDFFD0                  	MOV	DWORD [-131120+EBP],EAX
   436 000004BD 89 C2                           	MOV	EDX,EAX
   437 000004BF 8A 41 01                        	MOV	AL,BYTE [1+ECX]
   438 000004C2 3C 2B                           	CMP	AL,43
   439 000004C4 0F 84 00000250                  	JE	L50
   440 000004CA 3C 2D                           	CMP	AL,45
   441 000004CC 0F 84 00000248                  	JE	L50
   442 000004D2 3C 23                           	CMP	AL,35
   443 000004D4 0F 84 00000240                  	JE	L50
   444 000004DA                                 L49:
   445 000004DA 3B B5 FFFDFFB4                  	CMP	ESI,DWORD [-131148+EBP]
   446 000004E0 0F 84 000000DF                  	JE	L53
   447 000004E6 6A 08                           	PUSH	8
   448 000004E8 8B 9D FFFDFFCC                  	MOV	EBX,DWORD [-131124+EBP]
   449 000004EE 6A 33                           	PUSH	51
   450 000004F0 43                              	INC	EBX
   451 000004F1 6A 3F                           	PUSH	63
   452 000004F3 6A 24                           	PUSH	36
   453 000004F5 6A 20                           	PUSH	32
   454 000004F7 53                              	PUSH	EBX
   455 000004F8 E8 [00000000]                   	CALL	_api_boxfilwin
   456 000004FD 83 C4 18                        	ADD	ESP,24
   457 00000500 80 BD FFFDFFD4 00               	CMP	BYTE [-131116+EBP],0
   458 00000507 74 18                           	JE	L54
   459 00000509 8D 85 FFFDFFD4                  	LEA	EAX,DWORD [-131116+EBP]
   460 0000050F 50                              	PUSH	EAX
   461 00000510 6A 04                           	PUSH	4
   462 00000512 6A 0A                           	PUSH	10
   463 00000514 6A 24                           	PUSH	36
   464 00000516 6A 20                           	PUSH	32
   465 00000518 53                              	PUSH	EBX
   466 00000519 E8 [00000000]                   	CALL	_api_putstrwin
   467 0000051E 83 C4 18                        	ADD	ESP,24
   468 00000521                                 L54:
   469 00000521 6A 34                           	PUSH	52
   470 00000523 6A 40                           	PUSH	64
   471 00000525 6A 24                           	PUSH	36
   472 00000527 6A 20                           	PUSH	32
   473 00000529 FF B5 FFFDFFCC                  	PUSH	DWORD [-131124+EBP]
   474 0000052F E8 [00000000]                   	CALL	_api_refreshwin
   475 00000534 83 C4 14                        	ADD	ESP,20
   476 00000537 8B 85 FFFDFFB4                  	MOV	EAX,DWORD [-131148+EBP]
   477 0000053D 83 E8 1C                        	SUB	EAX,28
   478 00000540 83 F8 4F                        	CMP	EAX,79
   479 00000543 77 23                           	JA	L55
   480 00000545 6B 85 FFFDFFB4 03               	IMUL	EAX,DWORD [-131148+EBP],3
   481 0000054C 6A 07                           	PUSH	7
   482 0000054E 6A 4C                           	PUSH	76
   483 00000550 8D 50 B6                        	LEA	EDX,DWORD [-74+EAX]
   484 00000553 52                              	PUSH	EDX
   485 00000554 83 E8 4C                        	SUB	EAX,76
   486 00000557 6A 3C                           	PUSH	60
   487 00000559 50                              	PUSH	EAX
   488 0000055A FF B5 FFFDFFCC                  	PUSH	DWORD [-131124+EBP]
   489 00000560 E8 [00000000]                   	CALL	_api_boxfilwin
   490 00000565 83 C4 18                        	ADD	ESP,24
   491 00000568                                 L55:
   492 00000568 8D 46 E4                        	LEA	EAX,DWORD [-28+ESI]
   493 0000056B 83 F8 4F                        	CMP	EAX,79
   494 0000056E 77 1F                           	JA	L56
   495 00000570 6B C6 03                        	IMUL	EAX,ESI,3
   496 00000573 6A 04                           	PUSH	4
   497 00000575 6A 4C                           	PUSH	76
   498 00000577 8D 50 B6                        	LEA	EDX,DWORD [-74+EAX]
   499 0000057A 52                              	PUSH	EDX
   500 0000057B 83 E8 4C                        	SUB	EAX,76
   501 0000057E 6A 3C                           	PUSH	60
   502 00000580 50                              	PUSH	EAX
   503 00000581 FF B5 FFFDFFCC                  	PUSH	DWORD [-131124+EBP]
   504 00000587 E8 [00000000]                   	CALL	_api_boxfilwin
   505 0000058C 83 C4 18                        	ADD	ESP,24
   506 0000058F                                 L56:
   507 0000058F 80 BD FFFDFFD4 00               	CMP	BYTE [-131116+EBP],0
   508 00000596 0F 84 00000177                  	JE	L57
   509 0000059C BA 0000000C                     	MOV	EDX,12
   510 000005A1 89 F0                           	MOV	EAX,ESI
   511 000005A3 89 D1                           	MOV	ECX,EDX
   512 000005A5 99                              	CDQ
   513 000005A6 F7 F9                           	IDIV	ECX
   514 000005A8 B9 00000011                     	MOV	ECX,17
   515 000005AD 29 C1                           	SUB	ECX,EAX
   516 000005AF 8B 04 95 [00000000]             	MOV	EAX,DWORD [_tonetable.0+EDX*4]
   517 000005B6 D3 F8                           	SAR	EAX,CL
   518 000005B8 50                              	PUSH	EAX
   519 000005B9                                 L138:
   520 000005B9 E8 [00000000]                   	CALL	_api_beep
   521 000005BE 89 B5 FFFDFFB4                  	MOV	DWORD [-131148+EBP],ESI
   522 000005C4 5B                              	POP	EBX
   523 000005C5                                 L53:
   524 000005C5 8B 95 FFFDFFD0                  	MOV	EDX,DWORD [-131120+EBP]
   525 000005CB 8A 02                           	MOV	AL,BYTE [EDX]
   526 000005CD 83 E8 30                        	SUB	EAX,48
   527 000005D0 3C 09                           	CMP	AL,9
   528 000005D2 0F 87 00000130                  	JA	L59
   529 000005D8 6A 0A                           	PUSH	10
   530 000005DA 8D 85 FFFDFFD0                  	LEA	EAX,DWORD [-131120+EBP]
   531 000005E0 50                              	PUSH	EAX
   532 000005E1 52                              	PUSH	EDX
   533 000005E2 E8 [00000000]                   	CALL	_strtol
   534 000005E7 83 C4 0C                        	ADD	ESP,12
   535 000005EA BA 000000C0                     	MOV	EDX,192
   536 000005EF 89 C1                           	MOV	ECX,EAX
   537 000005F1 89 D0                           	MOV	EAX,EDX
   538 000005F3 99                              	CDQ
   539 000005F4 F7 F9                           	IDIV	ECX
   540 000005F6 89 C6                           	MOV	ESI,EAX
   541 000005F8                                 L60:
   542 000005F8 8B 85 FFFDFFD0                  	MOV	EAX,DWORD [-131120+EBP]
   543 000005FE 80 38 2E                        	CMP	BYTE [EAX],46
   544 00000601 0F 84 000000DE                  	JE	L65
   545 00000607                                 L125:
   546 00000607 6B F6 7D                        	IMUL	ESI,ESI,125
   547 0000060A 89 F0                           	MOV	EAX,ESI
   548 0000060C 99                              	CDQ
   549 0000060D F7 BD FFFDFFC4                  	IDIV	DWORD [-131132+EBP]
   550 00000613 80 BD FFFDFFD4 00               	CMP	BYTE [-131116+EBP],0
   551 0000061A 89 C3                           	MOV	EBX,EAX
   552 0000061C 89 C6                           	MOV	ESI,EAX
   553 0000061E 0F 84 000000AB                  	JE	L66
   554 00000624 83 BD FFFDFFB8 07               	CMP	DWORD [-131144+EBP],7
   555 0000062B 0F 8F 0000009E                  	JG	L66
   556 00000631 8B 85 FFFDFFD0                  	MOV	EAX,DWORD [-131120+EBP]
   557 00000637 80 38 26                        	CMP	BYTE [EAX],38
   558 0000063A 0F 84 0000008F                  	JE	L66
   559 00000640 0F AF B5 FFFDFFB8               	IMUL	ESI,DWORD [-131144+EBP]
   560 00000647 BA 00000008                     	MOV	EDX,8
   561 0000064C 89 F0                           	MOV	EAX,ESI
   562 0000064E 89 D1                           	MOV	ECX,EDX
   563 00000650 99                              	CDQ
   564 00000651 F7 F9                           	IDIV	ECX
   565 00000653 50                              	PUSH	EAX
   566 00000654 89 C7                           	MOV	EDI,EAX
   567 00000656 FF B5 FFFDFFC8                  	PUSH	DWORD [-131128+EBP]
   568 0000065C E8 000001FD                     	CALL	_waittimer
   569 00000661 6A 08                           	PUSH	8
   570 00000663 6A 33                           	PUSH	51
   571 00000665 6A 3F                           	PUSH	63
   572 00000667 6A 24                           	PUSH	36
   573 00000669 6A 20                           	PUSH	32
   574 0000066B FF B5 FFFDFFCC                  	PUSH	DWORD [-131124+EBP]
   575 00000671 E8 [00000000]                   	CALL	_api_boxfilwin
   576 00000676 83 C4 20                        	ADD	ESP,32
   577 00000679 8B 85 FFFDFFB4                  	MOV	EAX,DWORD [-131148+EBP]
   578 0000067F 83 E8 1C                        	SUB	EAX,28
   579 00000682 83 F8 4F                        	CMP	EAX,79
   580 00000685 77 23                           	JA	L67
   581 00000687 6B 85 FFFDFFB4 03               	IMUL	EAX,DWORD [-131148+EBP],3
   582 0000068E 6A 07                           	PUSH	7
   583 00000690 6A 4C                           	PUSH	76
   584 00000692 8D 50 B6                        	LEA	EDX,DWORD [-74+EAX]
   585 00000695 52                              	PUSH	EDX
   586 00000696 83 E8 4C                        	SUB	EAX,76
   587 00000699 6A 3C                           	PUSH	60
   588 0000069B 50                              	PUSH	EAX
   589 0000069C FF B5 FFFDFFCC                  	PUSH	DWORD [-131124+EBP]
   590 000006A2 E8 [00000000]                   	CALL	_api_boxfilwin
   591 000006A7 83 C4 18                        	ADD	ESP,24
   592 000006AA                                 L67:
   593 000006AA 6A 00                           	PUSH	0
   594 000006AC C7 85 FFFDFFB4 00000000         	MOV	DWORD [-131148+EBP],0
   595 000006B6 E8 [00000000]                   	CALL	_api_beep
   596 000006BB 59                              	POP	ECX
   597 000006BC                                 L68:
   598 000006BC 29 FB                           	SUB	EBX,EDI
   599 000006BE 53                              	PUSH	EBX
   600 000006BF FF B5 FFFDFFC8                  	PUSH	DWORD [-131128+EBP]
   601 000006C5 E8 00000194                     	CALL	_waittimer
   602 000006CA E9 FFFFFB4C                     	JMP	L137
   603 000006CF                                 L66:
   604 000006CF 8B 85 FFFDFFD0                  	MOV	EAX,DWORD [-131120+EBP]
   605 000006D5 31 FF                           	XOR	EDI,EDI
   606 000006D7 80 38 26                        	CMP	BYTE [EAX],38
   607 000006DA 75 E0                           	JNE	L68
   608 000006DC 40                              	INC	EAX
   609 000006DD 89 85 FFFDFFD0                  	MOV	DWORD [-131120+EBP],EAX
   610 000006E3 EB D7                           	JMP	L68
   611 000006E5                                 L65:
   612 000006E5 8D 78 01                        	LEA	EDI,DWORD [1+EAX]
   613 000006E8 BA 00000002                     	MOV	EDX,2
   614 000006ED 89 F0                           	MOV	EAX,ESI
   615 000006EF 89 D3                           	MOV	EBX,EDX
   616 000006F1 99                              	CDQ
   617 000006F2 F7 FB                           	IDIV	EBX
   618 000006F4 89 BD FFFDFFD0                  	MOV	DWORD [-131120+EBP],EDI
   619 000006FA 01 C6                           	ADD	ESI,EAX
   620 000006FC 89 F8                           	MOV	EAX,EDI
   621 000006FE 80 3F 2E                        	CMP	BYTE [EDI],46
   622 00000701 74 E2                           	JE	L65
   623 00000703 E9 FFFFFEFF                     	JMP	L125
   624 00000708                                 L59:
   625 00000708 8B B5 FFFDFFC0                  	MOV	ESI,DWORD [-131136+EBP]
   626 0000070E E9 FFFFFEE5                     	JMP	L60
   627 00000713                                 L57:
   628 00000713 6A 00                           	PUSH	0
   629 00000715 E9 FFFFFE9F                     	JMP	L138
   630 0000071A                                 L50:
   631 0000071A 8A 02                           	MOV	AL,BYTE [EDX]
   632 0000071C 88 85 FFFDFFD7                  	MOV	BYTE [-131113+EBP],AL
   633 00000722 80 3A 2D                        	CMP	BYTE [EDX],45
   634 00000725 74 0F                           	JE	L153
   635 00000727 46                              	INC	ESI
   636 00000728                                 L52:
   637 00000728 8D 42 01                        	LEA	EAX,DWORD [1+EDX]
   638 0000072B 89 85 FFFDFFD0                  	MOV	DWORD [-131120+EBP],EAX
   639 00000731 E9 FFFFFDA4                     	JMP	L49
   640 00000736                                 L153:
   641 00000736 4E                              	DEC	ESI
   642 00000737 EB EF                           	JMP	L52
   643 00000739                                 L46:
   644 00000739 80 FA 52                        	CMP	DL,82
   645 0000073C 0F 84 FFFFFD69                  	JE	L132
   646 00000742 6B 85 FFFDFFBC 0C               	IMUL	EAX,DWORD [-131140+EBP],12
   647 00000749 0F BE D2                        	MOVSX	EDX,DL
   648 0000074C C6 85 FFFDFFD4 4F               	MOV	BYTE [-131116+EBP],79
   649 00000753 03 04 95 [FFFFFF2C]             	ADD	EAX,DWORD [_notetable.1-260+EDX*4]
   650 0000075A 8D 70 0C                        	LEA	ESI,DWORD [12+EAX]
   651 0000075D 8A 85 FFFDFFBC                  	MOV	AL,BYTE [-131140+EBP]
   652 00000763 83 C0 30                        	ADD	EAX,48
   653 00000766 88 85 FFFDFFD5                  	MOV	BYTE [-131115+EBP],AL
   654 0000076C 8A 01                           	MOV	AL,BYTE [ECX]
   655 0000076E 88 85 FFFDFFD6                  	MOV	BYTE [-131114+EBP],AL
   656 00000774 C6 85 FFFDFFD7 20               	MOV	BYTE [-131113+EBP],32
   657 0000077B C6 85 FFFDFFD8 00               	MOV	BYTE [-131112+EBP],0
   658 00000782 E9 FFFFFD2D                     	JMP	L48
   659 00000787                                 L142:
   660 00000787 C6 01 22                        	MOV	BYTE [ECX],34
   661 0000078A BE 00000003                     	MOV	ESI,3
   662 0000078F 41                              	INC	ECX
   663 00000790 E9 FFFFFA4C                     	JMP	L20
   664 00000795                                 L141:
   665 00000795 8A 42 01                        	MOV	AL,BYTE [1+EDX]
   666 00000798 3C 2A                           	CMP	AL,42
   667 0000079A 74 2C                           	JE	L154
   668 0000079C 3C 2F                           	CMP	AL,47
   669 0000079E 74 1E                           	JE	L155
   670 000007A0 C6 01 2F                        	MOV	BYTE [ECX],47
   671 000007A3 8B 85 FFFDFFD0                  	MOV	EAX,DWORD [-131120+EBP]
   672 000007A9 8A 00                           	MOV	AL,BYTE [EAX]
   673 000007AB 83 E8 61                        	SUB	EAX,97
   674 000007AE 3C 19                           	CMP	AL,25
   675 000007B0 0F 87 FFFFFA2A                  	JA	L135
   676 000007B6 C6 01 0F                        	MOV	BYTE [ECX],15
   677 000007B9 E9 FFFFFA22                     	JMP	L135
   678 000007BE                                 L155:
   679 000007BE BE 00000002                     	MOV	ESI,2
   680 000007C3 E9 FFFFFA19                     	JMP	L20
   681 000007C8                                 L154:
   682 000007C8 BE 00000001                     	MOV	ESI,1
   683 000007CD E9 FFFFFA0F                     	JMP	L20
   684 000007D2                                 L22:
   685 000007D2 83 FE 01                        	CMP	ESI,1
   686 000007D5 74 52                           	JE	L156
   687 000007D7                                 L33:
   688 000007D7 83 FE 02                        	CMP	ESI,2
   689 000007DA 74 40                           	JE	L157
   690 000007DC                                 L35:
   691 000007DC 83 FE 03                        	CMP	ESI,3
   692 000007DF 0F 85 FFFFF9FC                  	JNE	L20
   693 000007E5 8B 85 FFFDFFD0                  	MOV	EAX,DWORD [-131120+EBP]
   694 000007EB 8A 00                           	MOV	AL,BYTE [EAX]
   695 000007ED 88 01                           	MOV	BYTE [ECX],AL
   696 000007EF 41                              	INC	ECX
   697 000007F0 8B 95 FFFDFFD0                  	MOV	EDX,DWORD [-131120+EBP]
   698 000007F6 8A 02                           	MOV	AL,BYTE [EDX]
   699 000007F8 3C 22                           	CMP	AL,34
   700 000007FA 74 19                           	JE	L133
   701 000007FC 3C 25                           	CMP	AL,37
   702 000007FE 0F 85 FFFFF9DD                  	JNE	L20
   703 00000804 8D 42 01                        	LEA	EAX,DWORD [1+EDX]
   704 00000807 89 85 FFFDFFD0                  	MOV	DWORD [-131120+EBP],EAX
   705 0000080D 8A 42 01                        	MOV	AL,BYTE [1+EDX]
   706 00000810 E9 FFFFF9C9                     	JMP	L134
   707 00000815                                 L133:
   708 00000815 31 F6                           	XOR	ESI,ESI
   709 00000817 E9 FFFFF9C5                     	JMP	L20
   710 0000081C                                 L157:
   711 0000081C 8B 85 FFFDFFD0                  	MOV	EAX,DWORD [-131120+EBP]
   712 00000822 80 38 0A                        	CMP	BYTE [EAX],10
   713 00000825 75 B5                           	JNE	L35
   714 00000827 EB EC                           	JMP	L133
   715 00000829                                 L156:
   716 00000829 8B 85 FFFDFFD0                  	MOV	EAX,DWORD [-131120+EBP]
   717 0000082F 80 38 2A                        	CMP	BYTE [EAX],42
   718 00000832 75 A3                           	JNE	L33
   719 00000834 80 78 01 2F                     	CMP	BYTE [1+EAX],47
   720 00000838 75 9D                           	JNE	L33
   721 0000083A 40                              	INC	EAX
   722 0000083B 89 85 FFFDFFD0                  	MOV	DWORD [-131120+EBP],EAX
   723 00000841 EB D2                           	JMP	L133
   724 00000843                                 L140:
   725 00000843 8D 51 01                        	LEA	EDX,DWORD [1+ECX]
   726 00000846                                 L12:
   727 00000846 89 D0                           	MOV	EAX,EDX
   728 00000848 89 95 FFFDFFD0                  	MOV	DWORD [-131120+EBP],EDX
   729 0000084E 8D 51 02                        	LEA	EDX,DWORD [2+ECX]
   730 00000851 89 C1                           	MOV	ECX,EAX
   731 00000853 80 7A FF 20                     	CMP	BYTE [-1+EDX],32
   732 00000857 74 ED                           	JE	L12
   733 00000859 E9 FFFFF85C                     	JMP	L121
   734 0000085E                                 	GLOBAL	_waittimer
   735 0000085E                                 _waittimer:
   736 0000085E 55                              	PUSH	EBP
   737 0000085F 89 E5                           	MOV	EBP,ESP
   738 00000861 53                              	PUSH	EBX
   739 00000862 FF 75 0C                        	PUSH	DWORD [12+EBP]
   740 00000865 FF 75 08                        	PUSH	DWORD [8+EBP]
   741 00000868 E8 [00000000]                   	CALL	_api_settimer
   742 0000086D 58                              	POP	EAX
   743 0000086E 5A                              	POP	EDX
   744 0000086F                                 L159:
   745 0000086F 6A 01                           	PUSH	1
   746 00000871 E8 [00000000]                   	CALL	_api_getkey
   747 00000876 89 C3                           	MOV	EBX,EAX
   748 00000878 58                              	POP	EAX
   749 00000879 83 FB 51                        	CMP	EBX,81
   750 0000087C 74 0F                           	JE	L163
   751 0000087E 83 FB 71                        	CMP	EBX,113
   752 00000881 74 0A                           	JE	L163
   753 00000883                                 L162:
   754 00000883 83 C3 80                        	ADD	EBX,-128
   755 00000886 75 E7                           	JNE	L159
   756 00000888 8B 5D FC                        	MOV	EBX,DWORD [-4+EBP]
   757 0000088B C9                              	LEAVE
   758 0000088C C3                              	RET
   759 0000088D                                 L163:
   760 0000088D 6A 00                           	PUSH	0
   761 0000088F E8 [00000000]                   	CALL	_api_beep
   762 00000894 E8 [00000000]                   	CALL	_api_end
   763 00000899 59                              	POP	ECX
   764 0000089A EB E7                           	JMP	L162
   765 0000089C                                 	GLOBAL	_end
   766 0000089C                                 _end:
   767 0000089C 55                              	PUSH	EBP
   768 0000089D 89 E5                           	MOV	EBP,ESP
   769 0000089F 8B 45 08                        	MOV	EAX,DWORD [8+EBP]
   770 000008A2 85 C0                           	TEST	EAX,EAX
   771 000008A4 74 07                           	JE	L166
   772 000008A6 50                              	PUSH	EAX
   773 000008A7 E8 [00000000]                   	CALL	_api_putstr0
   774 000008AC 58                              	POP	EAX
   775 000008AD                                 L166:
   776 000008AD 6A 00                           	PUSH	0
   777 000008AF E8 [00000000]                   	CALL	_api_beep
   778 000008B4 59                              	POP	ECX
   779 000008B5 C9                              	LEAVE
   780 000008B6 E9 [00000000]                   	JMP	_api_end
