     1 00000000                                 [FORMAT "WCOFF"]
     2 00000000                                 [INSTRSET "i486p"]
     3 00000000                                 [OPTIMIZE 1]
     4 00000000                                 [OPTION 1]
     5 00000000                                 [BITS 32]
     6 00000000                                 	EXTERN	_vsprintf
     7 00000000                                 	EXTERN	_api_putstr0
     8 00000000                                 	EXTERN	__alloca
     9 00000000                                 	EXTERN	_api_openwin
    10 00000000                                 	EXTERN	_api_point
    11 00000000                                 	EXTERN	_api_getkey
    12 00000000                                 	EXTERN	_api_end
    13 00000000                                 [FILE "sin.ca"]
    14                                          [SECTION .text]
    15 00000000                                 	GLOBAL	_printf
    16 00000000                                 _printf:
    17 00000000 55                              	PUSH	EBP
    18 00000001 89 E5                           	MOV	EBP,ESP
    19 00000003 56                              	PUSH	ESI
    20 00000004 53                              	PUSH	EBX
    21 00000005 81 EC 000003F0                  	SUB	ESP,1008
    22 0000000B 8D 45 0C                        	LEA	EAX,DWORD [12+EBP]
    23 0000000E 8D 9D FFFFFC08                  	LEA	EBX,DWORD [-1016+EBP]
    24 00000014 50                              	PUSH	EAX
    25 00000015 FF 75 08                        	PUSH	DWORD [8+EBP]
    26 00000018 53                              	PUSH	EBX
    27 00000019 E8 [00000000]                   	CALL	_vsprintf
    28 0000001E 53                              	PUSH	EBX
    29 0000001F 89 C6                           	MOV	ESI,EAX
    30 00000021 E8 [00000000]                   	CALL	_api_putstr0
    31 00000026 8D 65 F8                        	LEA	ESP,DWORD [-8+EBP]
    32 00000029 89 F0                           	MOV	EAX,ESI
    33 0000002B 5B                              	POP	EBX
    34 0000002C 5E                              	POP	ESI
    35 0000002D 5D                              	POP	EBP
    36 0000002E C3                              	RET
    37                                          [SECTION .data]
    38 00000000                                 LC0:
    39 00000000 73 69 6E 63 75 72 76 65 00      	DB	"sincurve",0x00
    40 00000009 00 00 00 00 00 00 00            	ALIGNB	8
    41 00000010                                 LC1:
    42 00000010 9999999A                        	DD	-1717986918
    43 00000014 3FA99999                        	DD	1068079513
    44 00000018                                 	ALIGNB	8
    45 00000018                                 LC2:
    46 00000018 00000000                        	DD	0
    47 0000001C 403E0000                        	DD	1077805056
    48 00000020                                 	ALIGNB	8
    49 00000020                                 LC3:
    50 00000020 00000000                        	DD	0
    51 00000024 404E0000                        	DD	1078853632
    52                                          [SECTION .text]
    53 0000002F                                 	GLOBAL	_CHNMain
    54 0000002F                                 _CHNMain:
    55 0000002F 55                              	PUSH	EBP
    56 00000030 B8 00003E88                     	MOV	EAX,16008
    57 00000035 89 E5                           	MOV	EBP,ESP
    58 00000037 56                              	PUSH	ESI
    59 00000038 53                              	PUSH	EBX
    60 00000039 31 DB                           	XOR	EBX,EBX
    61 0000003B E8 [00000000]                   	CALL	__alloca
    62 00000040 8D 85 FFFFC178                  	LEA	EAX,DWORD [-16008+EBP]
    63 00000046 68 [00000000]                   	PUSH	LC0
    64 0000004B 6A FF                           	PUSH	-1
    65 0000004D 6A 64                           	PUSH	100
    66 0000004F 68 000000A0                     	PUSH	160
    67 00000054 50                              	PUSH	EAX
    68 00000055 E8 [00000000]                   	CALL	_api_openwin
    69 0000005A 83 C4 14                        	ADD	ESP,20
    70 0000005D 89 C6                           	MOV	ESI,EAX
    71 0000005F                                 L8:
    72 0000005F 53                              	PUSH	EBX
    73 00000060 DB 04 24                        	FILD	DWORD [ESP]
    74 00000063 C7 04 24 00000000               	MOV	DWORD [ESP],0
    75 0000006A DC 0D [00000010]                	FMUL	QWORD [LC1]
    76 00000070 D9 FE                           	FSIN
    77 00000072 D9 BD FFFFC176                  	FNSTCW	WORD [-16010+EBP]
    78 00000078 DC 0D [00000018]                	FMUL	QWORD [LC2]
    79 0000007E 66 8B 85 FFFFC176               	MOV	AX,WORD [-16010+EBP]
    80 00000085 66 0D 0C00                      	OR	AX,3072
    81 00000089 DC 05 [00000020]                	FADD	QWORD [LC3]
    82 0000008F 66 89 85 FFFFC174               	MOV	WORD [-16012+EBP],AX
    83 00000096 D9 AD FFFFC174                  	FLDCW	WORD [-16012+EBP]
    84 0000009C DB 9D FFFFC170                  	FISTP	DWORD [-16016+EBP]
    85 000000A2 D9 AD FFFFC176                  	FLDCW	WORD [-16010+EBP]
    86 000000A8 8B 85 FFFFC170                  	MOV	EAX,DWORD [-16016+EBP]
    87 000000AE 50                              	PUSH	EAX
    88 000000AF 8D 43 08                        	LEA	EAX,DWORD [8+EBX]
    89 000000B2 50                              	PUSH	EAX
    90 000000B3 43                              	INC	EBX
    91 000000B4 56                              	PUSH	ESI
    92 000000B5 E8 [00000000]                   	CALL	_api_point
    93 000000BA 83 C4 10                        	ADD	ESP,16
    94 000000BD 81 FB 0000008F                  	CMP	EBX,143
    95 000000C3 7E 9A                           	JLE	L8
    96 000000C5 6A 01                           	PUSH	1
    97 000000C7 E8 [00000000]                   	CALL	_api_getkey
    98 000000CC E8 [00000000]                   	CALL	_api_end
    99 000000D1 8D 65 F8                        	LEA	ESP,DWORD [-8+EBP]
   100 000000D4 5B                              	POP	EBX
   101 000000D5 5E                              	POP	ESI
   102 000000D6 5D                              	POP	EBP
   103 000000D7 C3                              	RET
