     1 00000000                                 [FORMAT "WCOFF"]
     2 00000000                                 [INSTRSET "i486p"]
     3 00000000                                 [OPTIMIZE 1]
     4 00000000                                 [OPTION 1]
     5 00000000                                 [BITS 32]
     6 00000000                                 	EXTERN	_vsprintf
     7 00000000                                 	EXTERN	_api_putstr0
     8 00000000                                 	EXTERN	_api_end
     9 00000000                                 [FILE "ozu.ca"]
    10                                          [SECTION .text]
    11 00000000                                 	GLOBAL	_printf
    12 00000000                                 _printf:
    13 00000000 55                              	PUSH	EBP
    14 00000001 89 E5                           	MOV	EBP,ESP
    15 00000003 56                              	PUSH	ESI
    16 00000004 53                              	PUSH	EBX
    17 00000005 81 EC 000003F0                  	SUB	ESP,1008
    18 0000000B 8D 45 0C                        	LEA	EAX,DWORD [12+EBP]
    19 0000000E 8D 9D FFFFFC08                  	LEA	EBX,DWORD [-1016+EBP]
    20 00000014 50                              	PUSH	EAX
    21 00000015 FF 75 08                        	PUSH	DWORD [8+EBP]
    22 00000018 53                              	PUSH	EBX
    23 00000019 E8 [00000000]                   	CALL	_vsprintf
    24 0000001E 53                              	PUSH	EBX
    25 0000001F 89 C6                           	MOV	ESI,EAX
    26 00000021 E8 [00000000]                   	CALL	_api_putstr0
    27 00000026 8D 65 F8                        	LEA	ESP,DWORD [-8+EBP]
    28 00000029 89 F0                           	MOV	EAX,ESI
    29 0000002B 5B                              	POP	EBX
    30 0000002C 5E                              	POP	ESI
    31 0000002D 5D                              	POP	EBP
    32 0000002E C3                              	RET
    33                                          [SECTION .data]
    34 00000000                                 LC0:
    35 00000000 83 41 83 62 83 76 83 8B 82 C1   	DB	0x83,"A",0x83,"b",0x83,"v",0x83,0x8B,0x82,0xC1,0x82,0xC4,0x82,0xA9,0x82,0xB7,0x82,0xBE,0x82,0xE6,0x82,0xCB,0x00
       0000000A 82 C4 82 A9 82 B7 82 BE 82 E6 
       00000014 82 CB 00 
    36                                          [SECTION .text]
    37 0000002F                                 	GLOBAL	_NhMain
    38 0000002F                                 _NhMain:
    39 0000002F 55                              	PUSH	EBP
    40 00000030 89 E5                           	MOV	EBP,ESP
    41 00000032 68 [00000000]                   	PUSH	LC0
    42 00000037 E8 [00000000]                   	CALL	_api_putstr0
    43 0000003C 58                              	POP	EAX
    44 0000003D C9                              	LEAVE
    45 0000003E E9 [00000000]                   	JMP	_api_end
