     1 00000000                                 [FORMAT "WCOFF"]
     2 00000000                                 [INSTRSET "i486p"]
     3 00000000                                 [OPTIMIZE 1]
     4 00000000                                 [OPTION 1]
     5 00000000                                 [BITS 32]
     6 00000000                                 	EXTERN	_vsprintf
     7 00000000                                 	EXTERN	_api_putstr0
     8 00000000                                 	EXTERN	_api_initmalloc
     9 00000000                                 	EXTERN	_api_malloc
    10 00000000                                 	EXTERN	_api_openwin
    11 00000000                                 	EXTERN	_api_boxfilwin
    12 00000000                                 	EXTERN	_rand
    13 00000000                                 	EXTERN	_api_point
    14 00000000                                 	EXTERN	_api_getkey
    15 00000000                                 	EXTERN	_api_end
    16 00000000                                 [FILE "stars.ca"]
    17                                          [SECTION .text]
    18 00000000                                 	GLOBAL	_printf
    19 00000000                                 _printf:
    20 00000000 55                              	PUSH	EBP
    21 00000001 89 E5                           	MOV	EBP,ESP
    22 00000003 56                              	PUSH	ESI
    23 00000004 53                              	PUSH	EBX
    24 00000005 81 EC 000003F0                  	SUB	ESP,1008
    25 0000000B 8D 45 0C                        	LEA	EAX,DWORD [12+EBP]
    26 0000000E 8D 9D FFFFFC08                  	LEA	EBX,DWORD [-1016+EBP]
    27 00000014 50                              	PUSH	EAX
    28 00000015 FF 75 08                        	PUSH	DWORD [8+EBP]
    29 00000018 53                              	PUSH	EBX
    30 00000019 E8 [00000000]                   	CALL	_vsprintf
    31 0000001E 53                              	PUSH	EBX
    32 0000001F 89 C6                           	MOV	ESI,EAX
    33 00000021 E8 [00000000]                   	CALL	_api_putstr0
    34 00000026 8D 65 F8                        	LEA	ESP,DWORD [-8+EBP]
    35 00000029 89 F0                           	MOV	EAX,ESI
    36 0000002B 5B                              	POP	EBX
    37 0000002C 5E                              	POP	ESI
    38 0000002D 5D                              	POP	EBP
    39 0000002E C3                              	RET
    40                                          [SECTION .data]
    41 00000000                                 LC0:
    42 00000000 73 74 61 72 73 00               	DB	"stars",0x00
    43                                          [SECTION .text]
    44 0000002F                                 	GLOBAL	_CHNMain
    45 0000002F                                 _CHNMain:
    46 0000002F 55                              	PUSH	EBP
    47 00000030 89 E5                           	MOV	EBP,ESP
    48 00000032 57                              	PUSH	EDI
    49 00000033 56                              	PUSH	ESI
    50 00000034 BE 00000031                     	MOV	ESI,49
    51 00000039 53                              	PUSH	EBX
    52 0000003A E8 [00000000]                   	CALL	_api_initmalloc
    53 0000003F 68 00003A98                     	PUSH	15000
    54 00000044 E8 [00000000]                   	CALL	_api_malloc
    55 00000049 68 [00000000]                   	PUSH	LC0
    56 0000004E 6A FF                           	PUSH	-1
    57 00000050 6A 64                           	PUSH	100
    58 00000052 68 00000096                     	PUSH	150
    59 00000057 50                              	PUSH	EAX
    60 00000058 E8 [00000000]                   	CALL	_api_openwin
    61 0000005D 6A 00                           	PUSH	0
    62 0000005F 6A 5D                           	PUSH	93
    63 00000061 89 C7                           	MOV	EDI,EAX
    64 00000063 68 0000008F                     	PUSH	143
    65 00000068 6A 1A                           	PUSH	26
    66 0000006A 6A 06                           	PUSH	6
    67 0000006C 50                              	PUSH	EAX
    68 0000006D E8 [00000000]                   	CALL	_api_boxfilwin
    69 00000072 83 C4 30                        	ADD	ESP,48
    70 00000075                                 L7:
    71 00000075 E8 [00000000]                   	CALL	_rand
    72 0000007A BA 00000089                     	MOV	EDX,137
    73 0000007F 89 D1                           	MOV	ECX,EDX
    74 00000081 99                              	CDQ
    75 00000082 F7 F9                           	IDIV	ECX
    76 00000084 8D 5A 06                        	LEA	EBX,DWORD [6+EDX]
    77 00000087 E8 [00000000]                   	CALL	_rand
    78 0000008C BA 00000043                     	MOV	EDX,67
    79 00000091 6A 03                           	PUSH	3
    80 00000093 89 D1                           	MOV	ECX,EDX
    81 00000095 99                              	CDQ
    82 00000096 F7 F9                           	IDIV	ECX
    83 00000098 83 C2 1A                        	ADD	EDX,26
    84 0000009B 52                              	PUSH	EDX
    85 0000009C 53                              	PUSH	EBX
    86 0000009D 57                              	PUSH	EDI
    87 0000009E E8 [00000000]                   	CALL	_api_point
    88 000000A3 83 C4 10                        	ADD	ESP,16
    89 000000A6 4E                              	DEC	ESI
    90 000000A7 79 CC                           	JNS	L7
    91 000000A9                                 L8:
    92 000000A9 6A 01                           	PUSH	1
    93 000000AB E8 [00000000]                   	CALL	_api_getkey
    94 000000B0 5A                              	POP	EDX
    95 000000B1 83 F8 0A                        	CMP	EAX,10
    96 000000B4 75 F3                           	JNE	L8
    97 000000B6 8D 65 F4                        	LEA	ESP,DWORD [-12+EBP]
    98 000000B9 5B                              	POP	EBX
    99 000000BA 5E                              	POP	ESI
   100 000000BB 5F                              	POP	EDI
   101 000000BC 5D                              	POP	EBP
   102 000000BD E9 [00000000]                   	JMP	_api_end
